#
# A fatal error has been detected by the Java Runtime Environment:
#
#  SIGSEGV (0xb) at pc=0x00007f484384d371, pid=3974, tid=0x00007f484097a700
#
# JRE version: OpenJDK Runtime Environment (8.0_121-b13) (build 1.8.0_121-8u121-b13-0ubuntu1.16.04.2-b13)
# Java VM: OpenJDK 64-Bit Server VM (25.121-b13 mixed mode linux-amd64 compressed oops)
# Problematic frame:
# V  [libjvm.so+0x624371]
#
# Failed to write core dump. Core dumps have been disabled. To enable core dumping, try "ulimit -c unlimited" before starting Java again
#
# If you would like to submit a bug report, please visit:
#   http://bugreport.java.com/bugreport/crash.jsp
#

---------------  T H R E A D  ---------------

Current thread (0x00007f483c022800):  GCTaskThread [stack: 0x00007f484087a000,0x00007f484097b000] [id=3980]

siginfo: si_signo: 11 (SIGSEGV), si_code: 1 (SEGV_MAPERR), si_addr: 0x0000000000000008

Registers:
RAX=0x00007f484411f960, RBX=0x00007f483c0db560, RCX=0x0000000000000003, RDX=0x00007f48272b0000
RSP=0x00007f4840979b80, RBP=0x00007f4840979c20, RSI=0x0000000000000000, RDI=0x0000000709d07a50
R8 =0x00007f4844147220, R9 =0x0000000709d07a50, R10=0x0000000000000010, R11=0x0000000000040000
R12=0x000000074934b130, R13=0x0000000709d07a50, R14=0x000000074934b0a0, R15=0x000000074934b0b4
RIP=0x00007f484384d371, EFLAGS=0x0000000000010246, CSGSFS=0x0000000000000033, ERR=0x0000000000000004
  TRAPNO=0x000000000000000e

Top of Stack: (sp=0x00007f4840979b80)
0x00007f4840979b80:   00007f4840979c20 00007f4843ac4177
0x00007f4840979b90:   00007f4844147220 0000000000000020
0x00007f4840979ba0:   00007f483c0db5a0 0000000000000020
0x00007f4840979bb0:   00007f4844147220 000000000000000a
0x00007f4840979bc0:   00007f483c0db560 00007f483c0db5a0
0x00007f4840979bd0:   000000074934ae20 00000007c00029a0
0x00007f4840979be0:   00007f4844147220 c82af2c49788b400
0x00007f4840979bf0:   00007f483c04dc00 00007f4844143528
0x00007f4840979c00:   00000007556a9be0 0000000000000001
0x00007f4840979c10:   00007f483c0db560 00007f483c0db560
0x00007f4840979c20:   00007f4840979d20 00007f4843b3ab57
0x00007f4840979c30:   00007f483c0db5f0 00000007c00029a0
0x00007f4840979c40:   00007f483c0db5f0 00007f483c0db570
0x00007f4840979c50:   0000000000000000 00007f483c0db570
0x00007f4840979c60:   00007f4840979cd0 00007f4843b446e1
0x00007f4840979c70:   00007f484416f4ff 000000070a10acb8
0x00007f4840979c80:   00007f4840979d60 000000074934b0a0
0x00007f4840979c90:   0186b4180001424e c82af2c49788b400
0x00007f4840979ca0:   0186b42b000089e2 0000000000000c00
0x00007f4840979cb0:   0186b42c000089e2 0000000000000000
0x00007f4840979cc0:   00007f483c097700 00007f483c00a000
0x00007f4840979cd0:   00007f4840979d01 00007f4840979d01
0x00007f4840979ce0:   00007f483c174800 c82af2c49788b400
0x00007f4840979cf0:   00007f483c022e10 00007f483c022e00
0x00007f4840979d00:   00007f483c04dd80 00007f483c0db560
0x00007f4840979d10:   00007f483c022e10 00007f483c022dc0
0x00007f4840979d20:   00007f4840979e00 00007f4843b1f6bb
0x00007f4840979d30:   00007f4844087a80 00007f4840979d50
0x00007f4840979d40:   00000000000003d8 00007f483c0231e8
0x00007f4840979d50:   00007f4844087a80 0000000000000000
0x00007f4840979d60:   00007f483c0db560 00007f483c022800
0x00007f4840979d70:   00007f48440846d0 00007f4843a9dd00 

Instructions: (pc=0x00007f484384d371)
0x00007f484384d351:   8d 35 99 0f 47 00 bf 03 00 00 00 e8 7f 08 10 00
0x00007f484384d361:   eb b5 e8 f8 7c bc ff 31 db e9 d1 fe ff ff 90 55
0x00007f484384d371:   8b 4e 08 48 89 f2 48 89 e5 83 f9 00 7e 11 f6 c1
0x00007f484384d381:   01 75 0e 89 c8 c1 f8 03 5d c3 0f 1f 44 00 00 75 

Register to memory mapping:

RAX=0x00007f484411f960: <offset 0xef6960> in /usr/lib/jvm/java-8-openjdk-amd64/jre/lib/amd64/server/libjvm.so at 0x00007f4843229000
RBX=0x00007f483c0db560 is an unknown value
RCX=0x0000000000000003 is an unknown value
RDX=0x00007f48272b0000 is an unknown value
RSP=0x00007f4840979b80 is an unknown value
RBP=0x00007f4840979c20 is an unknown value
RSI=0x0000000000000000 is an unknown value
RDI=0x0000000709d07a50 is pointing into object: 0x0000000709d07a40
java.util.concurrent.ConcurrentHashMap$Node 
 - klass: 'java/util/concurrent/ConcurrentHashMap$Node'
R8 =0x00007f4844147220: <offset 0xf1e220> in /usr/lib/jvm/java-8-openjdk-amd64/jre/lib/amd64/server/libjvm.so at 0x00007f4843229000
R9 =0x0000000709d07a50 is pointing into object: 0x0000000709d07a40
java.util.concurrent.ConcurrentHashMap$Node 
 - klass: 'java/util/concurrent/ConcurrentHashMap$Node'
R10=0x0000000000000010 is an unknown value
R11=0x0000000000040000 is an unknown value
R12=0x000000074934b130 is an oop
[I 
 - klass: {type array int}
 - length: 32
R13=0x0000000709d07a50 is pointing into object: 0x0000000709d07a40
java.util.concurrent.ConcurrentHashMap$Node 
 - klass: 'java/util/concurrent/ConcurrentHashMap$Node'
R14=0x000000074934b0a0 is an oop
[Ljava.lang.Object; 
 - klass: 'java/lang/Object'[]
 - length: 32
R15=0x000000074934b0b4 is pointing into object: 0x000000074934b0a0
[Ljava.lang.Object; 
 - klass: 'java/lang/Object'[]
 - length: 32


Stack: [0x00007f484087a000,0x00007f484097b000],  sp=0x00007f4840979b80,  free space=1022k
Native frames: (J=compiled Java code, j=interpreted, Vv=VM code, C=native code)
V  [libjvm.so+0x624371]
V  [libjvm.so+0x911b57]
V  [libjvm.so+0x8f66bb]
V  [libjvm.so+0x5a50e2]
V  [libjvm.so+0x8b2042]


---------------  P R O C E S S  ---------------

Java Threads: ( => current thread )
  0x00007f483c198800 JavaThread "Service Thread" daemon [_thread_blocked, id=3989, stack(0x00007f4824ef3000,0x00007f4824ff4000)]
  0x00007f483c179000 JavaThread "C1 CompilerThread2" daemon [_thread_blocked, id=3988, stack(0x00007f4824ff4000,0x00007f48250f5000)]
  0x00007f483c177800 JavaThread "C2 CompilerThread1" daemon [_thread_blocked, id=3987, stack(0x00007f48250f5000,0x00007f48251f6000)]
  0x00007f483c174800 JavaThread "C2 CompilerThread0" daemon [_thread_blocked, id=3986, stack(0x00007f48251f6000,0x00007f48252f7000)]
  0x00007f483c172800 JavaThread "Signal Dispatcher" daemon [_thread_blocked, id=3985, stack(0x00007f48252f7000,0x00007f48253f8000)]
  0x00007f483c14a800 JavaThread "Finalizer" daemon [_thread_blocked, id=3984, stack(0x00007f48256d0000,0x00007f48257d1000)]
  0x00007f483c146000 JavaThread "Reference Handler" daemon [_thread_blocked, id=3983, stack(0x00007f48257d1000,0x00007f48258d2000)]
  0x00007f483c00a000 JavaThread "main" [_thread_blocked, id=3977, stack(0x00007f4844e7a000,0x00007f4844f7b000)]

Other Threads:
  0x00007f483c13e800 VMThread [stack: 0x00007f48258d2000,0x00007f48259d3000] [id=3982]
  0x00007f483c19b000 WatcherThread [stack: 0x00007f4824df2000,0x00007f4824ef3000] [id=3990]

=>0x00007f483c022800 (exited) GCTaskThread [stack: 0x00007f484087a000,0x00007f484097b000] [id=3980]

VM state:at safepoint (normal execution)

VM Mutex/Monitor currently owned by a thread:  ([mutex/lock_event])
[0x00007f483c006370] Threads_lock - owner thread: 0x00007f483c13e800
[0x00007f483c006870] Heap_lock - owner thread: 0x00007f483c00a000

Heap:
 PSYoungGen      total 425472K, used 86015K [0x0000000781d00000, 0x00000007b1080000, 0x00000007c0000000)
  eden space 86016K, 99% used [0x0000000781d00000,0x00000007870ffff8,0x0000000787100000)
  from space 339456K, 0% used [0x0000000787100000,0x0000000787100000,0x000000079bc80000)
  to   space 338944K, 0% used [0x000000079c580000,0x000000079c580000,0x00000007b1080000)
 ParOldGen       total 2038784K, used 2038697K [0x0000000705600000, 0x0000000781d00000, 0x0000000781d00000)
  object space 2038784K, 99% used [0x0000000705600000,0x0000000781cea770,0x0000000781d00000)
 Metaspace       used 9057K, capacity 9252K, committed 9344K, reserved 1056768K
  class space    used 1317K, capacity 1356K, committed 1408K, reserved 1048576K

Card table byte_map: [0x00007f4840f61000,0x00007f4841537000] byte_map_base: 0x00007f483d736000

Marking Bits: (ParMarkBitMap*) 0x00007f4844147220
 Begin Bits: [0x00007f48272b0000, 0x00007f482a158000)
 End Bits:   [0x00007f482a158000, 0x00007f482d000000)

Polling page: 0x00007f4844f99000

CodeCache: size=245760Kb used=4693Kb max_used=4704Kb free=241066Kb
 bounds [0x00007f482d000000, 0x00007f482d4b0000, 0x00007f483c000000]
 total_blobs=1775 nmethods=1489 adapters=199
 compilation: enabled

Compilation events (10 events):
Event: 6.235 Thread 0x00007f483c174800 nmethod 1480 0x00007f482d48bbd0 code [0x00007f482d48c100, 0x00007f482d48e9f0]
Event: 6.235 Thread 0x00007f483c174800 1485       4       org.mockito.internal.stubbing.defaultanswers.GloballyConfiguredAnswer::answer (17 bytes)
Event: 6.277 Thread 0x00007f483c174800 nmethod 1485 0x00007f482d47d390 code [0x00007f482d47d5c0, 0x00007f482d47dba0]
Event: 6.326 Thread 0x00007f483c177800 nmethod 1478 0x00007f482d497fd0 code [0x00007f482d4985e0, 0x00007f482d49c550]
Event: 6.391 Thread 0x00007f483c179000 1492 %     3       university.CSC380.assignment2.Utility::getFile @ 86 (146 bytes)
Event: 6.393 Thread 0x00007f483c179000 nmethod 1492% 0x00007f482d475490 code [0x00007f482d475780, 0x00007f482d476ee8]
Event: 6.393 Thread 0x00007f483c179000 1493       3       university.CSC380.assignment2.Utility::getFile (146 bytes)
Event: 6.394 Thread 0x00007f483c179000 nmethod 1493 0x00007f482d489890 code [0x00007f482d489b80, 0x00007f482d48b188]
Event: 11.743 Thread 0x00007f483c174800 1494 %     4       university.CSC380.assignment2.Utility::getFile @ 86 (146 bytes)
Event: 11.747 Thread 0x00007f483c174800 nmethod 1494% 0x00007f482d47cd90 code [0x00007f482d47cf00, 0x00007f482d47d1b8]

GC Heap History (10 events):
Event: 1758.795 GC heap after
Heap after GC invocations=218 (full 179):
 PSYoungGen      total 425472K, used 86015K [0x0000000781d00000, 0x00000007b1080000, 0x00000007c0000000)
  eden space 86016K, 99% used [0x0000000781d00000,0x00000007870ffff8,0x0000000787100000)
  from space 339456K, 0% used [0x0000000787100000,0x0000000787100000,0x000000079bc80000)
  to   space 338944K, 0% used [0x000000079c580000,0x000000079c580000,0x00000007b1080000)
 ParOldGen       total 2038784K, used 2038684K [0x0000000705600000, 0x0000000781d00000, 0x0000000781d00000)
  object space 2038784K, 99% used [0x0000000705600000,0x0000000781ce7288,0x0000000781d00000)
 Metaspace       used 9057K, capacity 9252K, committed 9344K, reserved 1056768K
  class space    used 1317K, capacity 1356K, committed 1408K, reserved 1048576K
}
Event: 1758.796 GC heap before
{Heap before GC invocations=219 (full 180):
 PSYoungGen      total 425472K, used 86015K [0x0000000781d00000, 0x00000007b1080000, 0x00000007c0000000)
  eden space 86016K, 99% used [0x0000000781d00000,0x00000007870ffff8,0x0000000787100000)
  from space 339456K, 0% used [0x0000000787100000,0x0000000787100000,0x000000079bc80000)
  to   space 338944K, 0% used [0x000000079c580000,0x000000079c580000,0x00000007b1080000)
 ParOldGen       total 2038784K, used 2038687K [0x0000000705600000, 0x0000000781d00000, 0x0000000781d00000)
  object space 2038784K, 99% used [0x0000000705600000,0x0000000781ce7e20,0x0000000781d00000)
 Metaspace       used 9057K, capacity 9252K, committed 9344K, reserved 1056768K
  class space    used 1317K, capacity 1356K, committed 1408K, reserved 1048576K
Event: 1770.390 GC heap after
Heap after GC invocations=219 (full 180):
 PSYoungGen      total 425472K, used 86015K [0x0000000781d00000, 0x00000007b1080000, 0x00000007c0000000)
  eden space 86016K, 99% used [0x0000000781d00000,0x00000007870ffff8,0x0000000787100000)
  from space 339456K, 0% used [0x0000000787100000,0x0000000787100000,0x000000079bc80000)
  to   space 338944K, 0% used [0x000000079c580000,0x000000079c580000,0x00000007b1080000)
 ParOldGen       total 2038784K, used 2038686K [0x0000000705600000, 0x0000000781d00000, 0x0000000781d00000)
  object space 2038784K, 99% used [0x0000000705600000,0x0000000781ce7b68,0x0000000781d00000)
 Metaspace       used 9057K, capacity 9252K, committed 9344K, reserved 1056768K
  class space    used 1317K, capacity 1356K, committed 1408K, reserved 1048576K
}
Event: 1770.390 GC heap before
{Heap before GC invocations=220 (full 181):
 PSYoungGen      total 425472K, used 86015K [0x0000000781d00000, 0x00000007b1080000, 0x00000007c0000000)
  eden space 86016K, 99% used [0x0000000781d00000,0x00000007870ffff8,0x0000000787100000)
  from space 339456K, 0% used [0x0000000787100000,0x0000000787100000,0x000000079bc80000)
  to   space 338944K, 0% used [0x000000079c580000,0x000000079c580000,0x00000007b1080000)
 ParOldGen       total 2038784K, used 2038690K [0x0000000705600000, 0x0000000781d00000, 0x0000000781d00000)
  object space 2038784K, 99% used [0x0000000705600000,0x0000000781ce8838,0x0000000781d00000)
 Metaspace       used 9057K, capacity 9252K, committed 9344K, reserved 1056768K
  class space    used 1317K, capacity 1356K, committed 1408K, reserved 1048576K
Event: 1774.706 GC heap after
Heap after GC invocations=220 (full 181):
 PSYoungGen      total 425472K, used 86015K [0x0000000781d00000, 0x00000007b1080000, 0x00000007c0000000)
  eden space 86016K, 99% used [0x0000000781d00000,0x00000007870ffff8,0x0000000787100000)
  from space 339456K, 0% used [0x0000000787100000,0x0000000787100000,0x000000079bc80000)
  to   space 338944K, 0% used [0x000000079c580000,0x000000079c580000,0x00000007b1080000)
 ParOldGen       total 2038784K, used 2038689K [0x0000000705600000, 0x0000000781d00000, 0x0000000781d00000)
  object space 2038784K, 99% used [0x0000000705600000,0x0000000781ce86b8,0x0000000781d00000)
 Metaspace       used 9057K, capacity 9252K, committed 9344K, reserved 1056768K
  class space    used 1317K, capacity 1356K, committed 1408K, reserved 1048576K
}
Event: 1774.706 GC heap before
{Heap before GC invocations=221 (full 182):
 PSYoungGen      total 425472K, used 86015K [0x0000000781d00000, 0x00000007b1080000, 0x00000007c0000000)
  eden space 86016K, 99% used [0x0000000781d00000,0x00000007870ffff8,0x0000000787100000)
  from space 339456K, 0% used [0x0000000787100000,0x0000000787100000,0x000000079bc80000)
  to   space 338944K, 0% used [0x000000079c580000,0x000000079c580000,0x00000007b1080000)
 ParOldGen       total 2038784K, used 2038693K [0x0000000705600000, 0x0000000781d00000, 0x0000000781d00000)
  object space 2038784K, 99% used [0x0000000705600000,0x0000000781ce9408,0x0000000781d00000)
 Metaspace       used 9057K, capacity 9252K, committed 9344K, reserved 1056768K
  class space    used 1317K, capacity 1356K, committed 1408K, reserved 1048576K
Event: 1778.781 GC heap after
Heap after GC invocations=221 (full 182):
 PSYoungGen      total 425472K, used 86015K [0x0000000781d00000, 0x00000007b1080000, 0x00000007c0000000)
  eden space 86016K, 99% used [0x0000000781d00000,0x00000007870ffff8,0x0000000787100000)
  from space 339456K, 0% used [0x0000000787100000,0x0000000787100000,0x000000079bc80000)
  to   space 338944K, 0% used [0x000000079c580000,0x000000079c580000,0x00000007b1080000)
 ParOldGen       total 2038784K, used 2038692K [0x0000000705600000, 0x0000000781d00000, 0x0000000781d00000)
  object space 2038784K, 99% used [0x0000000705600000,0x0000000781ce9268,0x0000000781d00000)
 Metaspace       used 9057K, capacity 9252K, committed 9344K, reserved 1056768K
  class space    used 1317K, capacity 1356K, committed 1408K, reserved 1048576K
}
Event: 1778.782 GC heap before
{Heap before GC invocations=222 (full 183):
 PSYoungGen      total 425472K, used 86015K [0x0000000781d00000, 0x00000007b1080000, 0x00000007c0000000)
  eden space 86016K, 99% used [0x0000000781d00000,0x00000007870ffff8,0x0000000787100000)
  from space 339456K, 0% used [0x0000000787100000,0x0000000787100000,0x000000079bc80000)
  to   space 338944K, 0% used [0x000000079c580000,0x000000079c580000,0x00000007b1080000)
 ParOldGen       total 2038784K, used 2038695K [0x0000000705600000, 0x0000000781d00000, 0x0000000781d00000)
  object space 2038784K, 99% used [0x0000000705600000,0x0000000781ce9de8,0x0000000781d00000)
 Metaspace       used 9057K, capacity 9252K, committed 9344K, reserved 1056768K
  class space    used 1317K, capacity 1356K, committed 1408K, reserved 1048576K
Event: 1783.162 GC heap after
Heap after GC invocations=222 (full 183):
 PSYoungGen      total 425472K, used 86015K [0x0000000781d00000, 0x00000007b1080000, 0x00000007c0000000)
  eden space 86016K, 99% used [0x0000000781d00000,0x00000007870ffff8,0x0000000787100000)
  from space 339456K, 0% used [0x0000000787100000,0x0000000787100000,0x000000079bc80000)
  to   space 338944K, 0% used [0x000000079c580000,0x000000079c580000,0x00000007b1080000)
 ParOldGen       total 2038784K, used 2038694K [0x0000000705600000, 0x0000000781d00000, 0x0000000781d00000)
  object space 2038784K, 99% used [0x0000000705600000,0x0000000781ce9bc8,0x0000000781d00000)
 Metaspace       used 9057K, capacity 9252K, committed 9344K, reserved 1056768K
  class space    used 1317K, capacity 1356K, committed 1408K, reserved 1048576K
}
Event: 1783.163 GC heap before
{Heap before GC invocations=223 (full 184):
 PSYoungGen      total 425472K, used 86015K [0x0000000781d00000, 0x00000007b1080000, 0x00000007c0000000)
  eden space 86016K, 99% used [0x0000000781d00000,0x00000007870ffff8,0x0000000787100000)
  from space 339456K, 0% used [0x0000000787100000,0x0000000787100000,0x000000079bc80000)
  to   space 338944K, 0% used [0x000000079c580000,0x000000079c580000,0x00000007b1080000)
 ParOldGen       total 2038784K, used 2038697K [0x0000000705600000, 0x0000000781d00000, 0x0000000781d00000)
  object space 2038784K, 99% used [0x0000000705600000,0x0000000781cea770,0x0000000781d00000)
 Metaspace       used 9057K, capacity 9252K, committed 9344K, reserved 1056768K
  class space    used 1317K, capacity 1356K, committed 1408K, reserved 1048576K

Deoptimization events (10 events):
Event: 3.857 Thread 0x00007f483c00a000 Uncommon trap: reason=bimorphic action=maybe_recompile pc=0x00007f482d2b85c0 method=net.bytebuddy.description.type.TypeDescription$AbstractBase.hashCode()I @ 1
Event: 3.857 Thread 0x00007f483c00a000 Uncommon trap: reason=bimorphic action=maybe_recompile pc=0x00007f482d2b85c0 method=net.bytebuddy.description.type.TypeDescription$AbstractBase.hashCode()I @ 1
Event: 3.857 Thread 0x00007f483c00a000 Uncommon trap: reason=bimorphic action=maybe_recompile pc=0x00007f482d2b85c0 method=net.bytebuddy.description.type.TypeDescription$AbstractBase.hashCode()I @ 1
Event: 4.351 Thread 0x00007f483c00a000 Uncommon trap: reason=bimorphic action=maybe_recompile pc=0x00007f482d39f77c method=net.bytebuddy.description.type.TypeDescription$Generic$Visitor$Substitutor.onNonGenericType(Lnet/bytebuddy/description/type/TypeDescription$Generic;)Lnet/bytebuddy/descrip
Event: 4.351 Thread 0x00007f483c00a000 Uncommon trap: reason=bimorphic action=maybe_recompile pc=0x00007f482d39f77c method=net.bytebuddy.description.type.TypeDescription$Generic$Visitor$Substitutor.onNonGenericType(Lnet/bytebuddy/description/type/TypeDescription$Generic;)Lnet/bytebuddy/descrip
Event: 4.374 Thread 0x00007f483c00a000 Uncommon trap: reason=unstable_if action=reinterpret pc=0x00007f482d3f6c28 method=net.bytebuddy.jar.asm.Type.a(Ljava/lang/StringBuffer;Ljava/lang/Class;)V @ 52
Event: 4.428 Thread 0x00007f483c00a000 Uncommon trap: reason=bimorphic action=maybe_recompile pc=0x00007f482d38225c method=net.bytebuddy.description.type.TypeDescription$Generic$OfNonGenericType.isArray()Z @ 4
Event: 4.428 Thread 0x00007f483c00a000 Uncommon trap: reason=bimorphic action=maybe_recompile pc=0x00007f482d38225c method=net.bytebuddy.description.type.TypeDescription$Generic$OfNonGenericType.isArray()Z @ 4
Event: 4.623 Thread 0x00007f483c00a000 Uncommon trap: reason=unstable_if action=reinterpret pc=0x00007f482d42b90c method=java.io.File.exists()Z @ 34
Event: 4.636 Thread 0x00007f483c00a000 Uncommon trap: reason=class_check action=maybe_recompile pc=0x00007f482d403bb4 method=java.util.LinkedHashMap.afterNodeInsertion(Z)V @ 15

Internal exceptions (10 events):
Event: 0.103 Thread 0x00007f483c00a000 Exception <a 'java/lang/NoSuchMethodError': Method sun.misc.Unsafe.defineClass(Ljava/lang/String;[BII)Ljava/lang/Class; name or signature does not match> (0x0000000781d07ca8) thrown at [/build/openjdk-8-YiEakL/openjdk-8-8u121-b13/src/hotspot/src/share/vm/
Event: 0.103 Thread 0x00007f483c00a000 Exception <a 'java/lang/NoSuchMethodError': Method sun.misc.Unsafe.prefetchRead(Ljava/lang/Object;J)V name or signature does not match> (0x0000000781d07f90) thrown at [/build/openjdk-8-YiEakL/openjdk-8-8u121-b13/src/hotspot/src/share/vm/prims/jni.cpp, lin
Event: 1.121 Thread 0x00007f483c00a000 Exception <a 'java/security/PrivilegedActionException'> (0x000000078239e238) thrown at [/build/openjdk-8-YiEakL/openjdk-8-8u121-b13/src/hotspot/src/share/vm/prims/jvm.cpp, line 1390]
Event: 1.121 Thread 0x00007f483c00a000 Exception <a 'java/security/PrivilegedActionException'> (0x000000078239e630) thrown at [/build/openjdk-8-YiEakL/openjdk-8-8u121-b13/src/hotspot/src/share/vm/prims/jvm.cpp, line 1390]
Event: 1.122 Thread 0x00007f483c00a000 Exception <a 'java/security/PrivilegedActionException'> (0x00000007823a0a88) thrown at [/build/openjdk-8-YiEakL/openjdk-8-8u121-b13/src/hotspot/src/share/vm/prims/jvm.cpp, line 1390]
Event: 1.122 Thread 0x00007f483c00a000 Exception <a 'java/security/PrivilegedActionException'> (0x00000007823a0e80) thrown at [/build/openjdk-8-YiEakL/openjdk-8-8u121-b13/src/hotspot/src/share/vm/prims/jvm.cpp, line 1390]
Event: 1.122 Thread 0x00007f483c00a000 Exception <a 'java/security/PrivilegedActionException'> (0x00000007823a1d28) thrown at [/build/openjdk-8-YiEakL/openjdk-8-8u121-b13/src/hotspot/src/share/vm/prims/jvm.cpp, line 1390]
Event: 1.122 Thread 0x00007f483c00a000 Exception <a 'java/security/PrivilegedActionException'> (0x00000007823a2120) thrown at [/build/openjdk-8-YiEakL/openjdk-8-8u121-b13/src/hotspot/src/share/vm/prims/jvm.cpp, line 1390]
Event: 2.308 Thread 0x00007f483c00a000 Exception <a 'java/lang/ArrayIndexOutOfBoundsException': 18> (0x000000078350b6a0) thrown at [/build/openjdk-8-YiEakL/openjdk-8-8u121-b13/src/hotspot/src/share/vm/interpreter/interpreterRuntime.cpp, line 366]
Event: 2.344 Thread 0x00007f483c00a000 Exception <a 'java/lang/ArrayIndexOutOfBoundsException': 22> (0x000000078358c5b8) thrown at [/build/openjdk-8-YiEakL/openjdk-8-8u121-b13/src/hotspot/src/share/vm/interpreter/interpreterRuntime.cpp, line 366]

Events (10 events):
Event: 1758.795 Executing VM operation: ParallelGCFailedAllocation done
Event: 1758.796 Executing VM operation: ParallelGCFailedAllocation
Event: 1770.390 Executing VM operation: ParallelGCFailedAllocation done
Event: 1770.390 Executing VM operation: ParallelGCFailedAllocation
Event: 1774.706 Executing VM operation: ParallelGCFailedAllocation done
Event: 1774.706 Executing VM operation: ParallelGCFailedAllocation
Event: 1778.781 Executing VM operation: ParallelGCFailedAllocation done
Event: 1778.782 Executing VM operation: ParallelGCFailedAllocation
Event: 1783.162 Executing VM operation: ParallelGCFailedAllocation done
Event: 1783.162 Executing VM operation: ParallelGCFailedAllocation


Dynamic libraries:
00400000-00401000 r-xp 00000000 08:06 662454                             /usr/lib/jvm/java-8-openjdk-amd64/jre/bin/java
00600000-00601000 r--p 00000000 08:06 662454                             /usr/lib/jvm/java-8-openjdk-amd64/jre/bin/java
00601000-00602000 rw-p 00001000 08:06 662454                             /usr/lib/jvm/java-8-openjdk-amd64/jre/bin/java
010c3000-010e4000 rw-p 00000000 00:00 0                                  [heap]
705600000-781d00000 rw-p 00000000 00:00 0 
781d00000-7b1080000 rw-p 00000000 00:00 0 
7b1080000-7c0000000 ---p 00000000 00:00 0 
7c0000000-7c0160000 rw-p 00000000 00:00 0 
7c0160000-800000000 ---p 00000000 00:00 0 
7f47f0000000-7f47f0021000 rw-p 00000000 00:00 0 
7f47f0021000-7f47f4000000 ---p 00000000 00:00 0 
7f47f4000000-7f47f4021000 rw-p 00000000 00:00 0 
7f47f4021000-7f47f8000000 ---p 00000000 00:00 0 
7f47f8000000-7f47f8342000 rw-p 00000000 00:00 0 
7f47f8342000-7f47fc000000 ---p 00000000 00:00 0 
7f47fc000000-7f47fc42f000 rw-p 00000000 00:00 0 
7f47fc42f000-7f4800000000 ---p 00000000 00:00 0 
7f4800000000-7f4800021000 rw-p 00000000 00:00 0 
7f4800021000-7f4804000000 ---p 00000000 00:00 0 
7f4804000000-7f480461b000 rw-p 00000000 00:00 0 
7f480461b000-7f4808000000 ---p 00000000 00:00 0 
7f4808000000-7f4808021000 rw-p 00000000 00:00 0 
7f4808021000-7f480c000000 ---p 00000000 00:00 0 
7f480c000000-7f480c021000 rw-p 00000000 00:00 0 
7f480c021000-7f4810000000 ---p 00000000 00:00 0 
7f4810000000-7f4810021000 rw-p 00000000 00:00 0 
7f4810021000-7f4814000000 ---p 00000000 00:00 0 
7f4814000000-7f4814021000 rw-p 00000000 00:00 0 
7f4814021000-7f4818000000 ---p 00000000 00:00 0 
7f4818000000-7f4818021000 rw-p 00000000 00:00 0 
7f4818021000-7f481c000000 ---p 00000000 00:00 0 
7f481c000000-7f481c021000 rw-p 00000000 00:00 0 
7f481c021000-7f4820000000 ---p 00000000 00:00 0 
7f4820000000-7f4820021000 rw-p 00000000 00:00 0 
7f4820021000-7f4824000000 ---p 00000000 00:00 0 
7f4824df2000-7f4824df3000 ---p 00000000 00:00 0 
7f4824df3000-7f4824ef3000 rw-p 00000000 00:00 0 
7f4824ef3000-7f4824ef6000 ---p 00000000 00:00 0 
7f4824ef6000-7f4824ff4000 rw-p 00000000 00:00 0 
7f4824ff4000-7f4824ff7000 ---p 00000000 00:00 0 
7f4824ff7000-7f48250f5000 rw-p 00000000 00:00 0 
7f48250f5000-7f48250f8000 ---p 00000000 00:00 0 
7f48250f8000-7f48251f6000 rw-p 00000000 00:00 0 
7f48251f6000-7f48251f9000 ---p 00000000 00:00 0 
7f48251f9000-7f48252f7000 rw-p 00000000 00:00 0 
7f48252f7000-7f48252fa000 ---p 00000000 00:00 0 
7f48252fa000-7f48253f8000 rw-p 00000000 00:00 0 
7f48253f8000-7f48256d0000 r--p 00000000 08:06 394133                     /usr/lib/locale/locale-archive
7f48256d0000-7f48256d3000 ---p 00000000 00:00 0 
7f48256d3000-7f48257d1000 rw-p 00000000 00:00 0 
7f48257d1000-7f48257d4000 ---p 00000000 00:00 0 
7f48257d4000-7f48258d2000 rw-p 00000000 00:00 0 
7f48258d2000-7f48258d3000 ---p 00000000 00:00 0 
7f48258d3000-7f48268e2000 rw-p 00000000 00:00 0 
7f48268e2000-7f4826ab0000 r--s 03c06000 08:06 526923                     /usr/lib/jvm/java-8-openjdk-amd64/jre/lib/rt.jar
7f4826ab0000-7f4827270000 rw-p 00000000 00:00 0 
7f4827270000-7f48272b0000 ---p 00000000 00:00 0 
7f48272b0000-7f482d000000 rw-p 00000000 00:00 0 
7f482d000000-7f482d4b0000 rwxp 00000000 00:00 0 
7f482d4b0000-7f483c000000 ---p 00000000 00:00 0 
7f483c000000-7f483c4a3000 rw-p 00000000 00:00 0 
7f483c4a3000-7f4840000000 ---p 00000000 00:00 0 
7f4840081000-7f4840083000 r--s 00007000 08:06 7078170                    /home/bill/.m2/repository/org/apache/maven/surefire/surefire-junit4/2.10/surefire-junit4-2.10.jar
7f4840083000-7f4840085000 r--s 0000b000 08:06 7349854                    /home/bill/.m2/repository/org/objenesis/objenesis/2.4/objenesis-2.4.jar
7f4840085000-7f4840087000 r--s 00006000 08:06 7349855                    /home/bill/.m2/repository/net/bytebuddy/byte-buddy-agent/1.6.2/byte-buddy-agent-1.6.2.jar
7f4840087000-7f48400c1000 r--s 00262000 08:06 7349856                    /home/bill/.m2/repository/net/bytebuddy/byte-buddy/1.6.2/byte-buddy-1.6.2.jar
7f48400c1000-7f48400d0000 r--s 00072000 08:06 7349853                    /home/bill/.m2/repository/org/mockito/mockito-core/2.6.2/mockito-core-2.6.2.jar
7f48400d0000-7f48400d3000 r--s 00012000 08:06 7078451                    /home/bill/.m2/repository/org/glassfish/javax.json/1.0.4/javax.json-1.0.4.jar
7f48400d3000-7f48400d4000 r--s 00004000 08:06 6947891                    /home/bill/.m2/repository/javax/json/javax.json-api/1.0/javax.json-api-1.0.jar
7f48400d4000-7f48400dc000 r--s 00045000 08:06 6817998                    /home/bill/.m2/repository/junit/junit/4.12/junit-4.12.jar
7f48400dc000-7f48400e1000 r--s 00023000 08:06 6948662                    /home/bill/.m2/repository/org/apache/maven/surefire/surefire-api/2.10/surefire-api-2.10.jar
7f48400e1000-7f4840779000 rw-p 00000000 00:00 0 
7f4840779000-7f484077a000 ---p 00000000 00:00 0 
7f484077a000-7f484087a000 rw-p 00000000 00:00 0 
7f484087a000-7f484087b000 ---p 00000000 00:00 0 
7f484087b000-7f484097b000 rw-p 00000000 00:00 0 
7f484097b000-7f484097c000 ---p 00000000 00:00 0 
7f484097c000-7f4840a7c000 rw-p 00000000 00:00 0 
7f4840a7c000-7f4840a7d000 ---p 00000000 00:00 0 
7f4840a7d000-7f4840f61000 rw-p 00000000 00:00 0 
7f4840f61000-7f4841344000 rw-p 00000000 00:00 0 
7f4841344000-7f48414bf000 rw-p 00000000 00:00 0 
7f48414bf000-7f4841536000 ---p 00000000 00:00 0 
7f4841536000-7f484154a000 rw-p 00000000 00:00 0 
7f484154a000-7f48418f7000 ---p 00000000 00:00 0 
7f48418f7000-7f48418ff000 r-xp 00000000 08:06 662403                     /usr/lib/jvm/java-8-openjdk-amd64/jre/lib/amd64/libzip.so
7f48418ff000-7f4841afe000 ---p 00008000 08:06 662403                     /usr/lib/jvm/java-8-openjdk-amd64/jre/lib/amd64/libzip.so
7f4841afe000-7f4841aff000 r--p 00007000 08:06 662403                     /usr/lib/jvm/java-8-openjdk-amd64/jre/lib/amd64/libzip.so
7f4841aff000-7f4841b00000 rw-p 00008000 08:06 662403                     /usr/lib/jvm/java-8-openjdk-amd64/jre/lib/amd64/libzip.so
7f4841b00000-7f4841b0b000 r-xp 00000000 08:06 2889670                    /lib/x86_64-linux-gnu/libnss_files-2.23.so
7f4841b0b000-7f4841d0a000 ---p 0000b000 08:06 2889670                    /lib/x86_64-linux-gnu/libnss_files-2.23.so
7f4841d0a000-7f4841d0b000 r--p 0000a000 08:06 2889670                    /lib/x86_64-linux-gnu/libnss_files-2.23.so
7f4841d0b000-7f4841d0c000 rw-p 0000b000 08:06 2889670                    /lib/x86_64-linux-gnu/libnss_files-2.23.so
7f4841d0c000-7f4841d12000 rw-p 00000000 00:00 0 
7f4841d12000-7f4841d1d000 r-xp 00000000 08:06 2889655                    /lib/x86_64-linux-gnu/libnss_nis-2.23.so
7f4841d1d000-7f4841f1c000 ---p 0000b000 08:06 2889655                    /lib/x86_64-linux-gnu/libnss_nis-2.23.so
7f4841f1c000-7f4841f1d000 r--p 0000a000 08:06 2889655                    /lib/x86_64-linux-gnu/libnss_nis-2.23.so
7f4841f1d000-7f4841f1e000 rw-p 0000b000 08:06 2889655                    /lib/x86_64-linux-gnu/libnss_nis-2.23.so
7f4841f1e000-7f4841f34000 r-xp 00000000 08:06 2889666                    /lib/x86_64-linux-gnu/libnsl-2.23.so
7f4841f34000-7f4842133000 ---p 00016000 08:06 2889666                    /lib/x86_64-linux-gnu/libnsl-2.23.so
7f4842133000-7f4842134000 r--p 00015000 08:06 2889666                    /lib/x86_64-linux-gnu/libnsl-2.23.so
7f4842134000-7f4842135000 rw-p 00016000 08:06 2889666                    /lib/x86_64-linux-gnu/libnsl-2.23.so
7f4842135000-7f4842137000 rw-p 00000000 00:00 0 
7f4842137000-7f484213f000 r-xp 00000000 08:06 2889667                    /lib/x86_64-linux-gnu/libnss_compat-2.23.so
7f484213f000-7f484233e000 ---p 00008000 08:06 2889667                    /lib/x86_64-linux-gnu/libnss_compat-2.23.so
7f484233e000-7f484233f000 r--p 00007000 08:06 2889667                    /lib/x86_64-linux-gnu/libnss_compat-2.23.so
7f484233f000-7f4842340000 rw-p 00008000 08:06 2889667                    /lib/x86_64-linux-gnu/libnss_compat-2.23.so
7f4842340000-7f484236d000 r-xp 00000000 08:06 662430                     /usr/lib/jvm/java-8-openjdk-amd64/jre/lib/amd64/libjava.so
7f484236d000-7f484256c000 ---p 0002d000 08:06 662430                     /usr/lib/jvm/java-8-openjdk-amd64/jre/lib/amd64/libjava.so
7f484256c000-7f484256d000 r--p 0002c000 08:06 662430                     /usr/lib/jvm/java-8-openjdk-amd64/jre/lib/amd64/libjava.so
7f484256d000-7f484256f000 rw-p 0002d000 08:06 662430                     /usr/lib/jvm/java-8-openjdk-amd64/jre/lib/amd64/libjava.so
7f484256f000-7f484257e000 r-xp 00000000 08:06 662396                     /usr/lib/jvm/java-8-openjdk-amd64/jre/lib/amd64/libverify.so
7f484257e000-7f484277d000 ---p 0000f000 08:06 662396                     /usr/lib/jvm/java-8-openjdk-amd64/jre/lib/amd64/libverify.so
7f484277d000-7f484277f000 r--p 0000e000 08:06 662396                     /usr/lib/jvm/java-8-openjdk-amd64/jre/lib/amd64/libverify.so
7f484277f000-7f4842780000 rw-p 00010000 08:06 662396                     /usr/lib/jvm/java-8-openjdk-amd64/jre/lib/amd64/libverify.so
7f4842780000-7f4842787000 r-xp 00000000 08:06 2889654                    /lib/x86_64-linux-gnu/librt-2.23.so
7f4842787000-7f4842986000 ---p 00007000 08:06 2889654                    /lib/x86_64-linux-gnu/librt-2.23.so
7f4842986000-7f4842987000 r--p 00006000 08:06 2889654                    /lib/x86_64-linux-gnu/librt-2.23.so
7f4842987000-7f4842988000 rw-p 00007000 08:06 2889654                    /lib/x86_64-linux-gnu/librt-2.23.so
7f4842988000-7f484299e000 r-xp 00000000 08:06 2888178                    /lib/x86_64-linux-gnu/libgcc_s.so.1
7f484299e000-7f4842b9d000 ---p 00016000 08:06 2888178                    /lib/x86_64-linux-gnu/libgcc_s.so.1
7f4842b9d000-7f4842b9e000 rw-p 00015000 08:06 2888178                    /lib/x86_64-linux-gnu/libgcc_s.so.1
7f4842b9e000-7f4842ca6000 r-xp 00000000 08:06 2889664                    /lib/x86_64-linux-gnu/libm-2.23.so
7f4842ca6000-7f4842ea5000 ---p 00108000 08:06 2889664                    /lib/x86_64-linux-gnu/libm-2.23.so
7f4842ea5000-7f4842ea6000 r--p 00107000 08:06 2889664                    /lib/x86_64-linux-gnu/libm-2.23.so
7f4842ea6000-7f4842ea7000 rw-p 00108000 08:06 2889664                    /lib/x86_64-linux-gnu/libm-2.23.so
7f4842ea7000-7f4843019000 r-xp 00000000 08:06 395394                     /usr/lib/x86_64-linux-gnu/libstdc++.so.6.0.21
7f4843019000-7f4843219000 ---p 00172000 08:06 395394                     /usr/lib/x86_64-linux-gnu/libstdc++.so.6.0.21
7f4843219000-7f4843223000 r--p 00172000 08:06 395394                     /usr/lib/x86_64-linux-gnu/libstdc++.so.6.0.21
7f4843223000-7f4843225000 rw-p 0017c000 08:06 395394                     /usr/lib/x86_64-linux-gnu/libstdc++.so.6.0.21
7f4843225000-7f4843229000 rw-p 00000000 00:00 0 
7f4843229000-7f4843e79000 r-xp 00000000 08:06 662425                     /usr/lib/jvm/java-8-openjdk-amd64/jre/lib/amd64/server/libjvm.so
7f4843e79000-7f4844078000 ---p 00c50000 08:06 662425                     /usr/lib/jvm/java-8-openjdk-amd64/jre/lib/amd64/server/libjvm.so
7f4844078000-7f484410b000 r--p 00c4f000 08:06 662425                     /usr/lib/jvm/java-8-openjdk-amd64/jre/lib/amd64/server/libjvm.so
7f484410b000-7f4844134000 rw-p 00ce2000 08:06 662425                     /usr/lib/jvm/java-8-openjdk-amd64/jre/lib/amd64/server/libjvm.so
7f4844134000-7f4844164000 rw-p 00000000 00:00 0 
7f4844164000-7f484417c000 r-xp 00000000 08:06 2889665                    /lib/x86_64-linux-gnu/libpthread-2.23.so
7f484417c000-7f484437b000 ---p 00018000 08:06 2889665                    /lib/x86_64-linux-gnu/libpthread-2.23.so
7f484437b000-7f484437c000 r--p 00017000 08:06 2889665                    /lib/x86_64-linux-gnu/libpthread-2.23.so
7f484437c000-7f484437d000 rw-p 00018000 08:06 2889665                    /lib/x86_64-linux-gnu/libpthread-2.23.so
7f484437d000-7f4844381000 rw-p 00000000 00:00 0 
7f4844381000-7f4844384000 r-xp 00000000 08:06 2889658                    /lib/x86_64-linux-gnu/libdl-2.23.so
7f4844384000-7f4844583000 ---p 00003000 08:06 2889658                    /lib/x86_64-linux-gnu/libdl-2.23.so
7f4844583000-7f4844584000 r--p 00002000 08:06 2889658                    /lib/x86_64-linux-gnu/libdl-2.23.so
7f4844584000-7f4844585000 rw-p 00003000 08:06 2889658                    /lib/x86_64-linux-gnu/libdl-2.23.so
7f4844585000-7f484459e000 r-xp 00000000 08:06 2888331                    /lib/x86_64-linux-gnu/libz.so.1.2.8
7f484459e000-7f484479d000 ---p 00019000 08:06 2888331                    /lib/x86_64-linux-gnu/libz.so.1.2.8
7f484479d000-7f484479e000 r--p 00018000 08:06 2888331                    /lib/x86_64-linux-gnu/libz.so.1.2.8
7f484479e000-7f484479f000 rw-p 00019000 08:06 2888331                    /lib/x86_64-linux-gnu/libz.so.1.2.8
7f484479f000-7f484495e000 r-xp 00000000 08:06 2889659                    /lib/x86_64-linux-gnu/libc-2.23.so
7f484495e000-7f4844b5e000 ---p 001bf000 08:06 2889659                    /lib/x86_64-linux-gnu/libc-2.23.so
7f4844b5e000-7f4844b62000 r--p 001bf000 08:06 2889659                    /lib/x86_64-linux-gnu/libc-2.23.so
7f4844b62000-7f4844b64000 rw-p 001c3000 08:06 2889659                    /lib/x86_64-linux-gnu/libc-2.23.so
7f4844b64000-7f4844b68000 rw-p 00000000 00:00 0 
7f4844b68000-7f4844b75000 r-xp 00000000 08:06 662419                     /usr/lib/jvm/java-8-openjdk-amd64/jre/lib/amd64/jli/libjli.so
7f4844b75000-7f4844d75000 ---p 0000d000 08:06 662419                     /usr/lib/jvm/java-8-openjdk-amd64/jre/lib/amd64/jli/libjli.so
7f4844d75000-7f4844d76000 r--p 0000d000 08:06 662419                     /usr/lib/jvm/java-8-openjdk-amd64/jre/lib/amd64/jli/libjli.so
7f4844d76000-7f4844d77000 rw-p 0000e000 08:06 662419                     /usr/lib/jvm/java-8-openjdk-amd64/jre/lib/amd64/jli/libjli.so
7f4844d77000-7f4844d9d000 r-xp 00000000 08:06 2888095                    /lib/x86_64-linux-gnu/ld-2.23.so
7f4844d9d000-7f4844d9f000 r--s 00009000 08:06 6948292                    /home/bill/.m2/repository/org/hamcrest/hamcrest-core/1.3/hamcrest-core-1.3.jar
7f4844d9f000-7f4844da1000 r--s 00007000 08:06 6948661                    /home/bill/.m2/repository/org/apache/maven/surefire/surefire-booter/2.10/surefire-booter-2.10.jar
7f4844da1000-7f4844da2000 r--s 00000000 08:06 7085638                    /home/bill/SchoolWork/csc380/CSC_380_bus_project/target/surefire/surefirebooter7788699836785148167.jar (deleted)
7f4844da2000-7f4844da4000 r--s 00008000 08:06 662439                     /usr/lib/jvm/java-8-openjdk-amd64/jre/lib/ext/sunec.jar
7f4844da4000-7f4844dbf000 r--s 00394000 08:06 662443                     /usr/lib/jvm/java-8-openjdk-amd64/jre/lib/ext/cldrdata.jar
7f4844dbf000-7f4844dc9000 r--s 00116000 08:06 662446                     /usr/lib/jvm/java-8-openjdk-amd64/jre/lib/ext/localedata.jar
7f4844dc9000-7f4844de4000 r--s 001d6000 08:06 662440                     /usr/lib/jvm/java-8-openjdk-amd64/jre/lib/ext/nashorn.jar
7f4844de4000-7f4844e7a000 rw-p 00000000 00:00 0 
7f4844e7a000-7f4844e7d000 ---p 00000000 00:00 0 
7f4844e7d000-7f4844f80000 rw-p 00000000 00:00 0 
7f4844f80000-7f4844f84000 r--s 00037000 08:06 662445                     /usr/lib/jvm/java-8-openjdk-amd64/jre/lib/ext/sunpkcs11.jar
7f4844f84000-7f4844f85000 r--s 00010000 08:06 662444                     /usr/lib/jvm/java-8-openjdk-amd64/jre/lib/ext/zipfs.jar
7f4844f85000-7f4844f86000 r--s 0000a000 08:06 662448                     /usr/lib/jvm/java-8-openjdk-amd64/jre/lib/ext/jaccess.jar
7f4844f86000-7f4844f8b000 r--s 0003b000 08:06 662447                     /usr/lib/jvm/java-8-openjdk-amd64/jre/lib/ext/sunjce_provider.jar
7f4844f8b000-7f4844f8d000 r--s 00001000 08:06 662441                     /usr/lib/jvm/java-8-openjdk-amd64/jre/lib/ext/dnsns.jar
7f4844f8d000-7f4844f90000 r--s 0000f000 08:06 662442                     /usr/lib/jvm/java-8-openjdk-amd64/jre/lib/ext/icedtea-sound.jar
7f4844f90000-7f4844f98000 rw-s 00000000 08:06 4194372                    /tmp/hsperfdata_bill/3974
7f4844f98000-7f4844f99000 rw-p 00000000 00:00 0 
7f4844f99000-7f4844f9a000 ---p 00000000 00:00 0 
7f4844f9a000-7f4844f9c000 rw-p 00000000 00:00 0 
7f4844f9c000-7f4844f9d000 r--p 00025000 08:06 2888095                    /lib/x86_64-linux-gnu/ld-2.23.so
7f4844f9d000-7f4844f9e000 rw-p 00026000 08:06 2888095                    /lib/x86_64-linux-gnu/ld-2.23.so
7f4844f9e000-7f4844f9f000 rw-p 00000000 00:00 0 
7ffdcaee5000-7ffdcaf06000 rw-p 00000000 00:00 0                          [stack]
7ffdcaf45000-7ffdcaf47000 r--p 00000000 00:00 0                          [vvar]
7ffdcaf47000-7ffdcaf49000 r-xp 00000000 00:00 0                          [vdso]
ffffffffff600000-ffffffffff601000 r-xp 00000000 00:00 0                  [vsyscall]

VM Arguments:
java_command: /home/bill/SchoolWork/csc380/CSC_380_bus_project/target/surefire/surefirebooter7788699836785148167.jar /home/bill/SchoolWork/csc380/CSC_380_bus_project/target/surefire/surefire3757804587975706729tmp /home/bill/SchoolWork/csc380/CSC_380_bus_project/target/surefire/surefire5260438159368754177tmp
java_class_path (initial): /home/bill/SchoolWork/csc380/CSC_380_bus_project/target/surefire/surefirebooter7788699836785148167.jar
Launcher Type: SUN_STANDARD

Environment Variables:
JAVA_HOME=/usr/lib/jvm/java-8-openjdk-amd64
PATH=/home/bill/bin:/home/bill/.local/bin:/usr/local/sbin:/usr/local/bin:/usr/sbin:/usr/bin:/sbin:/bin:/usr/games:/usr/local/games:/snap/bin
LD_LIBRARY_PATH=/usr/lib/jvm/java-8-openjdk-amd64/bin/../jre/lib/amd64:/usr/lib/jvm/java-8-openjdk-amd64/bin/../jre/lib/i386:
SHELL=/bin/bash
DISPLAY=:0

Signal Handlers:
SIGSEGV: [libjvm.so+0xa66fd0], sa_mask[0]=11111111011111111101111111111110, sa_flags=SA_RESTART|SA_SIGINFO
SIGBUS: [libjvm.so+0xa66fd0], sa_mask[0]=11111111011111111101111111111110, sa_flags=SA_RESTART|SA_SIGINFO
SIGFPE: [libjvm.so+0x8b0180], sa_mask[0]=11111111011111111101111111111110, sa_flags=SA_RESTART|SA_SIGINFO
SIGPIPE: [libjvm.so+0x8b0180], sa_mask[0]=11111111011111111101111111111110, sa_flags=SA_RESTART|SA_SIGINFO
SIGXFSZ: [libjvm.so+0x8b0180], sa_mask[0]=11111111011111111101111111111110, sa_flags=SA_RESTART|SA_SIGINFO
SIGILL: [libjvm.so+0x8b0180], sa_mask[0]=11111111011111111101111111111110, sa_flags=SA_RESTART|SA_SIGINFO
SIGUSR1: SIG_DFL, sa_mask[0]=00000000000000000000000000000000, sa_flags=none
SIGUSR2: [libjvm.so+0x8b0030], sa_mask[0]=00100000000000000000000000000000, sa_flags=SA_RESTART|SA_SIGINFO
SIGHUP: [libjvm.so+0x8b0500], sa_mask[0]=11111111011111111101111111111110, sa_flags=SA_RESTART|SA_SIGINFO
SIGINT: SIG_IGN, sa_mask[0]=00000000000000000000000000000000, sa_flags=none
SIGTERM: [libjvm.so+0x8b0500], sa_mask[0]=11111111011111111101111111111110, sa_flags=SA_RESTART|SA_SIGINFO
SIGQUIT: [libjvm.so+0x8b0500], sa_mask[0]=11111111011111111101111111111110, sa_flags=SA_RESTART|SA_SIGINFO


---------------  S Y S T E M  ---------------

OS:DISTRIB_ID=Ubuntu
DISTRIB_RELEASE=16.04
DISTRIB_CODENAME=xenial
DISTRIB_DESCRIPTION="Ubuntu 16.04.2 LTS"

uname:Linux 4.4.0-64-generic #85-Ubuntu SMP Mon Feb 20 11:50:30 UTC 2017 x86_64
libc:glibc 2.23 NPTL 2.23 
rlimit: STACK 8192k, CORE 0k, NPROC 47343, NOFILE 65536, AS infinity
load average:9.77 13.52 14.11

/proc/meminfo:
MemTotal:       12225096 kB
MemFree:         5304268 kB
MemAvailable:    5348580 kB
Buffers:           23452 kB
Cached:           375468 kB
SwapCached:       166444 kB
Active:          5158848 kB
Inactive:        1531668 kB
Active(anon):    4981512 kB
Inactive(anon):  1443864 kB
Active(file):     177336 kB
Inactive(file):    87804 kB
Unevictable:         368 kB
Mlocked:             368 kB
SwapTotal:      47851516 kB
SwapFree:       45652276 kB
Dirty:              1392 kB
Writeback:             0 kB
AnonPages:       6274364 kB
Mapped:           180296 kB
Shmem:            133636 kB
Slab:              76968 kB
SReclaimable:      37556 kB
SUnreclaim:        39412 kB
KernelStack:       11600 kB
PageTables:        57276 kB
NFS_Unstable:          0 kB
Bounce:                0 kB
WritebackTmp:          0 kB
CommitLimit:    53964064 kB
Committed_AS:   13970268 kB
VmallocTotal:   34359738367 kB
VmallocUsed:           0 kB
VmallocChunk:          0 kB
HardwareCorrupted:     0 kB
AnonHugePages:   3989504 kB
CmaTotal:              0 kB
CmaFree:               0 kB
HugePages_Total:       0
HugePages_Free:        0
HugePages_Rsvd:        0
HugePages_Surp:        0
Hugepagesize:       2048 kB
DirectMap4k:      165632 kB
DirectMap2M:     6047744 kB
DirectMap1G:     7340032 kB


CPU:total 4 (2 cores per cpu, 2 threads per core) family 6 model 69 stepping 1, cmov, cx8, fxsr, mmx, sse, sse2, sse3, ssse3, sse4.1, sse4.2, popcnt, avx, avx2, aes, clmul, erms, lzcnt, ht, tsc, tscinvbit, bmi1, bmi2

/proc/cpuinfo:
processor	: 0
vendor_id	: GenuineIntel
cpu family	: 6
model		: 69
model name	: Intel(R) Core(TM) i5-4210U CPU @ 1.70GHz
stepping	: 1
microcode	: 0x1d
cpu MHz		: 2399.906
cache size	: 3072 KB
physical id	: 0
siblings	: 4
core id		: 0
cpu cores	: 2
apicid		: 0
initial apicid	: 0
fpu		: yes
fpu_exception	: yes
cpuid level	: 13
wp		: yes
flags		: fpu vme de pse tsc msr pae mce cx8 apic sep mtrr pge mca cmov pat pse36 clflush dts acpi mmx fxsr sse sse2 ss ht tm pbe syscall nx pdpe1gb rdtscp lm constant_tsc arch_perfmon pebs bts rep_good nopl xtopology nonstop_tsc aperfmperf eagerfpu pni pclmulqdq dtes64 monitor ds_cpl vmx est tm2 ssse3 sdbg fma cx16 xtpr pdcm pcid sse4_1 sse4_2 movbe popcnt tsc_deadline_timer aes xsave avx f16c rdrand lahf_lm abm epb tpr_shadow vnmi flexpriority ept vpid fsgsbase tsc_adjust bmi1 avx2 smep bmi2 erms invpcid xsaveopt dtherm ida arat pln pts
bugs		:
bogomips	: 4788.83
clflush size	: 64
cache_alignment	: 64
address sizes	: 39 bits physical, 48 bits virtual
power management:

processor	: 1
vendor_id	: GenuineIntel
cpu family	: 6
model		: 69
model name	: Intel(R) Core(TM) i5-4210U CPU @ 1.70GHz
stepping	: 1
microcode	: 0x1d
cpu MHz		: 2399.906
cache size	: 3072 KB
physical id	: 0
siblings	: 4
core id		: 0
cpu cores	: 2
apicid		: 1
initial apicid	: 1
fpu		: yes
fpu_exception	: yes
cpuid level	: 13
wp		: yes
flags		: fpu vme de pse tsc msr pae mce cx8 apic sep mtrr pge mca cmov pat pse36 clflush dts acpi mmx fxsr sse sse2 ss ht tm pbe syscall nx pdpe1gb rdtscp lm constant_tsc arch_perfmon pebs bts rep_good nopl xtopology nonstop_tsc aperfmperf eagerfpu pni pclmulqdq dtes64 monitor ds_cpl vmx est tm2 ssse3 sdbg fma cx16 xtpr pdcm pcid sse4_1 sse4_2 movbe popcnt tsc_deadline_timer aes xsave avx f16c rdrand lahf_lm abm epb tpr_shadow vnmi flexpriority ept vpid fsgsbase tsc_adjust bmi1 avx2 smep bmi2 erms invpcid xsaveopt dtherm ida arat pln pts
bugs		:
bogomips	: 4788.83
clflush size	: 64
cache_alignment	: 64
address sizes	: 39 bits physical, 48 bits virtual
power management:

processor	: 2
vendor_id	: GenuineIntel
cpu family	: 6
model		: 69
model name	: Intel(R) Core(TM) i5-4210U CPU @ 1.70GHz
stepping	: 1
microcode	: 0x1d
cpu MHz		: 2400.000
cache size	: 3072 KB
physical id	: 0
siblings	: 4
core id		: 1
cpu cores	: 2
apicid		: 2
initial apicid	: 2
fpu		: yes
fpu_exception	: yes
cpuid level	: 13
wp		: yes
flags		: fpu vme de pse tsc msr pae mce cx8 apic sep mtrr pge mca cmov pat pse36 clflush dts acpi mmx fxsr sse sse2 ss ht tm pbe syscall nx pdpe1gb rdtscp lm constant_tsc arch_perfmon pebs bts rep_good nopl xtopology nonstop_tsc aperfmperf eagerfpu pni pclmulqdq dtes64 monitor ds_cpl vmx est tm2 ssse3 sdbg fma cx16 xtpr pdcm pcid sse4_1 sse4_2 movbe popcnt tsc_deadline_timer aes xsave avx f16c rdrand lahf_lm abm epb tpr_shadow vnmi flexpriority ept vpid fsgsbase tsc_adjust bmi1 avx2 smep bmi2 erms invpcid xsaveopt dtherm ida arat pln pts
bugs		:
bogomips	: 4788.83
clflush size	: 64
cache_alignment	: 64
address sizes	: 39 bits physical, 48 bits virtual
power management:

processor	: 3
vendor_id	: GenuineIntel
cpu family	: 6
model		: 69
model name	: Intel(R) Core(TM) i5-4210U CPU @ 1.70GHz
stepping	: 1
microcode	: 0x1d
cpu MHz		: 2400.000
cache size	: 3072 KB
physical id	: 0
siblings	: 4
core id		: 1
cpu cores	: 2
apicid		: 3
initial apicid	: 3
fpu		: yes
fpu_exception	: yes
cpuid level	: 13
wp		: yes
flags		: fpu vme de pse tsc msr pae mce cx8 apic sep mtrr pge mca cmov pat pse36 clflush dts acpi mmx fxsr sse sse2 ss ht tm pbe syscall nx pdpe1gb rdtscp lm constant_tsc arch_perfmon pebs bts rep_good nopl xtopology nonstop_tsc aperfmperf eagerfpu pni pclmulqdq dtes64 monitor ds_cpl vmx est tm2 ssse3 sdbg fma cx16 xtpr pdcm pcid sse4_1 sse4_2 movbe popcnt tsc_deadline_timer aes xsave avx f16c rdrand lahf_lm abm epb tpr_shadow vnmi flexpriority ept vpid fsgsbase tsc_adjust bmi1 avx2 smep bmi2 erms invpcid xsaveopt dtherm ida arat pln pts
bugs		:
bogomips	: 4788.83
clflush size	: 64
cache_alignment	: 64
address sizes	: 39 bits physical, 48 bits virtual
power management:



Memory: 4k page, physical 12225096k(5304268k free), swap 47851516k(45652276k free)

vm_info: OpenJDK 64-Bit Server VM (25.121-b13) for linux-amd64 JRE (1.8.0_121-8u121-b13-0ubuntu1.16.04.2-b13), built on Jan 23 2017 15:51:29 by "buildd" with gcc 5.4.0 20160609

time: Wed Mar  8 11:19:59 2017
elapsed time: 1785 seconds (0d 0h 29m 45s)

