#
# A fatal error has been detected by the Java Runtime Environment:
#
#  SIGSEGV (0xb) at pc=0x00007fbf030b6673, pid=3700, tid=0x00007fbeecdfd700
#
# JRE version: OpenJDK Runtime Environment (8.0_121-b13) (build 1.8.0_121-8u121-b13-0ubuntu1.16.04.2-b13)
# Java VM: OpenJDK 64-Bit Server VM (25.121-b13 mixed mode linux-amd64 compressed oops)
# Problematic frame:
# V  [libjvm.so+0x8cf673]
#
# Failed to write core dump. Core dumps have been disabled. To enable core dumping, try "ulimit -c unlimited" before starting Java again
#
# If you would like to submit a bug report, please visit:
#   http://bugreport.java.com/bugreport/crash.jsp
#

---------------  T H R E A D  ---------------

Current thread (0x00007fbefc024000):  GCTaskThread [stack: 0x00007fbeeccfd000,0x00007fbeecdfe000] [id=3707]

siginfo: si_signo: 11 (SIGSEGV), si_code: 2 (SEGV_ACCERR), si_addr: 0x00007fbef76c20c0

Registers:
RAX=0x00007fbee9e55000, RBX=0x00007fbee719a0c0, RCX=0x000000000000001e, RDX=0x0000000001b0da18
RSP=0x00007fbeecdfcb30, RBP=0x00007fbeecdfcb40, RSI=0x000000070d1430f8, RDI=0x0000000040000000
R8 =0x00007fbef76c20c0, R9 =0x00007fbf03701528, R10=0x0000000000000001, R11=0x0000000080000000
R12=0x00007fbf036ccc28, R13=0x000000070d1430f8, R14=0x000000070d142d10, R15=0x000000070d142d20
RIP=0x00007fbf030b6673, EFLAGS=0x0000000000010206, CSGSFS=0x0000000000000033, ERR=0x0000000000000004
  TRAPNO=0x000000000000000e

Top of Stack: (sp=0x00007fbeecdfcb30)
0x00007fbeecdfcb30:   00007fbefc0fb690 000000070d142d34
0x00007fbeecdfcb40:   00007fbeecdfcbe0 00007fbf03082190
0x00007fbeecdfcb50:   00007fbeecdfcbc0 0000000000000005
0x00007fbeecdfcb60:   00007fbefc0fb6d0 0000000000000005
0x00007fbeecdfcb70:   00007fbf03705220 000000006b400000
0x00007fbeecdfcb80:   00007fbf03705220 00007fbefc0fb6d0
0x00007fbeecdfcb90:   000000070d142cf0 00000007c00029a0
0x00007fbeecdfcba0:   00007fbf03705220 62d0d79639c68d00
0x00007fbeecdfcbb0:   00007fbefc0fb690 00007fbf03701528
0x00007fbeecdfcbc0:   0000000000000000 0000000000000001
0x00007fbeecdfcbd0:   00007fbefc0fb690 00007fbefc0fb690
0x00007fbeecdfcbe0:   00007fbeecdfcce0 00007fbf030f8b57
0x00007fbeecdfcbf0:   00007fbefc0fb690 0000000000000001
0x00007fbeecdfcc00:   00007fbefc0fb720 00007fbefc0fb690
0x00007fbeecdfcc10:   00007fbeecdfcd10 00007fbefc0fb6a0
0x00007fbeecdfcc20:   00007fbeecdfcc50 0000000000000000
0x00007fbeecdfcc30:   00007fbefc0fb720 0000000000000500
0x00007fbeecdfcc40:   00007fbeecdfcce0 000000070d142d10
0x00007fbeecdfcc50:   0000000000000004 0000000000000020
0x00007fbeecdfcc60:   00007fbefc0fb690 000000070d142c88
0x00007fbeecdfcc70:   00007fbeecdfcce0 00007fbf02e05b9e
0x00007fbeecdfcc80:   00007fbeecdfcce0 00007fbefc0fb6d0
0x00007fbeecdfcc90:   000000070d142c58 00000007c01b89d8
0x00007fbeecdfcca0:   00007fbf03705220 62d0d79639c68d00
0x00007fbeecdfccb0:   00007fbe00000012 00007fbefc0fb690
0x00007fbeecdfccc0:   0000000000000000 00007fbeecdfcd64
0x00007fbeecdfccd0:   0000000000000003 00007fbeecdfcd68
0x00007fbeecdfcce0:   00007fbeecdfce00 00007fbf030ddb8d
0x00007fbeecdfccf0:   00007fbefc04dbd0 00007fbf032c64c8
0x00007fbeecdfcd00:   00007fbefc024000 00007fbefc0fb690
0x00007fbeecdfcd10:   00007fbeecdfce00 00007fbeecdfcd90
0x00007fbeecdfcd20:   00007fbeecdfcd70 00007fbf0305abcd 

Instructions: (pc=0x00007fbf030b6673)
0x00007fbf030b6653:   48 d3 e8 48 89 c1 48 89 c2 48 8b 47 60 48 c1 ea
0x00007fbf030b6663:   06 83 e1 3f bf 01 00 00 00 48 d3 e7 4c 8d 04 d0
0x00007fbf030b6673:   49 8b 08 eb 1e 0f 1f 84 00 00 00 00 00 48 89 c8
0x00007fbf030b6683:   40 80 fe 00 74 01 f0 49 0f b1 10 48 39 c1 74 2d 

Register to memory mapping:

RAX=0x00007fbee9e55000 is an unknown value
RBX=0x00007fbee719a0c0 is an unknown value
RCX=0x000000000000001e is an unknown value
RDX=0x0000000001b0da18 is an unknown value
RSP=0x00007fbeecdfcb30 is an unknown value
RBP=0x00007fbeecdfcb40 is an unknown value
RSI=0x000000070d1430f8 is pointing into object: 0x000000070d1430f0
java.util.LinkedList$Node 
 - klass: 'java/util/LinkedList$Node'
RDI=0x0000000040000000 is an unknown value
R8 =0x00007fbef76c20c0 is an unknown value
R9 =0x00007fbf03701528: <offset 0xf1a528> in /usr/lib/jvm/java-8-openjdk-amd64/jre/lib/amd64/server/libjvm.so at 0x00007fbf027e7000
R10=0x0000000000000001 is an unknown value
R11=0x0000000080000000 is an unknown value
R12=0x00007fbf036ccc28: <offset 0xee5c28> in /usr/lib/jvm/java-8-openjdk-amd64/jre/lib/amd64/server/libjvm.so at 0x00007fbf027e7000
R13=0x000000070d1430f8 is pointing into object: 0x000000070d1430f0
java.util.LinkedList$Node 
 - klass: 'java/util/LinkedList$Node'
R14=0x000000070d142d10 is an oop
[Ljava.lang.Object; 
 - klass: 'java/lang/Object'[]
 - length: 5
R15=0x000000070d142d20 is pointing into object: 0x000000070d142d10
[Ljava.lang.Object; 
 - klass: 'java/lang/Object'[]
 - length: 5


Stack: [0x00007fbeeccfd000,0x00007fbeecdfe000],  sp=0x00007fbeecdfcb30,  free space=1022k
Native frames: (J=compiled Java code, j=interpreted, Vv=VM code, C=native code)
V  [libjvm.so+0x8cf673]
V  [libjvm.so+0x89b190]
V  [libjvm.so+0x911b57]
V  [libjvm.so+0x8f6b8d]
V  [libjvm.so+0x5a50e2]
V  [libjvm.so+0x8b2042]


---------------  P R O C E S S  ---------------

Java Threads: ( => current thread )
  0x00007fbefc2e0000 JavaThread "Timer-0" [_thread_blocked, id=3717, stack(0x00007fbee431c000,0x00007fbee441d000)]
  0x00007fbefc180800 JavaThread "Service Thread" daemon [_thread_blocked, id=3715, stack(0x00007fbee4558000,0x00007fbee4659000)]
  0x00007fbefc179000 JavaThread "C1 CompilerThread2" daemon [_thread_blocked, id=3714, stack(0x00007fbee4659000,0x00007fbee475a000)]
  0x00007fbefc177800 JavaThread "C2 CompilerThread1" daemon [_thread_blocked, id=3713, stack(0x00007fbee475a000,0x00007fbee485b000)]
  0x00007fbefc174800 JavaThread "C2 CompilerThread0" daemon [_thread_blocked, id=3712, stack(0x00007fbee485b000,0x00007fbee495c000)]
  0x00007fbefc172800 JavaThread "Signal Dispatcher" daemon [_thread_blocked, id=3711, stack(0x00007fbee495c000,0x00007fbee4a5d000)]
  0x00007fbefc14a800 JavaThread "Finalizer" daemon [_thread_blocked, id=3710, stack(0x00007fbee4d35000,0x00007fbee4e36000)]
  0x00007fbefc146000 JavaThread "Reference Handler" daemon [_thread_blocked, id=3709, stack(0x00007fbee4e36000,0x00007fbee4f37000)]
  0x00007fbefc00a000 JavaThread "main" [_thread_blocked, id=3703, stack(0x00007fbf04438000,0x00007fbf04539000)]

Other Threads:
  0x00007fbefc13e800 VMThread [stack: 0x00007fbee4f37000,0x00007fbee5038000] [id=3708]
  0x00007fbefc183000 WatcherThread [stack: 0x00007fbee4457000,0x00007fbee4558000] [id=3716]

=>0x00007fbefc024000 (exited) GCTaskThread [stack: 0x00007fbeeccfd000,0x00007fbeecdfe000] [id=3707]

VM state:at safepoint (normal execution)

VM Mutex/Monitor currently owned by a thread:  ([mutex/lock_event])
[0x00007fbefc006370] Threads_lock - owner thread: 0x00007fbefc13e800
[0x00007fbefc006870] Heap_lock - owner thread: 0x00007fbefc00a000

Heap:
 PSYoungGen      total 408064K, used 243200K [0x0000000781d00000, 0x00000007af980000, 0x00000007c0000000)
  eden space 68608K, 0% used [0x0000000781d00000,0x0000000781d00000,0x0000000786000000)
  from space 339456K, 71% used [0x000000079ab80000,0x00000007a9900000,0x00000007af700000)
  to   space 339456K, 0% used [0x0000000786000000,0x0000000786000000,0x000000079ab80000)
 ParOldGen       total 640000K, used 539696K [0x0000000705600000, 0x000000072c700000, 0x0000000781d00000)
  object space 640000K, 84% used [0x0000000705600000,0x000000072650c238,0x000000072c700000)
 Metaspace       used 12358K, capacity 12820K, committed 13184K, reserved 1060864K
  class space    used 1676K, capacity 1802K, committed 1920K, reserved 1048576K

Card table byte_map: [0x00007fbf0051f000,0x00007fbf00af5000] byte_map_base: 0x00007fbefccf4000

Marking Bits: (ParMarkBitMap*) 0x00007fbf03705220
 Begin Bits: [0x00007fbee6fad000, 0x00007fbee9e55000)
 End Bits:   [0x00007fbee9e55000, 0x00007fbeeccfd000)

Polling page: 0x00007fbf04557000

CodeCache: size=245760Kb used=5340Kb max_used=5352Kb free=240419Kb
 bounds [0x00007fbeed000000, 0x00007fbeed550000, 0x00007fbefc000000]
 total_blobs=2140 nmethods=1807 adapters=247
 compilation: enabled

Compilation events (10 events):
Event: 74.590 Thread 0x00007fbefc174800 nmethod 1798 0x00007fbeed532f90 code [0x00007fbeed5334c0, 0x00007fbeed535ff8]
Event: 74.590 Thread 0x00007fbefc174800 1795       4       org.mockito.internal.stubbing.answers.DefaultAnswerValidator::validateReturnValueFor (50 bytes)
Event: 74.612 Thread 0x00007fbefc174800 nmethod 1795 0x00007fbeed524a90 code [0x00007fbeed524c60, 0x00007fbeed5252d8]
Event: 74.760 Thread 0x00007fbefc177800 nmethod 1800 0x00007fbeed53b0d0 code [0x00007fbeed53b5c0, 0x00007fbeed53de28]
Event: 74.940 Thread 0x00007fbefc179000 1810 %     3       university.CSC380.assignment2.Utility::getFile @ 65 (108 bytes)
Event: 74.941 Thread 0x00007fbefc179000 nmethod 1810% 0x00007fbeed51d550 code [0x00007fbeed51d800, 0x00007fbeed51e948]
Event: 74.947 Thread 0x00007fbefc179000 1811       3       university.CSC380.assignment2.Utility::getFile (108 bytes)
Event: 74.948 Thread 0x00007fbefc179000 nmethod 1811 0x00007fbeed51bad0 code [0x00007fbeed51bd60, 0x00007fbeed51cd68]
Event: 77.422 Thread 0x00007fbefc174800 1812 %     4       university.CSC380.assignment2.Utility::getFile @ 65 (108 bytes)
Event: 77.425 Thread 0x00007fbefc174800 nmethod 1812% 0x00007fbeed524510 code [0x00007fbeed524680, 0x00007fbeed5248d8]

GC Heap History (10 events):
Event: 87.345 GC heap after
Heap after GC invocations=11 (full 3):
 PSYoungGen      total 270336K, used 121092K [0x0000000781d00000, 0x00000007a9800000, 0x00000007c0000000)
  eden space 94208K, 0% used [0x0000000781d00000,0x0000000781d00000,0x0000000787900000)
  from space 176128K, 68% used [0x0000000795e80000,0x000000079d4c12f0,0x00000007a0a80000)
  to   space 235008K, 0% used [0x0000000787900000,0x0000000787900000,0x0000000795e80000)
 ParOldGen       total 640000K, used 394336K [0x0000000705600000, 0x000000072c700000, 0x0000000781d00000)
  object space 640000K, 61% used [0x0000000705600000,0x000000071d718238,0x000000072c700000)
 Metaspace       used 12358K, capacity 12820K, committed 13184K, reserved 1060864K
  class space    used 1676K, capacity 1802K, committed 1920K, reserved 1048576K
}
Event: 87.776 GC heap before
{Heap before GC invocations=12 (full 3):
 PSYoungGen      total 270336K, used 215300K [0x0000000781d00000, 0x00000007a9800000, 0x00000007c0000000)
  eden space 94208K, 100% used [0x0000000781d00000,0x0000000787900000,0x0000000787900000)
  from space 176128K, 68% used [0x0000000795e80000,0x000000079d4c12f0,0x00000007a0a80000)
  to   space 235008K, 0% used [0x0000000787900000,0x0000000787900000,0x0000000795e80000)
 ParOldGen       total 640000K, used 394336K [0x0000000705600000, 0x000000072c700000, 0x0000000781d00000)
  object space 640000K, 61% used [0x0000000705600000,0x000000071d718238,0x000000072c700000)
 Metaspace       used 12358K, capacity 12820K, committed 13184K, reserved 1060864K
  class space    used 1676K, capacity 1802K, committed 1920K, reserved 1048576K
Event: 88.064 GC heap after
Heap after GC invocations=12 (full 3):
 PSYoungGen      total 329216K, used 205184K [0x0000000781d00000, 0x00000007a8c80000, 0x00000007c0000000)
  eden space 94208K, 0% used [0x0000000781d00000,0x0000000781d00000,0x0000000787900000)
  from space 235008K, 87% used [0x0000000787900000,0x0000000794160000,0x0000000795e80000)
  to   space 265216K, 0% used [0x0000000798980000,0x0000000798980000,0x00000007a8c80000)
 ParOldGen       total 640000K, used 394336K [0x0000000705600000, 0x000000072c700000, 0x0000000781d00000)
  object space 640000K, 61% used [0x0000000705600000,0x000000071d718238,0x000000072c700000)
 Metaspace       used 12358K, capacity 12820K, committed 13184K, reserved 1060864K
  class space    used 1676K, capacity 1802K, committed 1920K, reserved 1048576K
}
Event: 88.670 GC heap before
{Heap before GC invocations=13 (full 3):
 PSYoungGen      total 329216K, used 299392K [0x0000000781d00000, 0x00000007a8c80000, 0x00000007c0000000)
  eden space 94208K, 100% used [0x0000000781d00000,0x0000000787900000,0x0000000787900000)
  from space 235008K, 87% used [0x0000000787900000,0x0000000794160000,0x0000000795e80000)
  to   space 265216K, 0% used [0x0000000798980000,0x0000000798980000,0x00000007a8c80000)
 ParOldGen       total 640000K, used 394336K [0x0000000705600000, 0x000000072c700000, 0x0000000781d00000)
  object space 640000K, 61% used [0x0000000705600000,0x000000071d718238,0x000000072c700000)
 Metaspace       used 12358K, capacity 12820K, committed 13184K, reserved 1060864K
  class space    used 1676K, capacity 1802K, committed 1920K, reserved 1048576K
Event: 88.932 GC heap after
Heap after GC invocations=13 (full 3):
 PSYoungGen      total 321024K, used 265216K [0x0000000781d00000, 0x00000007af580000, 0x00000007c0000000)
  eden space 55808K, 0% used [0x0000000781d00000,0x0000000781d00000,0x0000000785380000)
  from space 265216K, 100% used [0x0000000798980000,0x00000007a8c80000,0x00000007a8c80000)
  to   space 317440K, 0% used [0x0000000785380000,0x0000000785380000,0x0000000798980000)
 ParOldGen       total 640000K, used 418104K [0x0000000705600000, 0x000000072c700000, 0x0000000781d00000)
  object space 640000K, 65% used [0x0000000705600000,0x000000071ee4e238,0x000000072c700000)
 Metaspace       used 12358K, capacity 12820K, committed 13184K, reserved 1060864K
  class space    used 1676K, capacity 1802K, committed 1920K, reserved 1048576K
}
Event: 89.241 GC heap before
{Heap before GC invocations=14 (full 3):
 PSYoungGen      total 321024K, used 321024K [0x0000000781d00000, 0x00000007af580000, 0x00000007c0000000)
  eden space 55808K, 100% used [0x0000000781d00000,0x0000000785380000,0x0000000785380000)
  from space 265216K, 100% used [0x0000000798980000,0x00000007a8c80000,0x00000007a8c80000)
  to   space 317440K, 0% used [0x0000000785380000,0x0000000785380000,0x0000000798980000)
 ParOldGen       total 640000K, used 418104K [0x0000000705600000, 0x000000072c700000, 0x0000000781d00000)
  object space 640000K, 65% used [0x0000000705600000,0x000000071ee4e238,0x000000072c700000)
 Metaspace       used 12358K, capacity 12820K, committed 13184K, reserved 1060864K
  class space    used 1676K, capacity 1802K, committed 1920K, reserved 1048576K
Event: 89.564 GC heap after
Heap after GC invocations=14 (full 3):
 PSYoungGen      total 373248K, used 298080K [0x0000000781d00000, 0x00000007af700000, 0x00000007c0000000)
  eden space 55808K, 0% used [0x0000000781d00000,0x0000000781d00000,0x0000000785380000)
  from space 317440K, 93% used [0x0000000785380000,0x0000000797698000,0x0000000798980000)
  to   space 339456K, 0% used [0x000000079ab80000,0x000000079ab80000,0x00000007af700000)
 ParOldGen       total 640000K, used 434976K [0x0000000705600000, 0x000000072c700000, 0x0000000781d00000)
  object space 640000K, 67% used [0x0000000705600000,0x000000071fec8238,0x000000072c700000)
 Metaspace       used 12358K, capacity 12820K, committed 13184K, reserved 1060864K
  class space    used 1676K, capacity 1802K, committed 1920K, reserved 1048576K
}
Event: 89.790 GC heap before
{Heap before GC invocations=15 (full 3):
 PSYoungGen      total 373248K, used 353888K [0x0000000781d00000, 0x00000007af700000, 0x00000007c0000000)
  eden space 55808K, 100% used [0x0000000781d00000,0x0000000785380000,0x0000000785380000)
  from space 317440K, 93% used [0x0000000785380000,0x0000000797698000,0x0000000798980000)
  to   space 339456K, 0% used [0x000000079ab80000,0x000000079ab80000,0x00000007af700000)
 ParOldGen       total 640000K, used 434976K [0x0000000705600000, 0x000000072c700000, 0x0000000781d00000)
  object space 640000K, 67% used [0x0000000705600000,0x000000071fec8238,0x000000072c700000)
 Metaspace       used 12358K, capacity 12820K, committed 13184K, reserved 1060864K
  class space    used 1676K, capacity 1802K, committed 1920K, reserved 1048576K
Event: 90.172 GC heap after
Heap after GC invocations=15 (full 3):
 PSYoungGen      total 408064K, used 243200K [0x0000000781d00000, 0x00000007af980000, 0x00000007c0000000)
  eden space 68608K, 0% used [0x0000000781d00000,0x0000000781d00000,0x0000000786000000)
  from space 339456K, 71% used [0x000000079ab80000,0x00000007a9900000,0x00000007af700000)
  to   space 339456K, 0% used [0x0000000786000000,0x0000000786000000,0x000000079ab80000)
 ParOldGen       total 640000K, used 539696K [0x0000000705600000, 0x000000072c700000, 0x0000000781d00000)
  object space 640000K, 84% used [0x0000000705600000,0x000000072650c238,0x000000072c700000)
 Metaspace       used 12358K, capacity 12820K, committed 13184K, reserved 1060864K
  class space    used 1676K, capacity 1802K, committed 1920K, reserved 1048576K
}
Event: 90.172 GC heap before
{Heap before GC invocations=16 (full 4):
 PSYoungGen      total 408064K, used 243200K [0x0000000781d00000, 0x00000007af980000, 0x00000007c0000000)
  eden space 68608K, 0% used [0x0000000781d00000,0x0000000781d00000,0x0000000786000000)
  from space 339456K, 71% used [0x000000079ab80000,0x00000007a9900000,0x00000007af700000)
  to   space 339456K, 0% used [0x0000000786000000,0x0000000786000000,0x000000079ab80000)
 ParOldGen       total 640000K, used 539696K [0x0000000705600000, 0x000000072c700000, 0x0000000781d00000)
  object space 640000K, 84% used [0x0000000705600000,0x000000072650c238,0x000000072c700000)
 Metaspace       used 12358K, capacity 12820K, committed 13184K, reserved 1060864K
  class space    used 1676K, capacity 1802K, committed 1920K, reserved 1048576K

Deoptimization events (10 events):
Event: 72.910 Thread 0x00007fbefc00a000 Uncommon trap: reason=class_check action=maybe_recompile pc=0x00007fbeed21ce40 method=java.util.HashMap.putVal(ILjava/lang/Object;Ljava/lang/Object;ZZ)Ljava/lang/Object; @ 203
Event: 73.018 Thread 0x00007fbefc00a000 Uncommon trap: reason=range_check action=make_not_entrant pc=0x00007fbeed3230c8 method=sun.reflect.generics.parser.SignatureParser.current()C @ 34
Event: 73.244 Thread 0x00007fbefc00a000 Uncommon trap: reason=unstable_if action=reinterpret pc=0x00007fbeed382c68 method=java.lang.reflect.Method.invoke(Ljava/lang/Object;[Ljava/lang/Object;)Ljava/lang/Object; @ 4
Event: 73.605 Thread 0x00007fbefc00a000 Uncommon trap: reason=bimorphic action=maybe_recompile pc=0x00007fbeed40eb90 method=net.bytebuddy.description.type.TypeDescription$AbstractBase.equals(Ljava/lang/Object;)Z @ 40
Event: 73.605 Thread 0x00007fbefc00a000 Uncommon trap: reason=bimorphic action=maybe_recompile pc=0x00007fbeed40eb90 method=net.bytebuddy.description.type.TypeDescription$AbstractBase.equals(Ljava/lang/Object;)Z @ 40
Event: 73.605 Thread 0x00007fbefc00a000 Uncommon trap: reason=bimorphic action=maybe_recompile pc=0x00007fbeed40eb90 method=net.bytebuddy.description.type.TypeDescription$AbstractBase.equals(Ljava/lang/Object;)Z @ 40
Event: 73.606 Thread 0x00007fbefc00a000 Uncommon trap: reason=bimorphic action=maybe_recompile pc=0x00007fbeed40eb90 method=net.bytebuddy.description.type.TypeDescription$AbstractBase.equals(Ljava/lang/Object;)Z @ 40
Event: 73.810 Thread 0x00007fbefc00a000 Uncommon trap: reason=bimorphic action=maybe_recompile pc=0x00007fbeed46eef0 method=net.bytebuddy.description.type.TypeDescription$Generic$Visitor$Substitutor.onNonGenericType(Lnet/bytebuddy/description/type/TypeDescription$Generic;)Lnet/bytebuddy/descrip
Event: 73.810 Thread 0x00007fbefc00a000 Uncommon trap: reason=bimorphic action=maybe_recompile pc=0x00007fbeed46eef0 method=net.bytebuddy.description.type.TypeDescription$Generic$Visitor$Substitutor.onNonGenericType(Lnet/bytebuddy/description/type/TypeDescription$Generic;)Lnet/bytebuddy/descrip
Event: 73.875 Thread 0x00007fbefc00a000 Uncommon trap: reason=unstable_if action=reinterpret pc=0x00007fbeed4d1df4 method=net.bytebuddy.jar.asm.Type.a(Ljava/lang/StringBuffer;Ljava/lang/Class;)V @ 52

Internal exceptions (10 events):
Event: 1.059 Thread 0x00007fbefc2e0000 Exception <a 'java/lang/NoSuchFieldError': method resolution failed> (0x0000000782ca7c08) thrown at [/build/openjdk-8-YiEakL/openjdk-8-8u121-b13/src/hotspot/src/share/vm/prims/methodHandles.cpp, line 1146]
Event: 1.159 Thread 0x00007fbefc2e0000 Exception <a 'java/net/UnknownHostException'> (0x0000000782d85750) thrown at [/build/openjdk-8-YiEakL/openjdk-8-8u121-b13/src/hotspot/src/share/vm/prims/jni.cpp, line 709]
Event: 70.628 Thread 0x00007fbefc2e0000 Exception <a 'java/net/UnknownHostException'> (0x0000000782d90720) thrown at [/build/openjdk-8-YiEakL/openjdk-8-8u121-b13/src/hotspot/src/share/vm/prims/jni.cpp, line 709]
Event: 72.574 Thread 0x00007fbefc00a000 Exception <a 'java/security/PrivilegedActionException'> (0x0000000782f05590) thrown at [/build/openjdk-8-YiEakL/openjdk-8-8u121-b13/src/hotspot/src/share/vm/prims/jvm.cpp, line 1390]
Event: 72.574 Thread 0x00007fbefc00a000 Exception <a 'java/security/PrivilegedActionException'> (0x0000000782f05988) thrown at [/build/openjdk-8-YiEakL/openjdk-8-8u121-b13/src/hotspot/src/share/vm/prims/jvm.cpp, line 1390]
Event: 72.574 Thread 0x00007fbefc00a000 Exception <a 'java/security/PrivilegedActionException'> (0x0000000782f06830) thrown at [/build/openjdk-8-YiEakL/openjdk-8-8u121-b13/src/hotspot/src/share/vm/prims/jvm.cpp, line 1390]
Event: 72.574 Thread 0x00007fbefc00a000 Exception <a 'java/security/PrivilegedActionException'> (0x0000000782f06c28) thrown at [/build/openjdk-8-YiEakL/openjdk-8-8u121-b13/src/hotspot/src/share/vm/prims/jvm.cpp, line 1390]
Event: 73.019 Thread 0x00007fbefc00a000 Exception <a 'java/lang/ArrayIndexOutOfBoundsException': 18> (0x000000078406ea80) thrown at [/build/openjdk-8-YiEakL/openjdk-8-8u121-b13/src/hotspot/src/share/vm/interpreter/interpreterRuntime.cpp, line 366]
Event: 73.027 Thread 0x00007fbefc00a000 Exception <a 'java/lang/ArrayIndexOutOfBoundsException': 22> (0x00000007840ef998) thrown at [/build/openjdk-8-YiEakL/openjdk-8-8u121-b13/src/hotspot/src/share/vm/interpreter/interpreterRuntime.cpp, line 366]
Event: 73.028 Thread 0x00007fbefc00a000 Exception <a 'java/lang/ArrayIndexOutOfBoundsException': 160> (0x00000007840f1b58) thrown at [/build/openjdk-8-YiEakL/openjdk-8-8u121-b13/src/hotspot/src/share/vm/interpreter/interpreterRuntime.cpp, line 366]

Events (10 events):
Event: 81.103 Executing VM operation: ParallelGCFailedAllocation done
Event: 81.990 Executing VM operation: ParallelGCFailedAllocation
Event: 87.345 Executing VM operation: ParallelGCFailedAllocation done
Event: 87.776 Executing VM operation: ParallelGCFailedAllocation
Event: 88.064 Executing VM operation: ParallelGCFailedAllocation done
Event: 88.669 Executing VM operation: ParallelGCFailedAllocation
Event: 88.932 Executing VM operation: ParallelGCFailedAllocation done
Event: 89.241 Executing VM operation: ParallelGCFailedAllocation
Event: 89.564 Executing VM operation: ParallelGCFailedAllocation done
Event: 89.790 Executing VM operation: ParallelGCFailedAllocation


Dynamic libraries:
00400000-00401000 r-xp 00000000 08:06 662454                             /usr/lib/jvm/java-8-openjdk-amd64/jre/bin/java
00600000-00601000 r--p 00000000 08:06 662454                             /usr/lib/jvm/java-8-openjdk-amd64/jre/bin/java
00601000-00602000 rw-p 00001000 08:06 662454                             /usr/lib/jvm/java-8-openjdk-amd64/jre/bin/java
0256c000-0258d000 rw-p 00000000 00:00 0                                  [heap]
705600000-72c700000 rw-p 00000000 00:00 0 
72c700000-781d00000 ---p 00000000 00:00 0 
781d00000-7af980000 rw-p 00000000 00:00 0 
7af980000-7c0000000 ---p 00000000 00:00 0 
7c0000000-7c01e0000 rw-p 00000000 00:00 0 
7c01e0000-800000000 ---p 00000000 00:00 0 
7fbea8000000-7fbea80fd000 rw-p 00000000 00:00 0 
7fbea80fd000-7fbeac000000 ---p 00000000 00:00 0 
7fbeaf0c2000-7fbeaf1c2000 rw-p 00000000 00:00 0 
7fbeaf1c2000-7fbeaf2c2000 ---p 00000000 00:00 0 
7fbeaf2c2000-7fbeaf4c2000 rw-p 00000000 00:00 0 
7fbeaf4c2000-7fbeaf4d9000 r-xp 00000000 08:06 2889671                    /lib/x86_64-linux-gnu/libresolv-2.23.so
7fbeaf4d9000-7fbeaf6d9000 ---p 00017000 08:06 2889671                    /lib/x86_64-linux-gnu/libresolv-2.23.so
7fbeaf6d9000-7fbeaf6da000 r--p 00017000 08:06 2889671                    /lib/x86_64-linux-gnu/libresolv-2.23.so
7fbeaf6da000-7fbeaf6db000 rw-p 00018000 08:06 2889671                    /lib/x86_64-linux-gnu/libresolv-2.23.so
7fbeaf6db000-7fbeaf6dd000 rw-p 00000000 00:00 0 
7fbeaf6dd000-7fbeaf6e2000 r-xp 00000000 08:06 2889669                    /lib/x86_64-linux-gnu/libnss_dns-2.23.so
7fbeaf6e2000-7fbeaf8e2000 ---p 00005000 08:06 2889669                    /lib/x86_64-linux-gnu/libnss_dns-2.23.so
7fbeaf8e2000-7fbeaf8e3000 r--p 00005000 08:06 2889669                    /lib/x86_64-linux-gnu/libnss_dns-2.23.so
7fbeaf8e3000-7fbeaf8e4000 rw-p 00006000 08:06 2889669                    /lib/x86_64-linux-gnu/libnss_dns-2.23.so
7fbeaf8e4000-7fbeaf8e6000 r-xp 00000000 08:06 2888245                    /lib/x86_64-linux-gnu/libnss_mdns4_minimal.so.2
7fbeaf8e6000-7fbeafae5000 ---p 00002000 08:06 2888245                    /lib/x86_64-linux-gnu/libnss_mdns4_minimal.so.2
7fbeafae5000-7fbeafae6000 r--p 00001000 08:06 2888245                    /lib/x86_64-linux-gnu/libnss_mdns4_minimal.so.2
7fbeafae6000-7fbeafae7000 rw-p 00002000 08:06 2888245                    /lib/x86_64-linux-gnu/libnss_mdns4_minimal.so.2
7fbeafae7000-7fbeafde8000 rw-p 00000000 00:00 0 
7fbeafde8000-7fbeafdff000 r-xp 00000000 08:06 662405                     /usr/lib/jvm/java-8-openjdk-amd64/jre/lib/amd64/libnet.so
7fbeafdff000-7fbeafffe000 ---p 00017000 08:06 662405                     /usr/lib/jvm/java-8-openjdk-amd64/jre/lib/amd64/libnet.so
7fbeafffe000-7fbeaffff000 r--p 00016000 08:06 662405                     /usr/lib/jvm/java-8-openjdk-amd64/jre/lib/amd64/libnet.so
7fbeaffff000-7fbeb0000000 rw-p 00017000 08:06 662405                     /usr/lib/jvm/java-8-openjdk-amd64/jre/lib/amd64/libnet.so
7fbeb0000000-7fbeb02e0000 rw-p 00000000 00:00 0 
7fbeb02e0000-7fbeb4000000 ---p 00000000 00:00 0 
7fbeb4000000-7fbeb4021000 rw-p 00000000 00:00 0 
7fbeb4021000-7fbeb8000000 ---p 00000000 00:00 0 
7fbeb8000000-7fbeb86b7000 rw-p 00000000 00:00 0 
7fbeb86b7000-7fbebc000000 ---p 00000000 00:00 0 
7fbebc000000-7fbebc021000 rw-p 00000000 00:00 0 
7fbebc021000-7fbec0000000 ---p 00000000 00:00 0 
7fbec0000000-7fbec0021000 rw-p 00000000 00:00 0 
7fbec0021000-7fbec4000000 ---p 00000000 00:00 0 
7fbec4000000-7fbec44f6000 rw-p 00000000 00:00 0 
7fbec44f6000-7fbec8000000 ---p 00000000 00:00 0 
7fbec8000000-7fbec8021000 rw-p 00000000 00:00 0 
7fbec8021000-7fbecc000000 ---p 00000000 00:00 0 
7fbecc000000-7fbecc021000 rw-p 00000000 00:00 0 
7fbecc021000-7fbed0000000 ---p 00000000 00:00 0 
7fbed0000000-7fbed0021000 rw-p 00000000 00:00 0 
7fbed0021000-7fbed4000000 ---p 00000000 00:00 0 
7fbed4000000-7fbed4021000 rw-p 00000000 00:00 0 
7fbed4021000-7fbed8000000 ---p 00000000 00:00 0 
7fbed8000000-7fbed8021000 rw-p 00000000 00:00 0 
7fbed8021000-7fbedc000000 ---p 00000000 00:00 0 
7fbedc000000-7fbedc021000 rw-p 00000000 00:00 0 
7fbedc021000-7fbee0000000 ---p 00000000 00:00 0 
7fbee0000000-7fbee0021000 rw-p 00000000 00:00 0 
7fbee0021000-7fbee4000000 ---p 00000000 00:00 0 
7fbee40f0000-7fbee4118000 r-xp 00000000 08:06 662408                     /usr/lib/jvm/java-8-openjdk-amd64/jre/lib/amd64/libsunec.so
7fbee4118000-7fbee4317000 ---p 00028000 08:06 662408                     /usr/lib/jvm/java-8-openjdk-amd64/jre/lib/amd64/libsunec.so
7fbee4317000-7fbee431b000 r--p 00027000 08:06 662408                     /usr/lib/jvm/java-8-openjdk-amd64/jre/lib/amd64/libsunec.so
7fbee431b000-7fbee431c000 rw-p 0002b000 08:06 662408                     /usr/lib/jvm/java-8-openjdk-amd64/jre/lib/amd64/libsunec.so
7fbee431c000-7fbee431f000 ---p 00000000 00:00 0 
7fbee431f000-7fbee441d000 rw-p 00000000 00:00 0 
7fbee441d000-7fbee4457000 r--s 00262000 08:06 7349856                    /home/bill/.m2/repository/net/bytebuddy/byte-buddy/1.6.2/byte-buddy-1.6.2.jar
7fbee4457000-7fbee4458000 ---p 00000000 00:00 0 
7fbee4458000-7fbee4558000 rw-p 00000000 00:00 0 
7fbee4558000-7fbee455b000 ---p 00000000 00:00 0 
7fbee455b000-7fbee4659000 rw-p 00000000 00:00 0 
7fbee4659000-7fbee465c000 ---p 00000000 00:00 0 
7fbee465c000-7fbee475a000 rw-p 00000000 00:00 0 
7fbee475a000-7fbee475d000 ---p 00000000 00:00 0 
7fbee475d000-7fbee485b000 rw-p 00000000 00:00 0 
7fbee485b000-7fbee485e000 ---p 00000000 00:00 0 
7fbee485e000-7fbee495c000 rw-p 00000000 00:00 0 
7fbee495c000-7fbee495f000 ---p 00000000 00:00 0 
7fbee495f000-7fbee4a5d000 rw-p 00000000 00:00 0 
7fbee4a5d000-7fbee4d35000 r--p 00000000 08:06 394133                     /usr/lib/locale/locale-archive
7fbee4d35000-7fbee4d38000 ---p 00000000 00:00 0 
7fbee4d38000-7fbee4e36000 rw-p 00000000 00:00 0 
7fbee4e36000-7fbee4e39000 ---p 00000000 00:00 0 
7fbee4e39000-7fbee4f37000 rw-p 00000000 00:00 0 
7fbee4f37000-7fbee4f38000 ---p 00000000 00:00 0 
7fbee4f38000-7fbee5f94000 rw-p 00000000 00:00 0 
7fbee5f94000-7fbee6162000 r--s 03c06000 08:06 526923                     /usr/lib/jvm/java-8-openjdk-amd64/jre/lib/rt.jar
7fbee6162000-7fbeeccfd000 rw-p 00000000 00:00 0 
7fbeeccfd000-7fbeeccfe000 ---p 00000000 00:00 0 
7fbeeccfe000-7fbeecdfe000 rw-p 00000000 00:00 0 
7fbeecdfe000-7fbeecdff000 ---p 00000000 00:00 0 
7fbeecdff000-7fbeeceff000 rw-p 00000000 00:00 0 
7fbeeceff000-7fbeecf00000 ---p 00000000 00:00 0 
7fbeecf00000-7fbeed000000 rw-p 00000000 00:00 0 
7fbeed000000-7fbeed550000 rwxp 00000000 00:00 0 
7fbeed550000-7fbefc000000 ---p 00000000 00:00 0 
7fbefc000000-7fbefc4c3000 rw-p 00000000 00:00 0 
7fbefc4c3000-7fbf00000000 ---p 00000000 00:00 0 
7fbf0000d000-7fbf00010000 r--s 00015000 08:06 526920                     /usr/lib/jvm/java-8-openjdk-amd64/jre/lib/jce.jar
7fbf00010000-7fbf00014000 r--s 0009a000 08:06 526919                     /usr/lib/jvm/java-8-openjdk-amd64/jre/lib/jsse.jar
7fbf00014000-7fbf00016000 r--s 00007000 08:06 7078170                    /home/bill/.m2/repository/org/apache/maven/surefire/surefire-junit4/2.10/surefire-junit4-2.10.jar
7fbf00016000-7fbf00018000 r--s 0000b000 08:06 7349854                    /home/bill/.m2/repository/org/objenesis/objenesis/2.4/objenesis-2.4.jar
7fbf00018000-7fbf0001a000 r--s 00006000 08:06 7349855                    /home/bill/.m2/repository/net/bytebuddy/byte-buddy-agent/1.6.2/byte-buddy-agent-1.6.2.jar
7fbf0001a000-7fbf00029000 r--s 00072000 08:06 7349853                    /home/bill/.m2/repository/org/mockito/mockito-core/2.6.2/mockito-core-2.6.2.jar
7fbf00029000-7fbf0002c000 r--s 00012000 08:06 7078451                    /home/bill/.m2/repository/org/glassfish/javax.json/1.0.4/javax.json-1.0.4.jar
7fbf0002c000-7fbf0002d000 r--s 00004000 08:06 6947891                    /home/bill/.m2/repository/javax/json/javax.json-api/1.0/javax.json-api-1.0.jar
7fbf0002d000-7fbf00035000 r--s 00045000 08:06 6817998                    /home/bill/.m2/repository/junit/junit/4.12/junit-4.12.jar
7fbf00035000-7fbf0003a000 r--s 00023000 08:06 6948662                    /home/bill/.m2/repository/org/apache/maven/surefire/surefire-api/2.10/surefire-api-2.10.jar
7fbf0003a000-7fbf0003b000 ---p 00000000 00:00 0 
7fbf0003b000-7fbf00274000 rw-p 00000000 00:00 0 
7fbf00274000-7fbf0051f000 ---p 00000000 00:00 0 
7fbf0051f000-7fbf00658000 rw-p 00000000 00:00 0 
7fbf00658000-7fbf00902000 ---p 00000000 00:00 0 
7fbf00902000-7fbf00a71000 rw-p 00000000 00:00 0 
7fbf00a71000-7fbf00af4000 ---p 00000000 00:00 0 
7fbf00af4000-7fbf00b0b000 rw-p 00000000 00:00 0 
7fbf00b0b000-7fbf00eb5000 ---p 00000000 00:00 0 
7fbf00eb5000-7fbf00ebd000 r-xp 00000000 08:06 662403                     /usr/lib/jvm/java-8-openjdk-amd64/jre/lib/amd64/libzip.so
7fbf00ebd000-7fbf010bc000 ---p 00008000 08:06 662403                     /usr/lib/jvm/java-8-openjdk-amd64/jre/lib/amd64/libzip.so
7fbf010bc000-7fbf010bd000 r--p 00007000 08:06 662403                     /usr/lib/jvm/java-8-openjdk-amd64/jre/lib/amd64/libzip.so
7fbf010bd000-7fbf010be000 rw-p 00008000 08:06 662403                     /usr/lib/jvm/java-8-openjdk-amd64/jre/lib/amd64/libzip.so
7fbf010be000-7fbf010c9000 r-xp 00000000 08:06 2889670                    /lib/x86_64-linux-gnu/libnss_files-2.23.so
7fbf010c9000-7fbf012c8000 ---p 0000b000 08:06 2889670                    /lib/x86_64-linux-gnu/libnss_files-2.23.so
7fbf012c8000-7fbf012c9000 r--p 0000a000 08:06 2889670                    /lib/x86_64-linux-gnu/libnss_files-2.23.so
7fbf012c9000-7fbf012ca000 rw-p 0000b000 08:06 2889670                    /lib/x86_64-linux-gnu/libnss_files-2.23.so
7fbf012ca000-7fbf012d0000 rw-p 00000000 00:00 0 
7fbf012d0000-7fbf012db000 r-xp 00000000 08:06 2889655                    /lib/x86_64-linux-gnu/libnss_nis-2.23.so
7fbf012db000-7fbf014da000 ---p 0000b000 08:06 2889655                    /lib/x86_64-linux-gnu/libnss_nis-2.23.so
7fbf014da000-7fbf014db000 r--p 0000a000 08:06 2889655                    /lib/x86_64-linux-gnu/libnss_nis-2.23.so
7fbf014db000-7fbf014dc000 rw-p 0000b000 08:06 2889655                    /lib/x86_64-linux-gnu/libnss_nis-2.23.so
7fbf014dc000-7fbf014f2000 r-xp 00000000 08:06 2889666                    /lib/x86_64-linux-gnu/libnsl-2.23.so
7fbf014f2000-7fbf016f1000 ---p 00016000 08:06 2889666                    /lib/x86_64-linux-gnu/libnsl-2.23.so
7fbf016f1000-7fbf016f2000 r--p 00015000 08:06 2889666                    /lib/x86_64-linux-gnu/libnsl-2.23.so
7fbf016f2000-7fbf016f3000 rw-p 00016000 08:06 2889666                    /lib/x86_64-linux-gnu/libnsl-2.23.so
7fbf016f3000-7fbf016f5000 rw-p 00000000 00:00 0 
7fbf016f5000-7fbf016fd000 r-xp 00000000 08:06 2889667                    /lib/x86_64-linux-gnu/libnss_compat-2.23.so
7fbf016fd000-7fbf018fc000 ---p 00008000 08:06 2889667                    /lib/x86_64-linux-gnu/libnss_compat-2.23.so
7fbf018fc000-7fbf018fd000 r--p 00007000 08:06 2889667                    /lib/x86_64-linux-gnu/libnss_compat-2.23.so
7fbf018fd000-7fbf018fe000 rw-p 00008000 08:06 2889667                    /lib/x86_64-linux-gnu/libnss_compat-2.23.so
7fbf018fe000-7fbf0192b000 r-xp 00000000 08:06 662430                     /usr/lib/jvm/java-8-openjdk-amd64/jre/lib/amd64/libjava.so
7fbf0192b000-7fbf01b2a000 ---p 0002d000 08:06 662430                     /usr/lib/jvm/java-8-openjdk-amd64/jre/lib/amd64/libjava.so
7fbf01b2a000-7fbf01b2b000 r--p 0002c000 08:06 662430                     /usr/lib/jvm/java-8-openjdk-amd64/jre/lib/amd64/libjava.so
7fbf01b2b000-7fbf01b2d000 rw-p 0002d000 08:06 662430                     /usr/lib/jvm/java-8-openjdk-amd64/jre/lib/amd64/libjava.so
7fbf01b2d000-7fbf01b3c000 r-xp 00000000 08:06 662396                     /usr/lib/jvm/java-8-openjdk-amd64/jre/lib/amd64/libverify.so
7fbf01b3c000-7fbf01d3b000 ---p 0000f000 08:06 662396                     /usr/lib/jvm/java-8-openjdk-amd64/jre/lib/amd64/libverify.so
7fbf01d3b000-7fbf01d3d000 r--p 0000e000 08:06 662396                     /usr/lib/jvm/java-8-openjdk-amd64/jre/lib/amd64/libverify.so
7fbf01d3d000-7fbf01d3e000 rw-p 00010000 08:06 662396                     /usr/lib/jvm/java-8-openjdk-amd64/jre/lib/amd64/libverify.so
7fbf01d3e000-7fbf01d45000 r-xp 00000000 08:06 2889654                    /lib/x86_64-linux-gnu/librt-2.23.so
7fbf01d45000-7fbf01f44000 ---p 00007000 08:06 2889654                    /lib/x86_64-linux-gnu/librt-2.23.so
7fbf01f44000-7fbf01f45000 r--p 00006000 08:06 2889654                    /lib/x86_64-linux-gnu/librt-2.23.so
7fbf01f45000-7fbf01f46000 rw-p 00007000 08:06 2889654                    /lib/x86_64-linux-gnu/librt-2.23.so
7fbf01f46000-7fbf01f5c000 r-xp 00000000 08:06 2888178                    /lib/x86_64-linux-gnu/libgcc_s.so.1
7fbf01f5c000-7fbf0215b000 ---p 00016000 08:06 2888178                    /lib/x86_64-linux-gnu/libgcc_s.so.1
7fbf0215b000-7fbf0215c000 rw-p 00015000 08:06 2888178                    /lib/x86_64-linux-gnu/libgcc_s.so.1
7fbf0215c000-7fbf02264000 r-xp 00000000 08:06 2889664                    /lib/x86_64-linux-gnu/libm-2.23.so
7fbf02264000-7fbf02463000 ---p 00108000 08:06 2889664                    /lib/x86_64-linux-gnu/libm-2.23.so
7fbf02463000-7fbf02464000 r--p 00107000 08:06 2889664                    /lib/x86_64-linux-gnu/libm-2.23.so
7fbf02464000-7fbf02465000 rw-p 00108000 08:06 2889664                    /lib/x86_64-linux-gnu/libm-2.23.so
7fbf02465000-7fbf025d7000 r-xp 00000000 08:06 395394                     /usr/lib/x86_64-linux-gnu/libstdc++.so.6.0.21
7fbf025d7000-7fbf027d7000 ---p 00172000 08:06 395394                     /usr/lib/x86_64-linux-gnu/libstdc++.so.6.0.21
7fbf027d7000-7fbf027e1000 r--p 00172000 08:06 395394                     /usr/lib/x86_64-linux-gnu/libstdc++.so.6.0.21
7fbf027e1000-7fbf027e3000 rw-p 0017c000 08:06 395394                     /usr/lib/x86_64-linux-gnu/libstdc++.so.6.0.21
7fbf027e3000-7fbf027e7000 rw-p 00000000 00:00 0 
7fbf027e7000-7fbf03437000 r-xp 00000000 08:06 662425                     /usr/lib/jvm/java-8-openjdk-amd64/jre/lib/amd64/server/libjvm.so
7fbf03437000-7fbf03636000 ---p 00c50000 08:06 662425                     /usr/lib/jvm/java-8-openjdk-amd64/jre/lib/amd64/server/libjvm.so
7fbf03636000-7fbf036c9000 r--p 00c4f000 08:06 662425                     /usr/lib/jvm/java-8-openjdk-amd64/jre/lib/amd64/server/libjvm.so
7fbf036c9000-7fbf036f2000 rw-p 00ce2000 08:06 662425                     /usr/lib/jvm/java-8-openjdk-amd64/jre/lib/amd64/server/libjvm.so
7fbf036f2000-7fbf03722000 rw-p 00000000 00:00 0 
7fbf03722000-7fbf0373a000 r-xp 00000000 08:06 2889665                    /lib/x86_64-linux-gnu/libpthread-2.23.so
7fbf0373a000-7fbf03939000 ---p 00018000 08:06 2889665                    /lib/x86_64-linux-gnu/libpthread-2.23.so
7fbf03939000-7fbf0393a000 r--p 00017000 08:06 2889665                    /lib/x86_64-linux-gnu/libpthread-2.23.so
7fbf0393a000-7fbf0393b000 rw-p 00018000 08:06 2889665                    /lib/x86_64-linux-gnu/libpthread-2.23.so
7fbf0393b000-7fbf0393f000 rw-p 00000000 00:00 0 
7fbf0393f000-7fbf03942000 r-xp 00000000 08:06 2889658                    /lib/x86_64-linux-gnu/libdl-2.23.so
7fbf03942000-7fbf03b41000 ---p 00003000 08:06 2889658                    /lib/x86_64-linux-gnu/libdl-2.23.so
7fbf03b41000-7fbf03b42000 r--p 00002000 08:06 2889658                    /lib/x86_64-linux-gnu/libdl-2.23.so
7fbf03b42000-7fbf03b43000 rw-p 00003000 08:06 2889658                    /lib/x86_64-linux-gnu/libdl-2.23.so
7fbf03b43000-7fbf03b5c000 r-xp 00000000 08:06 2888331                    /lib/x86_64-linux-gnu/libz.so.1.2.8
7fbf03b5c000-7fbf03d5b000 ---p 00019000 08:06 2888331                    /lib/x86_64-linux-gnu/libz.so.1.2.8
7fbf03d5b000-7fbf03d5c000 r--p 00018000 08:06 2888331                    /lib/x86_64-linux-gnu/libz.so.1.2.8
7fbf03d5c000-7fbf03d5d000 rw-p 00019000 08:06 2888331                    /lib/x86_64-linux-gnu/libz.so.1.2.8
7fbf03d5d000-7fbf03f1c000 r-xp 00000000 08:06 2889659                    /lib/x86_64-linux-gnu/libc-2.23.so
7fbf03f1c000-7fbf0411c000 ---p 001bf000 08:06 2889659                    /lib/x86_64-linux-gnu/libc-2.23.so
7fbf0411c000-7fbf04120000 r--p 001bf000 08:06 2889659                    /lib/x86_64-linux-gnu/libc-2.23.so
7fbf04120000-7fbf04122000 rw-p 001c3000 08:06 2889659                    /lib/x86_64-linux-gnu/libc-2.23.so
7fbf04122000-7fbf04126000 rw-p 00000000 00:00 0 
7fbf04126000-7fbf04133000 r-xp 00000000 08:06 662419                     /usr/lib/jvm/java-8-openjdk-amd64/jre/lib/amd64/jli/libjli.so
7fbf04133000-7fbf04333000 ---p 0000d000 08:06 662419                     /usr/lib/jvm/java-8-openjdk-amd64/jre/lib/amd64/jli/libjli.so
7fbf04333000-7fbf04334000 r--p 0000d000 08:06 662419                     /usr/lib/jvm/java-8-openjdk-amd64/jre/lib/amd64/jli/libjli.so
7fbf04334000-7fbf04335000 rw-p 0000e000 08:06 662419                     /usr/lib/jvm/java-8-openjdk-amd64/jre/lib/amd64/jli/libjli.so
7fbf04335000-7fbf0435b000 r-xp 00000000 08:06 2888095                    /lib/x86_64-linux-gnu/ld-2.23.so
7fbf0435b000-7fbf0435d000 r--s 00009000 08:06 6948292                    /home/bill/.m2/repository/org/hamcrest/hamcrest-core/1.3/hamcrest-core-1.3.jar
7fbf0435d000-7fbf0435f000 r--s 00007000 08:06 6948661                    /home/bill/.m2/repository/org/apache/maven/surefire/surefire-booter/2.10/surefire-booter-2.10.jar
7fbf0435f000-7fbf04360000 r--s 00000000 08:06 7085605                    /home/bill/SchoolWork/csc380/CSC_380_bus_project/target/surefire/surefirebooter1393751177521380562.jar (deleted)
7fbf04360000-7fbf04362000 r--s 00008000 08:06 662439                     /usr/lib/jvm/java-8-openjdk-amd64/jre/lib/ext/sunec.jar
7fbf04362000-7fbf0437d000 r--s 00394000 08:06 662443                     /usr/lib/jvm/java-8-openjdk-amd64/jre/lib/ext/cldrdata.jar
7fbf0437d000-7fbf04387000 r--s 00116000 08:06 662446                     /usr/lib/jvm/java-8-openjdk-amd64/jre/lib/ext/localedata.jar
7fbf04387000-7fbf043a2000 r--s 001d6000 08:06 662440                     /usr/lib/jvm/java-8-openjdk-amd64/jre/lib/ext/nashorn.jar
7fbf043a2000-7fbf04438000 rw-p 00000000 00:00 0 
7fbf04438000-7fbf0443b000 ---p 00000000 00:00 0 
7fbf0443b000-7fbf0453e000 rw-p 00000000 00:00 0 
7fbf0453e000-7fbf04542000 r--s 00037000 08:06 662445                     /usr/lib/jvm/java-8-openjdk-amd64/jre/lib/ext/sunpkcs11.jar
7fbf04542000-7fbf04543000 r--s 00010000 08:06 662444                     /usr/lib/jvm/java-8-openjdk-amd64/jre/lib/ext/zipfs.jar
7fbf04543000-7fbf04544000 r--s 0000a000 08:06 662448                     /usr/lib/jvm/java-8-openjdk-amd64/jre/lib/ext/jaccess.jar
7fbf04544000-7fbf04549000 r--s 0003b000 08:06 662447                     /usr/lib/jvm/java-8-openjdk-amd64/jre/lib/ext/sunjce_provider.jar
7fbf04549000-7fbf0454b000 r--s 00001000 08:06 662441                     /usr/lib/jvm/java-8-openjdk-amd64/jre/lib/ext/dnsns.jar
7fbf0454b000-7fbf0454e000 r--s 0000f000 08:06 662442                     /usr/lib/jvm/java-8-openjdk-amd64/jre/lib/ext/icedtea-sound.jar
7fbf0454e000-7fbf04556000 rw-s 00000000 08:06 4194359                    /tmp/hsperfdata_bill/3700
7fbf04556000-7fbf04557000 rw-p 00000000 00:00 0 
7fbf04557000-7fbf04558000 ---p 00000000 00:00 0 
7fbf04558000-7fbf0455a000 rw-p 00000000 00:00 0 
7fbf0455a000-7fbf0455b000 r--p 00025000 08:06 2888095                    /lib/x86_64-linux-gnu/ld-2.23.so
7fbf0455b000-7fbf0455c000 rw-p 00026000 08:06 2888095                    /lib/x86_64-linux-gnu/ld-2.23.so
7fbf0455c000-7fbf0455d000 rw-p 00000000 00:00 0 
7fffdf013000-7fffdf034000 rw-p 00000000 00:00 0                          [stack]
7fffdf108000-7fffdf10a000 r--p 00000000 00:00 0                          [vvar]
7fffdf10a000-7fffdf10c000 r-xp 00000000 00:00 0                          [vdso]
ffffffffff600000-ffffffffff601000 r-xp 00000000 00:00 0                  [vsyscall]

VM Arguments:
java_command: /home/bill/SchoolWork/csc380/CSC_380_bus_project/target/surefire/surefirebooter1393751177521380562.jar /home/bill/SchoolWork/csc380/CSC_380_bus_project/target/surefire/surefire5558805740382994179tmp /home/bill/SchoolWork/csc380/CSC_380_bus_project/target/surefire/surefire7531276246321299390tmp
java_class_path (initial): /home/bill/SchoolWork/csc380/CSC_380_bus_project/target/surefire/surefirebooter1393751177521380562.jar
Launcher Type: SUN_STANDARD

Environment Variables:
JAVA_HOME=/usr/lib/jvm/java-8-openjdk-amd64
PATH=/home/bill/bin:/home/bill/.local/bin:/usr/local/sbin:/usr/local/bin:/usr/sbin:/usr/bin:/sbin:/bin:/usr/games:/usr/local/games:/snap/bin
LD_LIBRARY_PATH=/usr/lib/jvm/java-8-openjdk-amd64/bin/../jre/lib/amd64:/usr/lib/jvm/java-8-openjdk-amd64/bin/../jre/lib/i386:
SHELL=/bin/bash
DISPLAY=:0

Signal Handlers:
SIGSEGV: [libjvm.so+0xa66fd0], sa_mask[0]=11111111011111111101111111111110, sa_flags=SA_RESTART|SA_SIGINFO
SIGBUS: [libjvm.so+0xa66fd0], sa_mask[0]=11111111011111111101111111111110, sa_flags=SA_RESTART|SA_SIGINFO
SIGFPE: [libjvm.so+0x8b0180], sa_mask[0]=11111111011111111101111111111110, sa_flags=SA_RESTART|SA_SIGINFO
SIGPIPE: [libjvm.so+0x8b0180], sa_mask[0]=11111111011111111101111111111110, sa_flags=SA_RESTART|SA_SIGINFO
SIGXFSZ: [libjvm.so+0x8b0180], sa_mask[0]=11111111011111111101111111111110, sa_flags=SA_RESTART|SA_SIGINFO
SIGILL: [libjvm.so+0x8b0180], sa_mask[0]=11111111011111111101111111111110, sa_flags=SA_RESTART|SA_SIGINFO
SIGUSR1: SIG_DFL, sa_mask[0]=00000000000000000000000000000000, sa_flags=none
SIGUSR2: [libjvm.so+0x8b0030], sa_mask[0]=00100000000000000000000000000000, sa_flags=SA_RESTART|SA_SIGINFO
SIGHUP: [libjvm.so+0x8b0500], sa_mask[0]=11111111011111111101111111111110, sa_flags=SA_RESTART|SA_SIGINFO
SIGINT: SIG_IGN, sa_mask[0]=00000000000000000000000000000000, sa_flags=none
SIGTERM: [libjvm.so+0x8b0500], sa_mask[0]=11111111011111111101111111111110, sa_flags=SA_RESTART|SA_SIGINFO
SIGQUIT: [libjvm.so+0x8b0500], sa_mask[0]=11111111011111111101111111111110, sa_flags=SA_RESTART|SA_SIGINFO


---------------  S Y S T E M  ---------------

OS:DISTRIB_ID=Ubuntu
DISTRIB_RELEASE=16.04
DISTRIB_CODENAME=xenial
DISTRIB_DESCRIPTION="Ubuntu 16.04.2 LTS"

uname:Linux 4.4.0-62-generic #83-Ubuntu SMP Wed Jan 18 14:10:15 UTC 2017 x86_64
libc:glibc 2.23 NPTL 2.23 
rlimit: STACK 8192k, CORE 0k, NPROC 47343, NOFILE 65536, AS infinity
load average:5.79 5.68 4.11

/proc/meminfo:
MemTotal:       12225136 kB
MemFree:         4694160 kB
MemAvailable:    5553280 kB
Buffers:           77496 kB
Cached:          1157284 kB
SwapCached:            0 kB
Active:          6795096 kB
Inactive:         505456 kB
Active(anon):    6067468 kB
Inactive(anon):   162696 kB
Active(file):     727628 kB
Inactive(file):   342760 kB
Unevictable:         184 kB
Mlocked:             184 kB
SwapTotal:      47851516 kB
SwapFree:       47851516 kB
Dirty:               480 kB
Writeback:             0 kB
AnonPages:       6084408 kB
Mapped:           230076 kB
Shmem:            164396 kB
Slab:              89708 kB
SReclaimable:      56680 kB
SUnreclaim:        33028 kB
KernelStack:        9104 kB
PageTables:        37468 kB
NFS_Unstable:          0 kB
Bounce:                0 kB
WritebackTmp:          0 kB
CommitLimit:    53964084 kB
Committed_AS:   10125412 kB
VmallocTotal:   34359738367 kB
VmallocUsed:           0 kB
VmallocChunk:          0 kB
HardwareCorrupted:     0 kB
AnonHugePages:   5066752 kB
CmaTotal:              0 kB
CmaFree:               0 kB
HugePages_Total:       0
HugePages_Free:        0
HugePages_Rsvd:        0
HugePages_Surp:        0
Hugepagesize:       2048 kB
DirectMap4k:      114432 kB
DirectMap2M:     4001792 kB
DirectMap1G:     9437184 kB


CPU:total 4 (2 cores per cpu, 2 threads per core) family 6 model 69 stepping 1, cmov, cx8, fxsr, mmx, sse, sse2, sse3, ssse3, sse4.1, sse4.2, popcnt, avx, avx2, aes, clmul, erms, lzcnt, ht, tsc, tscinvbit, bmi1, bmi2

/proc/cpuinfo:
processor	: 0
vendor_id	: GenuineIntel
cpu family	: 6
model		: 69
model name	: Intel(R) Core(TM) i5-4210U CPU @ 1.70GHz
stepping	: 1
microcode	: 0x1d
cpu MHz		: 2399.906
cache size	: 3072 KB
physical id	: 0
siblings	: 4
core id		: 0
cpu cores	: 2
apicid		: 0
initial apicid	: 0
fpu		: yes
fpu_exception	: yes
cpuid level	: 13
wp		: yes
flags		: fpu vme de pse tsc msr pae mce cx8 apic sep mtrr pge mca cmov pat pse36 clflush dts acpi mmx fxsr sse sse2 ss ht tm pbe syscall nx pdpe1gb rdtscp lm constant_tsc arch_perfmon pebs bts rep_good nopl xtopology nonstop_tsc aperfmperf eagerfpu pni pclmulqdq dtes64 monitor ds_cpl vmx est tm2 ssse3 sdbg fma cx16 xtpr pdcm pcid sse4_1 sse4_2 movbe popcnt tsc_deadline_timer aes xsave avx f16c rdrand lahf_lm abm epb tpr_shadow vnmi flexpriority ept vpid fsgsbase tsc_adjust bmi1 avx2 smep bmi2 erms invpcid xsaveopt dtherm ida arat pln pts
bugs		:
bogomips	: 4788.75
clflush size	: 64
cache_alignment	: 64
address sizes	: 39 bits physical, 48 bits virtual
power management:

processor	: 1
vendor_id	: GenuineIntel
cpu family	: 6
model		: 69
model name	: Intel(R) Core(TM) i5-4210U CPU @ 1.70GHz
stepping	: 1
microcode	: 0x1d
cpu MHz		: 2399.906
cache size	: 3072 KB
physical id	: 0
siblings	: 4
core id		: 0
cpu cores	: 2
apicid		: 1
initial apicid	: 1
fpu		: yes
fpu_exception	: yes
cpuid level	: 13
wp		: yes
flags		: fpu vme de pse tsc msr pae mce cx8 apic sep mtrr pge mca cmov pat pse36 clflush dts acpi mmx fxsr sse sse2 ss ht tm pbe syscall nx pdpe1gb rdtscp lm constant_tsc arch_perfmon pebs bts rep_good nopl xtopology nonstop_tsc aperfmperf eagerfpu pni pclmulqdq dtes64 monitor ds_cpl vmx est tm2 ssse3 sdbg fma cx16 xtpr pdcm pcid sse4_1 sse4_2 movbe popcnt tsc_deadline_timer aes xsave avx f16c rdrand lahf_lm abm epb tpr_shadow vnmi flexpriority ept vpid fsgsbase tsc_adjust bmi1 avx2 smep bmi2 erms invpcid xsaveopt dtherm ida arat pln pts
bugs		:
bogomips	: 4788.75
clflush size	: 64
cache_alignment	: 64
address sizes	: 39 bits physical, 48 bits virtual
power management:

processor	: 2
vendor_id	: GenuineIntel
cpu family	: 6
model		: 69
model name	: Intel(R) Core(TM) i5-4210U CPU @ 1.70GHz
stepping	: 1
microcode	: 0x1d
cpu MHz		: 2399.906
cache size	: 3072 KB
physical id	: 0
siblings	: 4
core id		: 1
cpu cores	: 2
apicid		: 2
initial apicid	: 2
fpu		: yes
fpu_exception	: yes
cpuid level	: 13
wp		: yes
flags		: fpu vme de pse tsc msr pae mce cx8 apic sep mtrr pge mca cmov pat pse36 clflush dts acpi mmx fxsr sse sse2 ss ht tm pbe syscall nx pdpe1gb rdtscp lm constant_tsc arch_perfmon pebs bts rep_good nopl xtopology nonstop_tsc aperfmperf eagerfpu pni pclmulqdq dtes64 monitor ds_cpl vmx est tm2 ssse3 sdbg fma cx16 xtpr pdcm pcid sse4_1 sse4_2 movbe popcnt tsc_deadline_timer aes xsave avx f16c rdrand lahf_lm abm epb tpr_shadow vnmi flexpriority ept vpid fsgsbase tsc_adjust bmi1 avx2 smep bmi2 erms invpcid xsaveopt dtherm ida arat pln pts
bugs		:
bogomips	: 4788.75
clflush size	: 64
cache_alignment	: 64
address sizes	: 39 bits physical, 48 bits virtual
power management:

processor	: 3
vendor_id	: GenuineIntel
cpu family	: 6
model		: 69
model name	: Intel(R) Core(TM) i5-4210U CPU @ 1.70GHz
stepping	: 1
microcode	: 0x1d
cpu MHz		: 2399.906
cache size	: 3072 KB
physical id	: 0
siblings	: 4
core id		: 1
cpu cores	: 2
apicid		: 3
initial apicid	: 3
fpu		: yes
fpu_exception	: yes
cpuid level	: 13
wp		: yes
flags		: fpu vme de pse tsc msr pae mce cx8 apic sep mtrr pge mca cmov pat pse36 clflush dts acpi mmx fxsr sse sse2 ss ht tm pbe syscall nx pdpe1gb rdtscp lm constant_tsc arch_perfmon pebs bts rep_good nopl xtopology nonstop_tsc aperfmperf eagerfpu pni pclmulqdq dtes64 monitor ds_cpl vmx est tm2 ssse3 sdbg fma cx16 xtpr pdcm pcid sse4_1 sse4_2 movbe popcnt tsc_deadline_timer aes xsave avx f16c rdrand lahf_lm abm epb tpr_shadow vnmi flexpriority ept vpid fsgsbase tsc_adjust bmi1 avx2 smep bmi2 erms invpcid xsaveopt dtherm ida arat pln pts
bugs		:
bogomips	: 4788.75
clflush size	: 64
cache_alignment	: 64
address sizes	: 39 bits physical, 48 bits virtual
power management:



Memory: 4k page, physical 12225136k(4694160k free), swap 47851516k(47851516k free)

vm_info: OpenJDK 64-Bit Server VM (25.121-b13) for linux-amd64 JRE (1.8.0_121-8u121-b13-0ubuntu1.16.04.2-b13), built on Jan 23 2017 15:51:29 by "buildd" with gcc 5.4.0 20160609

time: Thu Mar  2 11:16:29 2017
elapsed time: 90 seconds (0d 0h 1m 30s)

