#
# A fatal error has been detected by the Java Runtime Environment:
#
#  SIGSEGV (0xb) at pc=0x00007f0b8f0b2b51, pid=3808, tid=0x00007f0b78cfc700
#
# JRE version: OpenJDK Runtime Environment (8.0_121-b13) (build 1.8.0_121-8u121-b13-0ubuntu1.16.04.2-b13)
# Java VM: OpenJDK 64-Bit Server VM (25.121-b13 mixed mode linux-amd64 compressed oops)
# Problematic frame:
# V  [libjvm.so+0x911b51]
#
# Failed to write core dump. Core dumps have been disabled. To enable core dumping, try "ulimit -c unlimited" before starting Java again
#
# If you would like to submit a bug report, please visit:
#   http://bugreport.java.com/bugreport/crash.jsp
#

---------------  T H R E A D  ---------------

Current thread (0x00007f0b88024000):  GCTaskThread [stack: 0x00007f0b78bfc000,0x00007f0b78cfd000] [id=3815]

siginfo: si_signo: 11 (SIGSEGV), si_code: 1 (SEGV_MAPERR), si_addr: 0x000000330bedb541

Registers:
RAX=0x000000330bedb421, RBX=0x00007f0b8f6bb528, RCX=0x0000000000000003, RDX=0x000000070bd06930
RSP=0x00007f0b78cfbbf0, RBP=0x00007f0b78cfbce0, RSI=0x00007f0b880fb690, RDI=0x000000070bde5a78
R8 =0x00007f0b652f41a0, R9 =0x00000000000000ce, R10=0x0000000000000001, R11=0x0000004000000000
R12=0x0000000000000000, R13=0x0000000000000001, R14=0x00007f0b880fb690, R15=0x00007f0b880fb690
RIP=0x00007f0b8f0b2b51, EFLAGS=0x0000000000010206, CSGSFS=0x0000000000000033, ERR=0x0000000000000004
  TRAPNO=0x000000000000000e

Top of Stack: (sp=0x00007f0b78cfbbf0)
0x00007f0b78cfbbf0:   00007f0b880fb690 00007f0b8f6bb528
0x00007f0b78cfbc00:   00007f0b880fb720 0000000000000001
0x00007f0b78cfbc10:   00007f0b880fb690 00007f0b880fb6a0
0x00007f0b78cfbc20:   00007f0b78cfbd20 00007f0b8f0b2b57
0x00007f0b78cfbc30:   00000000000012e6 000000079e298000
0x00007f0b78cfbc40:   00007f0b78cfbce0 000000070bd06930
0x00007f0b78cfbc50:   0000000000000400 0000000000000020
0x00007f0b78cfbc60:   00007f0b880fb690 000000074b0d3d50
0x00007f0b78cfbc70:   00007f0b78cfbce0 00007f0b8edbfb9e
0x00007f0b78cfbc80:   00007f0b78cfbce0 00007f0b880fb6d0
0x00007f0b78cfbc90:   000000074b0d3d20 00000007c01d1628
0x00007f0b78cfbca0:   00007f0b8f6bf220 6846c23f03256400
0x00007f0b78cfbcb0:   0000000400000003 00007f0b880fb690
0x00007f0b78cfbcc0:   0000000000000000 00007f0b78cfbd64
0x00007f0b78cfbcd0:   0000000000000003 00007f0b78cfbd68
0x00007f0b78cfbce0:   00007f0b78cfbe00 00007f0b8f097b8d
0x00007f0b78cfbcf0:   00007f0b78cfbd80 00007f0b880249f0
0x00007f0b78cfbd00:   00007f0b8804dc30 00007f0b880fb690
0x00007f0b78cfbd10:   00007f0b88024a00 00007f0b78cfbd90
0x00007f0b78cfbd20:   00007f0b78cfbe00 00007f0b8f0976bb
0x00007f0b78cfbd30:   0000000000000000 00007f0b78cfbd50
0x00007f0b78cfbd40:   00007f0b78cfbd70 00007f0b78cfbd68
0x00007f0b78cfbd50:   00007f0b5c0090c0 00007f0b880fb690
0x00007f0b78cfbd60:   43ba184c880fb690 000000074b0d3d20
0x00007f0b78cfbd70:   0000000000000000 00007f0b00000000
0x00007f0b78cfbd80:   00007f0b78cfbd50 00007f0b8801e900
0x00007f0b78cfbd90:   00007f0b8f5fc658 00007f0b88024000
0x00007f0b78cfbda0:   00007f0b78cfbd50 00007f0b8f5fc640
0x00007f0b78cfbdb0:   00007f0b8801e900 00007f0b8f0162eb
0x00007f0b78cfbdc0:   00007f0b8801e860 6846c23f03256400
0x00007f0b78cfbdd0:   00007f0b78cfbe00 0000000000000001
0x00007f0b78cfbde0:   00007f0b5c0090c0 00007f0b8f2804dd 

Instructions: (pc=0x00007f0b8f0b2b51)
0x00007f0b8f0b2b31:   eb 3d 0f 1f 44 00 00 48 8d 05 21 4e 5e 00 8b 7a
0x00007f0b8f0b2b41:   08 8b 48 08 48 d3 e7 48 03 38 48 8b 07 4c 89 fe
0x00007f0b8f0b2b51:   ff 90 20 01 00 00 41 8b 57 08 41 8b 47 10 89 d6
0x00007f0b8f0b2b61:   29 c6 89 f0 a9 ff ff 01 00 0f 84 97 00 00 00 83 

Register to memory mapping:

RAX=0x000000330bedb421 is an unknown value
RBX=0x00007f0b8f6bb528: <offset 0xf1a528> in /usr/lib/jvm/java-8-openjdk-amd64/jre/lib/amd64/server/libjvm.so at 0x00007f0b8e7a1000
RCX=0x0000000000000003 is an unknown value
RDX=0x000000070bd06930 is pointing into object: 0x000000070bd06928
[Ljava.lang.Object; 
 - klass: 'java/lang/Object'[]
 - length: 32
RSP=0x00007f0b78cfbbf0 is an unknown value
RBP=0x00007f0b78cfbce0 is an unknown value
RSI=0x00007f0b880fb690 is an unknown value
RDI=0x000000070bde5a78 is an oop
java.lang.Class 
 - klass: 'java/lang/Class'
R8 =0x00007f0b652f41a0 is an unknown value
R9 =0x00000000000000ce is an unknown value
R10=0x0000000000000001 is an unknown value
R11=0x0000004000000000 is an unknown value
R12=0x0000000000000000 is an unknown value
R13=0x0000000000000001 is an unknown value
R14=0x00007f0b880fb690 is an unknown value
R15=0x00007f0b880fb690 is an unknown value


Stack: [0x00007f0b78bfc000,0x00007f0b78cfd000],  sp=0x00007f0b78cfbbf0,  free space=1022k
Native frames: (J=compiled Java code, j=interpreted, Vv=VM code, C=native code)
V  [libjvm.so+0x911b51]
V  [libjvm.so+0x8f6b8d]
V  [libjvm.so+0x5a50e2]
V  [libjvm.so+0x8b2042]


---------------  P R O C E S S  ---------------

Java Threads: ( => current thread )
  0x00007f0b882fa800 JavaThread "Timer-0" [_thread_blocked, id=3825, stack(0x00007f0b602c3000,0x00007f0b603c4000)]
  0x00007f0b88190800 JavaThread "Service Thread" daemon [_thread_blocked, id=3823, stack(0x00007f0b604c5000,0x00007f0b605c6000)]
  0x00007f0b88179000 JavaThread "C1 CompilerThread2" daemon [_thread_blocked, id=3822, stack(0x00007f0b605c6000,0x00007f0b606c7000)]
  0x00007f0b88177800 JavaThread "C2 CompilerThread1" daemon [_thread_blocked, id=3821, stack(0x00007f0b606c7000,0x00007f0b607c8000)]
  0x00007f0b88174800 JavaThread "C2 CompilerThread0" daemon [_thread_blocked, id=3820, stack(0x00007f0b607c8000,0x00007f0b608c9000)]
  0x00007f0b88172800 JavaThread "Signal Dispatcher" daemon [_thread_blocked, id=3819, stack(0x00007f0b608c9000,0x00007f0b609ca000)]
  0x00007f0b8814a800 JavaThread "Finalizer" daemon [_thread_blocked, id=3818, stack(0x00007f0b60ca2000,0x00007f0b60da3000)]
  0x00007f0b88146000 JavaThread "Reference Handler" daemon [_thread_blocked, id=3817, stack(0x00007f0b60da3000,0x00007f0b60ea4000)]
  0x00007f0b8800a000 JavaThread "main" [_thread_blocked, id=3811, stack(0x00007f0b903f2000,0x00007f0b904f3000)]

Other Threads:
  0x00007f0b8813e800 VMThread [stack: 0x00007f0b60ea4000,0x00007f0b60fa5000] [id=3816]
  0x00007f0b88193000 WatcherThread [stack: 0x00007f0b603c4000,0x00007f0b604c5000] [id=3824]

=>0x00007f0b88024000 (exited) GCTaskThread [stack: 0x00007f0b78bfc000,0x00007f0b78cfd000] [id=3815]

VM state:at safepoint (normal execution)

VM Mutex/Monitor currently owned by a thread:  ([mutex/lock_event])
[0x00007f0b88006370] Threads_lock - owner thread: 0x00007f0b8813e800
[0x00007f0b88006870] Heap_lock - owner thread: 0x00007f0b8800a000

Heap:
 PSYoungGen      total 505856K, used 151616K [0x0000000781d00000, 0x00000007b7d00000, 0x00000007c0000000)
  eden space 166400K, 0% used [0x0000000781d00000,0x0000000781d00000,0x000000078bf80000)
  from space 339456K, 44% used [0x000000078bf80000,0x0000000795390000,0x00000007a0b00000)
  to   space 339456K, 0% used [0x00000007a3180000,0x00000007a3180000,0x00000007b7d00000)
 ParOldGen       total 1260032K, used 1259877K [0x0000000705600000, 0x0000000752480000, 0x0000000781d00000)
  object space 1260032K, 99% used [0x0000000705600000,0x0000000752459768,0x0000000752480000)
 Metaspace       used 13675K, capacity 14048K, committed 14336K, reserved 1060864K
  class space    used 1812K, capacity 1932K, committed 2048K, reserved 1048576K

Card table byte_map: [0x00007f0b8c4d9000,0x00007f0b8caaf000] byte_map_base: 0x00007f0b88cae000

Marking Bits: (ParMarkBitMap*) 0x00007f0b8f6bf220
 Begin Bits: [0x00007f0b622b0000, 0x00007f0b65158000)
 End Bits:   [0x00007f0b65158000, 0x00007f0b68000000)

Polling page: 0x00007f0b90511000

CodeCache: size=245760Kb used=6275Kb max_used=6287Kb free=239484Kb
 bounds [0x00007f0b79000000, 0x00007f0b79630000, 0x00007f0b88000000]
 total_blobs=2439 nmethods=2080 adapters=272
 compilation: enabled

Compilation events (10 events):
Event: 62.128 Thread 0x00007f0b88174800 nmethod 2076 0x00007f0b79602b10 code [0x00007f0b79602ce0, 0x00007f0b79603358]
Event: 62.128 Thread 0x00007f0b88174800 2060       4       org.mockito.internal.invocation.ArgumentsProcessor::expandVarArgs (113 bytes)
Event: 62.129 Thread 0x00007f0b88174800 nmethod 2060 0x00007f0b79602890 code [0x00007f0b796029e0, 0x00007f0b79602a58]
Event: 62.224 Thread 0x00007f0b88177800 nmethod 2062 0x00007f0b79622f10 code [0x00007f0b79623400, 0x00007f0b79625a08]
Event: 62.235 Thread 0x00007f0b88179000 2078 %     3       university.CSC380.assignment2.Utility::getFile @ 65 (108 bytes)
Event: 62.236 Thread 0x00007f0b88179000 nmethod 2078% 0x00007f0b79614890 code [0x00007f0b79614b20, 0x00007f0b79615ce8]
Event: 62.238 Thread 0x00007f0b88179000 2079       3       university.CSC380.assignment2.Utility::getFile (108 bytes)
Event: 62.239 Thread 0x00007f0b88179000 nmethod 2079 0x00007f0b79621390 code [0x00007f0b79621620, 0x00007f0b79622708]
Event: 63.023 Thread 0x00007f0b88174800 2080 %     4       university.CSC380.assignment2.Utility::getFile @ 65 (108 bytes)
Event: 63.027 Thread 0x00007f0b88174800 nmethod 2080% 0x00007f0b7961f450 code [0x00007f0b7961f5c0, 0x00007f0b7961f838]

GC Heap History (10 events):
Event: 70.316 GC heap after
Heap after GC invocations=16 (full 4):
 PSYoungGen      total 475136K, used 330720K [0x0000000781d00000, 0x00000007b3c00000, 0x00000007c0000000)
  eden space 135680K, 0% used [0x0000000781d00000,0x0000000781d00000,0x000000078a180000)
  from space 339456K, 97% used [0x000000079ed00000,0x00000007b2ff8000,0x00000007b3880000)
  to   space 339456K, 0% used [0x000000078a180000,0x000000078a180000,0x000000079ed00000)
 ParOldGen       total 906752K, used 681303K [0x0000000705600000, 0x000000073cb80000, 0x0000000781d00000)
  object space 906752K, 75% used [0x0000000705600000,0x000000072ef55d90,0x000000073cb80000)
 Metaspace       used 13675K, capacity 14048K, committed 14336K, reserved 1060864K
  class space    used 1812K, capacity 1932K, committed 2048K, reserved 1048576K
}
Event: 70.576 GC heap before
{Heap before GC invocations=17 (full 4):
 PSYoungGen      total 475136K, used 466400K [0x0000000781d00000, 0x00000007b3c00000, 0x00000007c0000000)
  eden space 135680K, 100% used [0x0000000781d00000,0x000000078a180000,0x000000078a180000)
  from space 339456K, 97% used [0x000000079ed00000,0x00000007b2ff8000,0x00000007b3880000)
  to   space 339456K, 0% used [0x000000078a180000,0x000000078a180000,0x000000079ed00000)
 ParOldGen       total 906752K, used 681303K [0x0000000705600000, 0x000000073cb80000, 0x0000000781d00000)
  object space 906752K, 75% used [0x0000000705600000,0x000000072ef55d90,0x000000073cb80000)
 Metaspace       used 13675K, capacity 14048K, committed 14336K, reserved 1060864K
  class space    used 1812K, capacity 1932K, committed 2048K, reserved 1048576K
Event: 70.828 GC heap after
Heap after GC invocations=17 (full 4):
 PSYoungGen      total 475136K, used 328800K [0x0000000781d00000, 0x00000007b5a80000, 0x00000007c0000000)
  eden space 135680K, 0% used [0x0000000781d00000,0x0000000781d00000,0x000000078a180000)
  from space 339456K, 96% used [0x000000078a180000,0x000000079e298000,0x000000079ed00000)
  to   space 339456K, 0% used [0x00000007a0f00000,0x00000007a0f00000,0x00000007b5a80000)
 ParOldGen       total 906752K, used 807031K [0x0000000705600000, 0x000000073cb80000, 0x0000000781d00000)
  object space 906752K, 89% used [0x0000000705600000,0x0000000736a1dd90,0x000000073cb80000)
 Metaspace       used 13675K, capacity 14048K, committed 14336K, reserved 1060864K
  class space    used 1812K, capacity 1932K, committed 2048K, reserved 1048576K
}
Event: 70.828 GC heap before
{Heap before GC invocations=18 (full 5):
 PSYoungGen      total 475136K, used 328800K [0x0000000781d00000, 0x00000007b5a80000, 0x00000007c0000000)
  eden space 135680K, 0% used [0x0000000781d00000,0x0000000781d00000,0x000000078a180000)
  from space 339456K, 96% used [0x000000078a180000,0x000000079e298000,0x000000079ed00000)
  to   space 339456K, 0% used [0x00000007a0f00000,0x00000007a0f00000,0x00000007b5a80000)
 ParOldGen       total 906752K, used 807031K [0x0000000705600000, 0x000000073cb80000, 0x0000000781d00000)
  object space 906752K, 89% used [0x0000000705600000,0x0000000736a1dd90,0x000000073cb80000)
 Metaspace       used 13675K, capacity 14048K, committed 14336K, reserved 1060864K
  class space    used 1812K, capacity 1932K, committed 2048K, reserved 1048576K
Event: 72.729 GC heap after
Heap after GC invocations=18 (full 5):
 PSYoungGen      total 475136K, used 227993K [0x0000000781d00000, 0x00000007b5a80000, 0x00000007c0000000)
  eden space 135680K, 0% used [0x0000000781d00000,0x0000000781d00000,0x000000078a180000)
  from space 339456K, 67% used [0x000000078a180000,0x00000007980264b8,0x000000079ed00000)
  to   space 339456K, 0% used [0x00000007a0f00000,0x00000007a0f00000,0x00000007b5a80000)
 ParOldGen       total 1260032K, used 906397K [0x0000000705600000, 0x0000000752480000, 0x0000000781d00000)
  object space 1260032K, 71% used [0x0000000705600000,0x000000073cb27768,0x0000000752480000)
 Metaspace       used 13675K, capacity 14048K, committed 14336K, reserved 1060864K
  class space    used 1812K, capacity 1932K, committed 2048K, reserved 1048576K
}
Event: 72.992 GC heap before
{Heap before GC invocations=19 (full 5):
 PSYoungGen      total 475136K, used 363673K [0x0000000781d00000, 0x00000007b5a80000, 0x00000007c0000000)
  eden space 135680K, 100% used [0x0000000781d00000,0x000000078a180000,0x000000078a180000)
  from space 339456K, 67% used [0x000000078a180000,0x00000007980264b8,0x000000079ed00000)
  to   space 339456K, 0% used [0x00000007a0f00000,0x00000007a0f00000,0x00000007b5a80000)
 ParOldGen       total 1260032K, used 906397K [0x0000000705600000, 0x0000000752480000, 0x0000000781d00000)
  object space 1260032K, 71% used [0x0000000705600000,0x000000073cb27768,0x0000000752480000)
 Metaspace       used 13675K, capacity 14048K, committed 14336K, reserved 1060864K
  class space    used 1812K, capacity 1932K, committed 2048K, reserved 1048576K
Event: 73.311 GC heap after
Heap after GC invocations=19 (full 5):
 PSYoungGen      total 501760K, used 176928K [0x0000000781d00000, 0x00000007b5680000, 0x00000007c0000000)
  eden space 166400K, 0% used [0x0000000781d00000,0x0000000781d00000,0x000000078bf80000)
  from space 335360K, 52% used [0x00000007a0f00000,0x00000007abbc8000,0x00000007b5680000)
  to   space 339456K, 0% used [0x000000078bf80000,0x000000078bf80000,0x00000007a0b00000)
 ParOldGen       total 1260032K, used 1082349K [0x0000000705600000, 0x0000000752480000, 0x0000000781d00000)
  object space 1260032K, 85% used [0x0000000705600000,0x00000007476fb768,0x0000000752480000)
 Metaspace       used 13675K, capacity 14048K, committed 14336K, reserved 1060864K
  class space    used 1812K, capacity 1932K, committed 2048K, reserved 1048576K
}
Event: 73.630 GC heap before
{Heap before GC invocations=20 (full 5):
 PSYoungGen      total 501760K, used 343328K [0x0000000781d00000, 0x00000007b5680000, 0x00000007c0000000)
  eden space 166400K, 100% used [0x0000000781d00000,0x000000078bf80000,0x000000078bf80000)
  from space 335360K, 52% used [0x00000007a0f00000,0x00000007abbc8000,0x00000007b5680000)
  to   space 339456K, 0% used [0x000000078bf80000,0x000000078bf80000,0x00000007a0b00000)
 ParOldGen       total 1260032K, used 1082349K [0x0000000705600000, 0x0000000752480000, 0x0000000781d00000)
  object space 1260032K, 85% used [0x0000000705600000,0x00000007476fb768,0x0000000752480000)
 Metaspace       used 13675K, capacity 14048K, committed 14336K, reserved 1060864K
  class space    used 1812K, capacity 1932K, committed 2048K, reserved 1048576K
Event: 73.847 GC heap after
Heap after GC invocations=20 (full 5):
 PSYoungGen      total 505856K, used 151616K [0x0000000781d00000, 0x00000007b7d00000, 0x00000007c0000000)
  eden space 166400K, 0% used [0x0000000781d00000,0x0000000781d00000,0x000000078bf80000)
  from space 339456K, 44% used [0x000000078bf80000,0x0000000795390000,0x00000007a0b00000)
  to   space 339456K, 0% used [0x00000007a3180000,0x00000007a3180000,0x00000007b7d00000)
 ParOldGen       total 1260032K, used 1259877K [0x0000000705600000, 0x0000000752480000, 0x0000000781d00000)
  object space 1260032K, 99% used [0x0000000705600000,0x0000000752459768,0x0000000752480000)
 Metaspace       used 13675K, capacity 14048K, committed 14336K, reserved 1060864K
  class space    used 1812K, capacity 1932K, committed 2048K, reserved 1048576K
}
Event: 73.847 GC heap before
{Heap before GC invocations=21 (full 6):
 PSYoungGen      total 505856K, used 151616K [0x0000000781d00000, 0x00000007b7d00000, 0x00000007c0000000)
  eden space 166400K, 0% used [0x0000000781d00000,0x0000000781d00000,0x000000078bf80000)
  from space 339456K, 44% used [0x000000078bf80000,0x0000000795390000,0x00000007a0b00000)
  to   space 339456K, 0% used [0x00000007a3180000,0x00000007a3180000,0x00000007b7d00000)
 ParOldGen       total 1260032K, used 1259877K [0x0000000705600000, 0x0000000752480000, 0x0000000781d00000)
  object space 1260032K, 99% used [0x0000000705600000,0x0000000752459768,0x0000000752480000)
 Metaspace       used 13675K, capacity 14048K, committed 14336K, reserved 1060864K
  class space    used 1812K, capacity 1932K, committed 2048K, reserved 1048576K

Deoptimization events (10 events):
Event: 61.664 Thread 0x00007f0b8800a000 Uncommon trap: reason=bimorphic action=maybe_recompile pc=0x00007f0b794b9d10 method=net.bytebuddy.description.type.TypeDescription$AbstractBase.equals(Ljava/lang/Object;)Z @ 40
Event: 61.665 Thread 0x00007f0b8800a000 Uncommon trap: reason=bimorphic action=maybe_recompile pc=0x00007f0b794b9d10 method=net.bytebuddy.description.type.TypeDescription$AbstractBase.equals(Ljava/lang/Object;)Z @ 40
Event: 61.665 Thread 0x00007f0b8800a000 Uncommon trap: reason=bimorphic action=maybe_recompile pc=0x00007f0b794b9d10 method=net.bytebuddy.description.type.TypeDescription$AbstractBase.equals(Ljava/lang/Object;)Z @ 40
Event: 61.665 Thread 0x00007f0b8800a000 Uncommon trap: reason=bimorphic action=maybe_recompile pc=0x00007f0b794f895c method=net.bytebuddy.description.type.TypeDescription$Generic$OfNonGenericType.isArray()Z @ 4
Event: 61.666 Thread 0x00007f0b8800a000 Uncommon trap: reason=bimorphic action=maybe_recompile pc=0x00007f0b794f895c method=net.bytebuddy.description.type.TypeDescription$Generic$OfNonGenericType.isArray()Z @ 4
Event: 61.666 Thread 0x00007f0b8800a000 Uncommon trap: reason=bimorphic action=maybe_recompile pc=0x00007f0b794b9d10 method=net.bytebuddy.description.type.TypeDescription$AbstractBase.equals(Ljava/lang/Object;)Z @ 40
Event: 61.760 Thread 0x00007f0b8800a000 Uncommon trap: reason=bimorphic action=maybe_recompile pc=0x00007f0b7952a470 method=net.bytebuddy.description.type.TypeDescription$Generic$Visitor$Substitutor.onNonGenericType(Lnet/bytebuddy/description/type/TypeDescription$Generic;)Lnet/bytebuddy/descrip
Event: 61.760 Thread 0x00007f0b8800a000 Uncommon trap: reason=bimorphic action=maybe_recompile pc=0x00007f0b7952a470 method=net.bytebuddy.description.type.TypeDescription$Generic$Visitor$Substitutor.onNonGenericType(Lnet/bytebuddy/description/type/TypeDescription$Generic;)Lnet/bytebuddy/descrip
Event: 61.772 Thread 0x00007f0b8800a000 Uncommon trap: reason=bimorphic action=maybe_recompile pc=0x00007f0b794f895c method=net.bytebuddy.description.type.TypeDescription$Generic$OfNonGenericType.isArray()Z @ 4
Event: 61.772 Thread 0x00007f0b8800a000 Uncommon trap: reason=bimorphic action=maybe_recompile pc=0x00007f0b794f895c method=net.bytebuddy.description.type.TypeDescription$Generic$OfNonGenericType.isArray()Z @ 4

Internal exceptions (10 events):
Event: 1.564 Thread 0x00007f0b882fa800 Exception <a 'java/security/PrivilegedActionException'> (0x00000007823aa0a0) thrown at [/build/openjdk-8-YiEakL/openjdk-8-8u121-b13/src/hotspot/src/share/vm/prims/jvm.cpp, line 1390]
Event: 2.800 Thread 0x00007f0b882fa800 Exception <a 'java/lang/NoSuchFieldError': method resolution failed> (0x0000000782c9af68) thrown at [/build/openjdk-8-YiEakL/openjdk-8-8u121-b13/src/hotspot/src/share/vm/prims/methodHandles.cpp, line 1146]
Event: 2.805 Thread 0x00007f0b882fa800 Exception <a 'java/lang/NoSuchFieldError': method resolution failed> (0x0000000782ca8288) thrown at [/build/openjdk-8-YiEakL/openjdk-8-8u121-b13/src/hotspot/src/share/vm/prims/methodHandles.cpp, line 1146]
Event: 60.924 Thread 0x00007f0b882fa800 Exception <a 'java/net/UnknownHostException'> (0x000000078301a8a0) thrown at [/build/openjdk-8-YiEakL/openjdk-8-8u121-b13/src/hotspot/src/share/vm/prims/jni.cpp, line 709]
Event: 60.945 Thread 0x00007f0b8800a000 Exception <a 'java/security/PrivilegedActionException'> (0x00000007833c8ee8) thrown at [/build/openjdk-8-YiEakL/openjdk-8-8u121-b13/src/hotspot/src/share/vm/prims/jvm.cpp, line 1390]
Event: 60.945 Thread 0x00007f0b8800a000 Exception <a 'java/security/PrivilegedActionException'> (0x00000007833c92e0) thrown at [/build/openjdk-8-YiEakL/openjdk-8-8u121-b13/src/hotspot/src/share/vm/prims/jvm.cpp, line 1390]
Event: 60.945 Thread 0x00007f0b8800a000 Exception <a 'java/security/PrivilegedActionException'> (0x00000007833ca188) thrown at [/build/openjdk-8-YiEakL/openjdk-8-8u121-b13/src/hotspot/src/share/vm/prims/jvm.cpp, line 1390]
Event: 60.945 Thread 0x00007f0b8800a000 Exception <a 'java/security/PrivilegedActionException'> (0x00000007833ca580) thrown at [/build/openjdk-8-YiEakL/openjdk-8-8u121-b13/src/hotspot/src/share/vm/prims/jvm.cpp, line 1390]
Event: 61.356 Thread 0x00007f0b8800a000 Exception <a 'java/lang/ArrayIndexOutOfBoundsException': 18> (0x0000000784530958) thrown at [/build/openjdk-8-YiEakL/openjdk-8-8u121-b13/src/hotspot/src/share/vm/interpreter/interpreterRuntime.cpp, line 366]
Event: 61.363 Thread 0x00007f0b8800a000 Exception <a 'java/lang/ArrayIndexOutOfBoundsException': 22> (0x00000007845b17f0) thrown at [/build/openjdk-8-YiEakL/openjdk-8-8u121-b13/src/hotspot/src/share/vm/interpreter/interpreterRuntime.cpp, line 366]

Events (10 events):
Event: 69.456 Executing VM operation: ParallelGCFailedAllocation done
Event: 69.671 Executing VM operation: ParallelGCFailedAllocation
Event: 69.869 Executing VM operation: ParallelGCFailedAllocation done
Event: 70.086 Executing VM operation: ParallelGCFailedAllocation
Event: 70.316 Executing VM operation: ParallelGCFailedAllocation done
Event: 70.576 Executing VM operation: ParallelGCFailedAllocation
Event: 72.729 Executing VM operation: ParallelGCFailedAllocation done
Event: 72.992 Executing VM operation: ParallelGCFailedAllocation
Event: 73.311 Executing VM operation: ParallelGCFailedAllocation done
Event: 73.630 Executing VM operation: ParallelGCFailedAllocation


Dynamic libraries:
00400000-00401000 r-xp 00000000 08:06 662454                             /usr/lib/jvm/java-8-openjdk-amd64/jre/bin/java
00600000-00601000 r--p 00000000 08:06 662454                             /usr/lib/jvm/java-8-openjdk-amd64/jre/bin/java
00601000-00602000 rw-p 00001000 08:06 662454                             /usr/lib/jvm/java-8-openjdk-amd64/jre/bin/java
012ab000-012cc000 rw-p 00000000 00:00 0                                  [heap]
705600000-752480000 rw-p 00000000 00:00 0 
752480000-781d00000 ---p 00000000 00:00 0 
781d00000-7b7d00000 rw-p 00000000 00:00 0 
7b7d00000-7c0000000 ---p 00000000 00:00 0 
7c0000000-7c0200000 rw-p 00000000 00:00 0 
7c0200000-800000000 ---p 00000000 00:00 0 
7f0b30000000-7f0b30021000 rw-p 00000000 00:00 0 
7f0b30021000-7f0b34000000 ---p 00000000 00:00 0 
7f0b34000000-7f0b3410c000 rw-p 00000000 00:00 0 
7f0b3410c000-7f0b38000000 ---p 00000000 00:00 0 
7f0b3afc1000-7f0b3b1c1000 rw-p 00000000 00:00 0 
7f0b3b1c1000-7f0b3b1c4000 ---p 00000000 00:00 0 
7f0b3b1c4000-7f0b3b4c2000 rw-p 00000000 00:00 0 
7f0b3b4c2000-7f0b3b4d9000 r-xp 00000000 08:06 2889671                    /lib/x86_64-linux-gnu/libresolv-2.23.so
7f0b3b4d9000-7f0b3b6d9000 ---p 00017000 08:06 2889671                    /lib/x86_64-linux-gnu/libresolv-2.23.so
7f0b3b6d9000-7f0b3b6da000 r--p 00017000 08:06 2889671                    /lib/x86_64-linux-gnu/libresolv-2.23.so
7f0b3b6da000-7f0b3b6db000 rw-p 00018000 08:06 2889671                    /lib/x86_64-linux-gnu/libresolv-2.23.so
7f0b3b6db000-7f0b3b6dd000 rw-p 00000000 00:00 0 
7f0b3b6dd000-7f0b3b6e2000 r-xp 00000000 08:06 2889669                    /lib/x86_64-linux-gnu/libnss_dns-2.23.so
7f0b3b6e2000-7f0b3b8e2000 ---p 00005000 08:06 2889669                    /lib/x86_64-linux-gnu/libnss_dns-2.23.so
7f0b3b8e2000-7f0b3b8e3000 r--p 00005000 08:06 2889669                    /lib/x86_64-linux-gnu/libnss_dns-2.23.so
7f0b3b8e3000-7f0b3b8e4000 rw-p 00006000 08:06 2889669                    /lib/x86_64-linux-gnu/libnss_dns-2.23.so
7f0b3b8e4000-7f0b3b8e6000 r-xp 00000000 08:06 2888245                    /lib/x86_64-linux-gnu/libnss_mdns4_minimal.so.2
7f0b3b8e6000-7f0b3bae5000 ---p 00002000 08:06 2888245                    /lib/x86_64-linux-gnu/libnss_mdns4_minimal.so.2
7f0b3bae5000-7f0b3bae6000 r--p 00001000 08:06 2888245                    /lib/x86_64-linux-gnu/libnss_mdns4_minimal.so.2
7f0b3bae6000-7f0b3bae7000 rw-p 00002000 08:06 2888245                    /lib/x86_64-linux-gnu/libnss_mdns4_minimal.so.2
7f0b3bae7000-7f0b3bde8000 rw-p 00000000 00:00 0 
7f0b3bde8000-7f0b3bdff000 r-xp 00000000 08:06 662405                     /usr/lib/jvm/java-8-openjdk-amd64/jre/lib/amd64/libnet.so
7f0b3bdff000-7f0b3bffe000 ---p 00017000 08:06 662405                     /usr/lib/jvm/java-8-openjdk-amd64/jre/lib/amd64/libnet.so
7f0b3bffe000-7f0b3bfff000 r--p 00016000 08:06 662405                     /usr/lib/jvm/java-8-openjdk-amd64/jre/lib/amd64/libnet.so
7f0b3bfff000-7f0b3c000000 rw-p 00017000 08:06 662405                     /usr/lib/jvm/java-8-openjdk-amd64/jre/lib/amd64/libnet.so
7f0b3c000000-7f0b3c021000 rw-p 00000000 00:00 0 
7f0b3c021000-7f0b40000000 ---p 00000000 00:00 0 
7f0b40000000-7f0b40021000 rw-p 00000000 00:00 0 
7f0b40021000-7f0b44000000 ---p 00000000 00:00 0 
7f0b44000000-7f0b444c6000 rw-p 00000000 00:00 0 
7f0b444c6000-7f0b48000000 ---p 00000000 00:00 0 
7f0b48000000-7f0b48469000 rw-p 00000000 00:00 0 
7f0b48469000-7f0b4c000000 ---p 00000000 00:00 0 
7f0b4c000000-7f0b4c021000 rw-p 00000000 00:00 0 
7f0b4c021000-7f0b50000000 ---p 00000000 00:00 0 
7f0b50000000-7f0b504c5000 rw-p 00000000 00:00 0 
7f0b504c5000-7f0b54000000 ---p 00000000 00:00 0 
7f0b54000000-7f0b54021000 rw-p 00000000 00:00 0 
7f0b54021000-7f0b58000000 ---p 00000000 00:00 0 
7f0b58000000-7f0b58021000 rw-p 00000000 00:00 0 
7f0b58021000-7f0b5c000000 ---p 00000000 00:00 0 
7f0b5c000000-7f0b5c021000 rw-p 00000000 00:00 0 
7f0b5c021000-7f0b60000000 ---p 00000000 00:00 0 
7f0b60097000-7f0b600bf000 r-xp 00000000 08:06 662408                     /usr/lib/jvm/java-8-openjdk-amd64/jre/lib/amd64/libsunec.so
7f0b600bf000-7f0b602be000 ---p 00028000 08:06 662408                     /usr/lib/jvm/java-8-openjdk-amd64/jre/lib/amd64/libsunec.so
7f0b602be000-7f0b602c2000 r--p 00027000 08:06 662408                     /usr/lib/jvm/java-8-openjdk-amd64/jre/lib/amd64/libsunec.so
7f0b602c2000-7f0b602c3000 rw-p 0002b000 08:06 662408                     /usr/lib/jvm/java-8-openjdk-amd64/jre/lib/amd64/libsunec.so
7f0b602c3000-7f0b602c6000 ---p 00000000 00:00 0 
7f0b602c6000-7f0b603c4000 rw-p 00000000 00:00 0 
7f0b603c4000-7f0b603c5000 ---p 00000000 00:00 0 
7f0b603c5000-7f0b604c5000 rw-p 00000000 00:00 0 
7f0b604c5000-7f0b604c8000 ---p 00000000 00:00 0 
7f0b604c8000-7f0b605c6000 rw-p 00000000 00:00 0 
7f0b605c6000-7f0b605c9000 ---p 00000000 00:00 0 
7f0b605c9000-7f0b606c7000 rw-p 00000000 00:00 0 
7f0b606c7000-7f0b606ca000 ---p 00000000 00:00 0 
7f0b606ca000-7f0b607c8000 rw-p 00000000 00:00 0 
7f0b607c8000-7f0b607cb000 ---p 00000000 00:00 0 
7f0b607cb000-7f0b608c9000 rw-p 00000000 00:00 0 
7f0b608c9000-7f0b608cc000 ---p 00000000 00:00 0 
7f0b608cc000-7f0b609ca000 rw-p 00000000 00:00 0 
7f0b609ca000-7f0b60ca2000 r--p 00000000 08:06 394133                     /usr/lib/locale/locale-archive
7f0b60ca2000-7f0b60ca5000 ---p 00000000 00:00 0 
7f0b60ca5000-7f0b60da3000 rw-p 00000000 00:00 0 
7f0b60da3000-7f0b60da6000 ---p 00000000 00:00 0 
7f0b60da6000-7f0b60ea4000 rw-p 00000000 00:00 0 
7f0b60ea4000-7f0b60ea5000 ---p 00000000 00:00 0 
7f0b60ea5000-7f0b68000000 rw-p 00000000 00:00 0 
7f0b68000000-7f0b68021000 rw-p 00000000 00:00 0 
7f0b68021000-7f0b6c000000 ---p 00000000 00:00 0 
7f0b6c000000-7f0b6c021000 rw-p 00000000 00:00 0 
7f0b6c021000-7f0b70000000 ---p 00000000 00:00 0 
7f0b70000000-7f0b70021000 rw-p 00000000 00:00 0 
7f0b70021000-7f0b74000000 ---p 00000000 00:00 0 
7f0b74000000-7f0b74021000 rw-p 00000000 00:00 0 
7f0b74021000-7f0b78000000 ---p 00000000 00:00 0 
7f0b78008000-7f0b7801b000 r--s 00346000 08:06 526914                     /usr/lib/jvm/java-8-openjdk-amd64/jre/lib/resources.jar
7f0b7801b000-7f0b78055000 r--s 00262000 08:06 7349856                    /home/bill/.m2/repository/net/bytebuddy/byte-buddy/1.6.2/byte-buddy-1.6.2.jar
7f0b78055000-7f0b78459000 rw-p 00000000 00:00 0 
7f0b78459000-7f0b78627000 r--s 03c06000 08:06 526923                     /usr/lib/jvm/java-8-openjdk-amd64/jre/lib/rt.jar
7f0b78627000-7f0b78bfc000 rw-p 00000000 00:00 0 
7f0b78bfc000-7f0b78bfd000 ---p 00000000 00:00 0 
7f0b78bfd000-7f0b78cfd000 rw-p 00000000 00:00 0 
7f0b78cfd000-7f0b78cfe000 ---p 00000000 00:00 0 
7f0b78cfe000-7f0b78dfe000 rw-p 00000000 00:00 0 
7f0b78dfe000-7f0b78dff000 ---p 00000000 00:00 0 
7f0b78dff000-7f0b78eff000 rw-p 00000000 00:00 0 
7f0b78eff000-7f0b78f00000 ---p 00000000 00:00 0 
7f0b78f00000-7f0b79000000 rw-p 00000000 00:00 0 
7f0b79000000-7f0b79630000 rwxp 00000000 00:00 0 
7f0b79630000-7f0b88000000 ---p 00000000 00:00 0 
7f0b88000000-7f0b88527000 rw-p 00000000 00:00 0 
7f0b88527000-7f0b8c000000 ---p 00000000 00:00 0 
7f0b8c005000-7f0b8c008000 r--s 00015000 08:06 526920                     /usr/lib/jvm/java-8-openjdk-amd64/jre/lib/jce.jar
7f0b8c008000-7f0b8c00c000 r--s 0009a000 08:06 526919                     /usr/lib/jvm/java-8-openjdk-amd64/jre/lib/jsse.jar
7f0b8c00c000-7f0b8c00e000 r--s 00007000 08:06 7078170                    /home/bill/.m2/repository/org/apache/maven/surefire/surefire-junit4/2.10/surefire-junit4-2.10.jar
7f0b8c00e000-7f0b8c010000 r--s 0000b000 08:06 7349854                    /home/bill/.m2/repository/org/objenesis/objenesis/2.4/objenesis-2.4.jar
7f0b8c010000-7f0b8c012000 r--s 00006000 08:06 7349855                    /home/bill/.m2/repository/net/bytebuddy/byte-buddy-agent/1.6.2/byte-buddy-agent-1.6.2.jar
7f0b8c012000-7f0b8c021000 r--s 00072000 08:06 7349853                    /home/bill/.m2/repository/org/mockito/mockito-core/2.6.2/mockito-core-2.6.2.jar
7f0b8c021000-7f0b8c024000 r--s 00012000 08:06 7078451                    /home/bill/.m2/repository/org/glassfish/javax.json/1.0.4/javax.json-1.0.4.jar
7f0b8c024000-7f0b8c025000 r--s 00004000 08:06 6947891                    /home/bill/.m2/repository/javax/json/javax.json-api/1.0/javax.json-api-1.0.jar
7f0b8c025000-7f0b8c02d000 r--s 00045000 08:06 6817998                    /home/bill/.m2/repository/junit/junit/4.12/junit-4.12.jar
7f0b8c02d000-7f0b8c032000 r--s 00023000 08:06 6948662                    /home/bill/.m2/repository/org/apache/maven/surefire/surefire-api/2.10/surefire-api-2.10.jar
7f0b8c032000-7f0b8c35d000 rw-p 00000000 00:00 0 
7f0b8c35d000-7f0b8c4d9000 ---p 00000000 00:00 0 
7f0b8c4d9000-7f0b8c741000 rw-p 00000000 00:00 0 
7f0b8c741000-7f0b8c8bc000 ---p 00000000 00:00 0 
7f0b8c8bc000-7f0b8ca6d000 rw-p 00000000 00:00 0 
7f0b8ca6d000-7f0b8caae000 ---p 00000000 00:00 0 
7f0b8caae000-7f0b8cac8000 rw-p 00000000 00:00 0 
7f0b8cac8000-7f0b8ce6f000 ---p 00000000 00:00 0 
7f0b8ce6f000-7f0b8ce77000 r-xp 00000000 08:06 662403                     /usr/lib/jvm/java-8-openjdk-amd64/jre/lib/amd64/libzip.so
7f0b8ce77000-7f0b8d076000 ---p 00008000 08:06 662403                     /usr/lib/jvm/java-8-openjdk-amd64/jre/lib/amd64/libzip.so
7f0b8d076000-7f0b8d077000 r--p 00007000 08:06 662403                     /usr/lib/jvm/java-8-openjdk-amd64/jre/lib/amd64/libzip.so
7f0b8d077000-7f0b8d078000 rw-p 00008000 08:06 662403                     /usr/lib/jvm/java-8-openjdk-amd64/jre/lib/amd64/libzip.so
7f0b8d078000-7f0b8d083000 r-xp 00000000 08:06 2889670                    /lib/x86_64-linux-gnu/libnss_files-2.23.so
7f0b8d083000-7f0b8d282000 ---p 0000b000 08:06 2889670                    /lib/x86_64-linux-gnu/libnss_files-2.23.so
7f0b8d282000-7f0b8d283000 r--p 0000a000 08:06 2889670                    /lib/x86_64-linux-gnu/libnss_files-2.23.so
7f0b8d283000-7f0b8d284000 rw-p 0000b000 08:06 2889670                    /lib/x86_64-linux-gnu/libnss_files-2.23.so
7f0b8d284000-7f0b8d28a000 rw-p 00000000 00:00 0 
7f0b8d28a000-7f0b8d295000 r-xp 00000000 08:06 2889655                    /lib/x86_64-linux-gnu/libnss_nis-2.23.so
7f0b8d295000-7f0b8d494000 ---p 0000b000 08:06 2889655                    /lib/x86_64-linux-gnu/libnss_nis-2.23.so
7f0b8d494000-7f0b8d495000 r--p 0000a000 08:06 2889655                    /lib/x86_64-linux-gnu/libnss_nis-2.23.so
7f0b8d495000-7f0b8d496000 rw-p 0000b000 08:06 2889655                    /lib/x86_64-linux-gnu/libnss_nis-2.23.so
7f0b8d496000-7f0b8d4ac000 r-xp 00000000 08:06 2889666                    /lib/x86_64-linux-gnu/libnsl-2.23.so
7f0b8d4ac000-7f0b8d6ab000 ---p 00016000 08:06 2889666                    /lib/x86_64-linux-gnu/libnsl-2.23.so
7f0b8d6ab000-7f0b8d6ac000 r--p 00015000 08:06 2889666                    /lib/x86_64-linux-gnu/libnsl-2.23.so
7f0b8d6ac000-7f0b8d6ad000 rw-p 00016000 08:06 2889666                    /lib/x86_64-linux-gnu/libnsl-2.23.so
7f0b8d6ad000-7f0b8d6af000 rw-p 00000000 00:00 0 
7f0b8d6af000-7f0b8d6b7000 r-xp 00000000 08:06 2889667                    /lib/x86_64-linux-gnu/libnss_compat-2.23.so
7f0b8d6b7000-7f0b8d8b6000 ---p 00008000 08:06 2889667                    /lib/x86_64-linux-gnu/libnss_compat-2.23.so
7f0b8d8b6000-7f0b8d8b7000 r--p 00007000 08:06 2889667                    /lib/x86_64-linux-gnu/libnss_compat-2.23.so
7f0b8d8b7000-7f0b8d8b8000 rw-p 00008000 08:06 2889667                    /lib/x86_64-linux-gnu/libnss_compat-2.23.so
7f0b8d8b8000-7f0b8d8e5000 r-xp 00000000 08:06 662430                     /usr/lib/jvm/java-8-openjdk-amd64/jre/lib/amd64/libjava.so
7f0b8d8e5000-7f0b8dae4000 ---p 0002d000 08:06 662430                     /usr/lib/jvm/java-8-openjdk-amd64/jre/lib/amd64/libjava.so
7f0b8dae4000-7f0b8dae5000 r--p 0002c000 08:06 662430                     /usr/lib/jvm/java-8-openjdk-amd64/jre/lib/amd64/libjava.so
7f0b8dae5000-7f0b8dae7000 rw-p 0002d000 08:06 662430                     /usr/lib/jvm/java-8-openjdk-amd64/jre/lib/amd64/libjava.so
7f0b8dae7000-7f0b8daf6000 r-xp 00000000 08:06 662396                     /usr/lib/jvm/java-8-openjdk-amd64/jre/lib/amd64/libverify.so
7f0b8daf6000-7f0b8dcf5000 ---p 0000f000 08:06 662396                     /usr/lib/jvm/java-8-openjdk-amd64/jre/lib/amd64/libverify.so
7f0b8dcf5000-7f0b8dcf7000 r--p 0000e000 08:06 662396                     /usr/lib/jvm/java-8-openjdk-amd64/jre/lib/amd64/libverify.so
7f0b8dcf7000-7f0b8dcf8000 rw-p 00010000 08:06 662396                     /usr/lib/jvm/java-8-openjdk-amd64/jre/lib/amd64/libverify.so
7f0b8dcf8000-7f0b8dcff000 r-xp 00000000 08:06 2889654                    /lib/x86_64-linux-gnu/librt-2.23.so
7f0b8dcff000-7f0b8defe000 ---p 00007000 08:06 2889654                    /lib/x86_64-linux-gnu/librt-2.23.so
7f0b8defe000-7f0b8deff000 r--p 00006000 08:06 2889654                    /lib/x86_64-linux-gnu/librt-2.23.so
7f0b8deff000-7f0b8df00000 rw-p 00007000 08:06 2889654                    /lib/x86_64-linux-gnu/librt-2.23.so
7f0b8df00000-7f0b8df16000 r-xp 00000000 08:06 2888178                    /lib/x86_64-linux-gnu/libgcc_s.so.1
7f0b8df16000-7f0b8e115000 ---p 00016000 08:06 2888178                    /lib/x86_64-linux-gnu/libgcc_s.so.1
7f0b8e115000-7f0b8e116000 rw-p 00015000 08:06 2888178                    /lib/x86_64-linux-gnu/libgcc_s.so.1
7f0b8e116000-7f0b8e21e000 r-xp 00000000 08:06 2889664                    /lib/x86_64-linux-gnu/libm-2.23.so
7f0b8e21e000-7f0b8e41d000 ---p 00108000 08:06 2889664                    /lib/x86_64-linux-gnu/libm-2.23.so
7f0b8e41d000-7f0b8e41e000 r--p 00107000 08:06 2889664                    /lib/x86_64-linux-gnu/libm-2.23.so
7f0b8e41e000-7f0b8e41f000 rw-p 00108000 08:06 2889664                    /lib/x86_64-linux-gnu/libm-2.23.so
7f0b8e41f000-7f0b8e591000 r-xp 00000000 08:06 395394                     /usr/lib/x86_64-linux-gnu/libstdc++.so.6.0.21
7f0b8e591000-7f0b8e791000 ---p 00172000 08:06 395394                     /usr/lib/x86_64-linux-gnu/libstdc++.so.6.0.21
7f0b8e791000-7f0b8e79b000 r--p 00172000 08:06 395394                     /usr/lib/x86_64-linux-gnu/libstdc++.so.6.0.21
7f0b8e79b000-7f0b8e79d000 rw-p 0017c000 08:06 395394                     /usr/lib/x86_64-linux-gnu/libstdc++.so.6.0.21
7f0b8e79d000-7f0b8e7a1000 rw-p 00000000 00:00 0 
7f0b8e7a1000-7f0b8f3f1000 r-xp 00000000 08:06 662425                     /usr/lib/jvm/java-8-openjdk-amd64/jre/lib/amd64/server/libjvm.so
7f0b8f3f1000-7f0b8f5f0000 ---p 00c50000 08:06 662425                     /usr/lib/jvm/java-8-openjdk-amd64/jre/lib/amd64/server/libjvm.so
7f0b8f5f0000-7f0b8f683000 r--p 00c4f000 08:06 662425                     /usr/lib/jvm/java-8-openjdk-amd64/jre/lib/amd64/server/libjvm.so
7f0b8f683000-7f0b8f6ac000 rw-p 00ce2000 08:06 662425                     /usr/lib/jvm/java-8-openjdk-amd64/jre/lib/amd64/server/libjvm.so
7f0b8f6ac000-7f0b8f6dc000 rw-p 00000000 00:00 0 
7f0b8f6dc000-7f0b8f6f4000 r-xp 00000000 08:06 2889665                    /lib/x86_64-linux-gnu/libpthread-2.23.so
7f0b8f6f4000-7f0b8f8f3000 ---p 00018000 08:06 2889665                    /lib/x86_64-linux-gnu/libpthread-2.23.so
7f0b8f8f3000-7f0b8f8f4000 r--p 00017000 08:06 2889665                    /lib/x86_64-linux-gnu/libpthread-2.23.so
7f0b8f8f4000-7f0b8f8f5000 rw-p 00018000 08:06 2889665                    /lib/x86_64-linux-gnu/libpthread-2.23.so
7f0b8f8f5000-7f0b8f8f9000 rw-p 00000000 00:00 0 
7f0b8f8f9000-7f0b8f8fc000 r-xp 00000000 08:06 2889658                    /lib/x86_64-linux-gnu/libdl-2.23.so
7f0b8f8fc000-7f0b8fafb000 ---p 00003000 08:06 2889658                    /lib/x86_64-linux-gnu/libdl-2.23.so
7f0b8fafb000-7f0b8fafc000 r--p 00002000 08:06 2889658                    /lib/x86_64-linux-gnu/libdl-2.23.so
7f0b8fafc000-7f0b8fafd000 rw-p 00003000 08:06 2889658                    /lib/x86_64-linux-gnu/libdl-2.23.so
7f0b8fafd000-7f0b8fb16000 r-xp 00000000 08:06 2888331                    /lib/x86_64-linux-gnu/libz.so.1.2.8
7f0b8fb16000-7f0b8fd15000 ---p 00019000 08:06 2888331                    /lib/x86_64-linux-gnu/libz.so.1.2.8
7f0b8fd15000-7f0b8fd16000 r--p 00018000 08:06 2888331                    /lib/x86_64-linux-gnu/libz.so.1.2.8
7f0b8fd16000-7f0b8fd17000 rw-p 00019000 08:06 2888331                    /lib/x86_64-linux-gnu/libz.so.1.2.8
7f0b8fd17000-7f0b8fed6000 r-xp 00000000 08:06 2889659                    /lib/x86_64-linux-gnu/libc-2.23.so
7f0b8fed6000-7f0b900d6000 ---p 001bf000 08:06 2889659                    /lib/x86_64-linux-gnu/libc-2.23.so
7f0b900d6000-7f0b900da000 r--p 001bf000 08:06 2889659                    /lib/x86_64-linux-gnu/libc-2.23.so
7f0b900da000-7f0b900dc000 rw-p 001c3000 08:06 2889659                    /lib/x86_64-linux-gnu/libc-2.23.so
7f0b900dc000-7f0b900e0000 rw-p 00000000 00:00 0 
7f0b900e0000-7f0b900ed000 r-xp 00000000 08:06 662419                     /usr/lib/jvm/java-8-openjdk-amd64/jre/lib/amd64/jli/libjli.so
7f0b900ed000-7f0b902ed000 ---p 0000d000 08:06 662419                     /usr/lib/jvm/java-8-openjdk-amd64/jre/lib/amd64/jli/libjli.so
7f0b902ed000-7f0b902ee000 r--p 0000d000 08:06 662419                     /usr/lib/jvm/java-8-openjdk-amd64/jre/lib/amd64/jli/libjli.so
7f0b902ee000-7f0b902ef000 rw-p 0000e000 08:06 662419                     /usr/lib/jvm/java-8-openjdk-amd64/jre/lib/amd64/jli/libjli.so
7f0b902ef000-7f0b90315000 r-xp 00000000 08:06 2888095                    /lib/x86_64-linux-gnu/ld-2.23.so
7f0b90315000-7f0b90317000 r--s 00009000 08:06 6948292                    /home/bill/.m2/repository/org/hamcrest/hamcrest-core/1.3/hamcrest-core-1.3.jar
7f0b90317000-7f0b90319000 r--s 00007000 08:06 6948661                    /home/bill/.m2/repository/org/apache/maven/surefire/surefire-booter/2.10/surefire-booter-2.10.jar
7f0b90319000-7f0b9031a000 r--s 00000000 08:06 7085596                    /home/bill/SchoolWork/csc380/CSC_380_bus_project/target/surefire/surefirebooter6092698674174092665.jar
7f0b9031a000-7f0b9031c000 r--s 00008000 08:06 662439                     /usr/lib/jvm/java-8-openjdk-amd64/jre/lib/ext/sunec.jar
7f0b9031c000-7f0b90337000 r--s 00394000 08:06 662443                     /usr/lib/jvm/java-8-openjdk-amd64/jre/lib/ext/cldrdata.jar
7f0b90337000-7f0b90341000 r--s 00116000 08:06 662446                     /usr/lib/jvm/java-8-openjdk-amd64/jre/lib/ext/localedata.jar
7f0b90341000-7f0b9035c000 r--s 001d6000 08:06 662440                     /usr/lib/jvm/java-8-openjdk-amd64/jre/lib/ext/nashorn.jar
7f0b9035c000-7f0b903f2000 rw-p 00000000 00:00 0 
7f0b903f2000-7f0b903f5000 ---p 00000000 00:00 0 
7f0b903f5000-7f0b904f8000 rw-p 00000000 00:00 0 
7f0b904f8000-7f0b904fc000 r--s 00037000 08:06 662445                     /usr/lib/jvm/java-8-openjdk-amd64/jre/lib/ext/sunpkcs11.jar
7f0b904fc000-7f0b904fd000 r--s 00010000 08:06 662444                     /usr/lib/jvm/java-8-openjdk-amd64/jre/lib/ext/zipfs.jar
7f0b904fd000-7f0b904fe000 r--s 0000a000 08:06 662448                     /usr/lib/jvm/java-8-openjdk-amd64/jre/lib/ext/jaccess.jar
7f0b904fe000-7f0b90503000 r--s 0003b000 08:06 662447                     /usr/lib/jvm/java-8-openjdk-amd64/jre/lib/ext/sunjce_provider.jar
7f0b90503000-7f0b90505000 r--s 00001000 08:06 662441                     /usr/lib/jvm/java-8-openjdk-amd64/jre/lib/ext/dnsns.jar
7f0b90505000-7f0b90508000 r--s 0000f000 08:06 662442                     /usr/lib/jvm/java-8-openjdk-amd64/jre/lib/ext/icedtea-sound.jar
7f0b90508000-7f0b90510000 rw-s 00000000 08:06 4194363                    /tmp/hsperfdata_bill/3808
7f0b90510000-7f0b90511000 rw-p 00000000 00:00 0 
7f0b90511000-7f0b90512000 ---p 00000000 00:00 0 
7f0b90512000-7f0b90514000 rw-p 00000000 00:00 0 
7f0b90514000-7f0b90515000 r--p 00025000 08:06 2888095                    /lib/x86_64-linux-gnu/ld-2.23.so
7f0b90515000-7f0b90516000 rw-p 00026000 08:06 2888095                    /lib/x86_64-linux-gnu/ld-2.23.so
7f0b90516000-7f0b90517000 rw-p 00000000 00:00 0 
7ffff726d000-7ffff728e000 rw-p 00000000 00:00 0                          [stack]
7ffff72f6000-7ffff72f8000 r--p 00000000 00:00 0                          [vvar]
7ffff72f8000-7ffff72fa000 r-xp 00000000 00:00 0                          [vdso]
ffffffffff600000-ffffffffff601000 r-xp 00000000 00:00 0                  [vsyscall]

VM Arguments:
java_command: /home/bill/SchoolWork/csc380/CSC_380_bus_project/target/surefire/surefirebooter6092698674174092665.jar /home/bill/SchoolWork/csc380/CSC_380_bus_project/target/surefire/surefire6736800595841027062tmp /home/bill/SchoolWork/csc380/CSC_380_bus_project/target/surefire/surefire5669361458902530662tmp
java_class_path (initial): /home/bill/SchoolWork/csc380/CSC_380_bus_project/target/surefire/surefirebooter6092698674174092665.jar
Launcher Type: SUN_STANDARD

Environment Variables:
JAVA_HOME=/usr/lib/jvm/java-8-openjdk-amd64
PATH=/home/bill/bin:/home/bill/.local/bin:/usr/local/sbin:/usr/local/bin:/usr/sbin:/usr/bin:/sbin:/bin:/usr/games:/usr/local/games:/snap/bin
LD_LIBRARY_PATH=/usr/lib/jvm/java-8-openjdk-amd64/bin/../jre/lib/amd64:/usr/lib/jvm/java-8-openjdk-amd64/bin/../jre/lib/i386:
SHELL=/bin/bash
DISPLAY=:0

Signal Handlers:
SIGSEGV: [libjvm.so+0xa66fd0], sa_mask[0]=11111111011111111101111111111110, sa_flags=SA_RESTART|SA_SIGINFO
SIGBUS: [libjvm.so+0xa66fd0], sa_mask[0]=11111111011111111101111111111110, sa_flags=SA_RESTART|SA_SIGINFO
SIGFPE: [libjvm.so+0x8b0180], sa_mask[0]=11111111011111111101111111111110, sa_flags=SA_RESTART|SA_SIGINFO
SIGPIPE: [libjvm.so+0x8b0180], sa_mask[0]=11111111011111111101111111111110, sa_flags=SA_RESTART|SA_SIGINFO
SIGXFSZ: [libjvm.so+0x8b0180], sa_mask[0]=11111111011111111101111111111110, sa_flags=SA_RESTART|SA_SIGINFO
SIGILL: [libjvm.so+0x8b0180], sa_mask[0]=11111111011111111101111111111110, sa_flags=SA_RESTART|SA_SIGINFO
SIGUSR1: SIG_DFL, sa_mask[0]=00000000000000000000000000000000, sa_flags=none
SIGUSR2: [libjvm.so+0x8b0030], sa_mask[0]=00100000000000000000000000000000, sa_flags=SA_RESTART|SA_SIGINFO
SIGHUP: [libjvm.so+0x8b0500], sa_mask[0]=11111111011111111101111111111110, sa_flags=SA_RESTART|SA_SIGINFO
SIGINT: SIG_IGN, sa_mask[0]=00000000000000000000000000000000, sa_flags=none
SIGTERM: [libjvm.so+0x8b0500], sa_mask[0]=11111111011111111101111111111110, sa_flags=SA_RESTART|SA_SIGINFO
SIGQUIT: [libjvm.so+0x8b0500], sa_mask[0]=11111111011111111101111111111110, sa_flags=SA_RESTART|SA_SIGINFO


---------------  S Y S T E M  ---------------

OS:DISTRIB_ID=Ubuntu
DISTRIB_RELEASE=16.04
DISTRIB_CODENAME=xenial
DISTRIB_DESCRIPTION="Ubuntu 16.04.2 LTS"

uname:Linux 4.4.0-62-generic #83-Ubuntu SMP Wed Jan 18 14:10:15 UTC 2017 x86_64
libc:glibc 2.23 NPTL 2.23 
rlimit: STACK 8192k, CORE 0k, NPROC 47343, NOFILE 65536, AS infinity
load average:1.98 1.74 1.35

/proc/meminfo:
MemTotal:       12225136 kB
MemFree:         5957276 kB
MemAvailable:    7075268 kB
Buffers:           81452 kB
Cached:          1483964 kB
SwapCached:            0 kB
Active:          5169104 kB
Inactive:         848388 kB
Active(anon):    4453900 kB
Inactive(anon):   241116 kB
Active(file):     715204 kB
Inactive(file):   607272 kB
Unevictable:         368 kB
Mlocked:             368 kB
SwapTotal:      47851516 kB
SwapFree:       47851516 kB
Dirty:               336 kB
Writeback:             0 kB
AnonPages:       4456560 kB
Mapped:           418652 kB
Shmem:            242944 kB
Slab:             108888 kB
SReclaimable:      70248 kB
SUnreclaim:        38640 kB
KernelStack:       11136 kB
PageTables:        45508 kB
NFS_Unstable:          0 kB
Bounce:                0 kB
WritebackTmp:          0 kB
CommitLimit:    53964084 kB
Committed_AS:    9808432 kB
VmallocTotal:   34359738367 kB
VmallocUsed:           0 kB
VmallocChunk:          0 kB
HardwareCorrupted:     0 kB
AnonHugePages:   2850816 kB
CmaTotal:              0 kB
CmaFree:               0 kB
HugePages_Total:       0
HugePages_Free:        0
HugePages_Rsvd:        0
HugePages_Surp:        0
Hugepagesize:       2048 kB
DirectMap4k:      153344 kB
DirectMap2M:     6060032 kB
DirectMap1G:     7340032 kB


CPU:total 4 (2 cores per cpu, 2 threads per core) family 6 model 69 stepping 1, cmov, cx8, fxsr, mmx, sse, sse2, sse3, ssse3, sse4.1, sse4.2, popcnt, avx, avx2, aes, clmul, erms, lzcnt, ht, tsc, tscinvbit, bmi1, bmi2

/proc/cpuinfo:
processor	: 0
vendor_id	: GenuineIntel
cpu family	: 6
model		: 69
model name	: Intel(R) Core(TM) i5-4210U CPU @ 1.70GHz
stepping	: 1
microcode	: 0x1d
cpu MHz		: 2400.000
cache size	: 3072 KB
physical id	: 0
siblings	: 4
core id		: 0
cpu cores	: 2
apicid		: 0
initial apicid	: 0
fpu		: yes
fpu_exception	: yes
cpuid level	: 13
wp		: yes
flags		: fpu vme de pse tsc msr pae mce cx8 apic sep mtrr pge mca cmov pat pse36 clflush dts acpi mmx fxsr sse sse2 ss ht tm pbe syscall nx pdpe1gb rdtscp lm constant_tsc arch_perfmon pebs bts rep_good nopl xtopology nonstop_tsc aperfmperf eagerfpu pni pclmulqdq dtes64 monitor ds_cpl vmx est tm2 ssse3 sdbg fma cx16 xtpr pdcm pcid sse4_1 sse4_2 movbe popcnt tsc_deadline_timer aes xsave avx f16c rdrand lahf_lm abm epb tpr_shadow vnmi flexpriority ept vpid fsgsbase tsc_adjust bmi1 avx2 smep bmi2 erms invpcid xsaveopt dtherm ida arat pln pts
bugs		:
bogomips	: 4788.61
clflush size	: 64
cache_alignment	: 64
address sizes	: 39 bits physical, 48 bits virtual
power management:

processor	: 1
vendor_id	: GenuineIntel
cpu family	: 6
model		: 69
model name	: Intel(R) Core(TM) i5-4210U CPU @ 1.70GHz
stepping	: 1
microcode	: 0x1d
cpu MHz		: 2399.906
cache size	: 3072 KB
physical id	: 0
siblings	: 4
core id		: 0
cpu cores	: 2
apicid		: 1
initial apicid	: 1
fpu		: yes
fpu_exception	: yes
cpuid level	: 13
wp		: yes
flags		: fpu vme de pse tsc msr pae mce cx8 apic sep mtrr pge mca cmov pat pse36 clflush dts acpi mmx fxsr sse sse2 ss ht tm pbe syscall nx pdpe1gb rdtscp lm constant_tsc arch_perfmon pebs bts rep_good nopl xtopology nonstop_tsc aperfmperf eagerfpu pni pclmulqdq dtes64 monitor ds_cpl vmx est tm2 ssse3 sdbg fma cx16 xtpr pdcm pcid sse4_1 sse4_2 movbe popcnt tsc_deadline_timer aes xsave avx f16c rdrand lahf_lm abm epb tpr_shadow vnmi flexpriority ept vpid fsgsbase tsc_adjust bmi1 avx2 smep bmi2 erms invpcid xsaveopt dtherm ida arat pln pts
bugs		:
bogomips	: 4788.61
clflush size	: 64
cache_alignment	: 64
address sizes	: 39 bits physical, 48 bits virtual
power management:

processor	: 2
vendor_id	: GenuineIntel
cpu family	: 6
model		: 69
model name	: Intel(R) Core(TM) i5-4210U CPU @ 1.70GHz
stepping	: 1
microcode	: 0x1d
cpu MHz		: 2400.000
cache size	: 3072 KB
physical id	: 0
siblings	: 4
core id		: 1
cpu cores	: 2
apicid		: 2
initial apicid	: 2
fpu		: yes
fpu_exception	: yes
cpuid level	: 13
wp		: yes
flags		: fpu vme de pse tsc msr pae mce cx8 apic sep mtrr pge mca cmov pat pse36 clflush dts acpi mmx fxsr sse sse2 ss ht tm pbe syscall nx pdpe1gb rdtscp lm constant_tsc arch_perfmon pebs bts rep_good nopl xtopology nonstop_tsc aperfmperf eagerfpu pni pclmulqdq dtes64 monitor ds_cpl vmx est tm2 ssse3 sdbg fma cx16 xtpr pdcm pcid sse4_1 sse4_2 movbe popcnt tsc_deadline_timer aes xsave avx f16c rdrand lahf_lm abm epb tpr_shadow vnmi flexpriority ept vpid fsgsbase tsc_adjust bmi1 avx2 smep bmi2 erms invpcid xsaveopt dtherm ida arat pln pts
bugs		:
bogomips	: 4788.61
clflush size	: 64
cache_alignment	: 64
address sizes	: 39 bits physical, 48 bits virtual
power management:

processor	: 3
vendor_id	: GenuineIntel
cpu family	: 6
model		: 69
model name	: Intel(R) Core(TM) i5-4210U CPU @ 1.70GHz
stepping	: 1
microcode	: 0x1d
cpu MHz		: 2400.000
cache size	: 3072 KB
physical id	: 0
siblings	: 4
core id		: 1
cpu cores	: 2
apicid		: 3
initial apicid	: 3
fpu		: yes
fpu_exception	: yes
cpuid level	: 13
wp		: yes
flags		: fpu vme de pse tsc msr pae mce cx8 apic sep mtrr pge mca cmov pat pse36 clflush dts acpi mmx fxsr sse sse2 ss ht tm pbe syscall nx pdpe1gb rdtscp lm constant_tsc arch_perfmon pebs bts rep_good nopl xtopology nonstop_tsc aperfmperf eagerfpu pni pclmulqdq dtes64 monitor ds_cpl vmx est tm2 ssse3 sdbg fma cx16 xtpr pdcm pcid sse4_1 sse4_2 movbe popcnt tsc_deadline_timer aes xsave avx f16c rdrand lahf_lm abm epb tpr_shadow vnmi flexpriority ept vpid fsgsbase tsc_adjust bmi1 avx2 smep bmi2 erms invpcid xsaveopt dtherm ida arat pln pts
bugs		:
bogomips	: 4788.61
clflush size	: 64
cache_alignment	: 64
address sizes	: 39 bits physical, 48 bits virtual
power management:



Memory: 4k page, physical 12225136k(5957120k free), swap 47851516k(47851516k free)

vm_info: OpenJDK 64-Bit Server VM (25.121-b13) for linux-amd64 JRE (1.8.0_121-8u121-b13-0ubuntu1.16.04.2-b13), built on Jan 23 2017 15:51:29 by "buildd" with gcc 5.4.0 20160609

time: Thu Mar  2 10:36:12 2017
elapsed time: 74 seconds (0d 0h 1m 14s)

