#
# A fatal error has been detected by the Java Runtime Environment:
#
#  SIGSEGV (0xb) at pc=0x00007f3a9462d371, pid=3617, tid=0x00007f3a91659700
#
# JRE version: OpenJDK Runtime Environment (8.0_121-b13) (build 1.8.0_121-8u121-b13-0ubuntu1.16.04.2-b13)
# Java VM: OpenJDK 64-Bit Server VM (25.121-b13 mixed mode linux-amd64 compressed oops)
# Problematic frame:
# V  [libjvm.so+0x624371]
#
# Failed to write core dump. Core dumps have been disabled. To enable core dumping, try "ulimit -c unlimited" before starting Java again
#
# If you would like to submit a bug report, please visit:
#   http://bugreport.java.com/bugreport/crash.jsp
#

---------------  T H R E A D  ---------------

Current thread (0x00007f3a8c024000):  GCTaskThread [stack: 0x00007f3a91559000,0x00007f3a9165a000] [id=3623]

siginfo: si_signo: 11 (SIGSEGV), si_code: 1 (SEGV_MAPERR), si_addr: 0x0000000000000008

Registers:
RAX=0x00007f3a94eff960, RBX=0x00007f3a8c0fb690, RCX=0x0000000000000003, RDX=0x00007f3a772b0000
RSP=0x00007f3a91658b40, RBP=0x00007f3a91658be0, RSI=0x0000000000000000, RDI=0x000000070c300ce8
R8 =0x00007f3a94f27220, R9 =0x000000070c300ce8, R10=0x0000000000000010, R11=0x0000000000040000
R12=0x0000000732206130, R13=0x000000070c300ce8, R14=0x00000007322060a0, R15=0x00000007322060b4
RIP=0x00007f3a9462d371, EFLAGS=0x0000000000010246, CSGSFS=0x0000000000000033, ERR=0x0000000000000004
  TRAPNO=0x000000000000000e

Top of Stack: (sp=0x00007f3a91658b40)
0x00007f3a91658b40:   00007f3a91658be0 00007f3a948a4177
0x00007f3a91658b50:   00007f3a91658bc0 0000000000000020
0x00007f3a91658b60:   00007f3a8c0fb6d0 0000000000000020
0x00007f3a91658b70:   00007f3a94f27220 000000000000000a
0x00007f3a91658b80:   00007f3a94e67a80 00007f3a8c0fb6d0
0x00007f3a91658b90:   0000000732205e20 00000007c00029a0
0x00007f3a91658ba0:   00007f3a94f27220 c0420f0c1d0dc200
0x00007f3a91658bb0:   0000000706cbe758 00007f3a94f23528
0x00007f3a91658bc0:   000000072100ab10 0000000000000001
0x00007f3a91658bd0:   00007f3a8c0fb690 00007f3a8c0fb690
0x00007f3a91658be0:   00007f3a91658ce0 00007f3a9491ab57
0x00007f3a91658bf0:   00007f3a8c04dea0 0000000000000001
0x00007f3a91658c00:   00007f3a8c0fb720 0000000000000800
0x00007f3a91658c10:   0000000000000800 00007f3a8c0fb6a0
0x00007f3a91658c20:   00007f3a91658c90 00007f3a94627857
0x00007f3a91658c30:   00007f3a8c0fb690 0000000706ceeb70
0x00007f3a91658c40:   00007f3a91658ce0 00000007322060a0
0x00007f3a91658c50:   000000070c29f6b8 0000000000000010
0x00007f3a91658c60:   005b999c0001d0f8 000000070c3889a0
0x00007f3a91658c70:   005b999d0001d0f8 00007f3a94627b9e
0x00007f3a91658c80:   0000000000000003 00007f3a8c0fb6d0
0x00007f3a91658c90:   000000070c388988 00000007c004f4a0
0x00007f3a91658ca0:   00007f3a94f27220 c0420f0c1d0dc200
0x00007f3a91658cb0:   00007f3a8c04df00 00007f3a8c0fb690
0x00007f3a91658cc0:   0000000000000000 00007f3a91658d64
0x00007f3a91658cd0:   0000000000000003 00007f3a91658d68
0x00007f3a91658ce0:   00007f3a91658e00 00007f3a948ffb8d
0x00007f3a91658cf0:   00007f3a8c04df30 00007f3a94ae84c8
0x00007f3a91658d00:   00007f3a91658d68 00007f3a91658d64
0x00007f3a91658d10:   0000000391658e00 00007f3a91658d90
0x00007f3a91658d20:   0000000000000004 0000000000000800
0x00007f3a91658d30:   0000000000000400 00007f3a94f1d909 

Instructions: (pc=0x00007f3a9462d371)
0x00007f3a9462d351:   8d 35 99 0f 47 00 bf 03 00 00 00 e8 7f 08 10 00
0x00007f3a9462d361:   eb b5 e8 f8 7c bc ff 31 db e9 d1 fe ff ff 90 55
0x00007f3a9462d371:   8b 4e 08 48 89 f2 48 89 e5 83 f9 00 7e 11 f6 c1
0x00007f3a9462d381:   01 75 0e 89 c8 c1 f8 03 5d c3 0f 1f 44 00 00 75 

Register to memory mapping:

RAX=0x00007f3a94eff960: <offset 0xef6960> in /usr/lib/jvm/java-8-openjdk-amd64/jre/lib/amd64/server/libjvm.so at 0x00007f3a94009000
RBX=0x00007f3a8c0fb690 is an unknown value
RCX=0x0000000000000003 is an unknown value
RDX=0x00007f3a772b0000 is an unknown value
RSP=0x00007f3a91658b40 is an unknown value
RBP=0x00007f3a91658be0 is an unknown value
RSI=0x0000000000000000 is an unknown value
RDI=0x000000070c300ce8 is pointing into object: 0x000000070c300cd8
java.util.HashMap$Node 
 - klass: 'java/util/HashMap$Node'
R8 =0x00007f3a94f27220: <offset 0xf1e220> in /usr/lib/jvm/java-8-openjdk-amd64/jre/lib/amd64/server/libjvm.so at 0x00007f3a94009000
R9 =0x000000070c300ce8 is pointing into object: 0x000000070c300cd8
java.util.HashMap$Node 
 - klass: 'java/util/HashMap$Node'
R10=0x0000000000000010 is an unknown value
R11=0x0000000000040000 is an unknown value
R12=0x0000000732206130 is an oop
[I 
 - klass: {type array int}
 - length: 32
R13=0x000000070c300ce8 is pointing into object: 0x000000070c300cd8
java.util.HashMap$Node 
 - klass: 'java/util/HashMap$Node'
R14=0x00000007322060a0 is an oop
[Ljava.lang.Object; 
 - klass: 'java/lang/Object'[]
 - length: 32
R15=0x00000007322060b4 is pointing into object: 0x00000007322060a0
[Ljava.lang.Object; 
 - klass: 'java/lang/Object'[]
 - length: 32


Stack: [0x00007f3a91559000,0x00007f3a9165a000],  sp=0x00007f3a91658b40,  free space=1022k
Native frames: (J=compiled Java code, j=interpreted, Vv=VM code, C=native code)
V  [libjvm.so+0x624371]
V  [libjvm.so+0x911b57]
V  [libjvm.so+0x8f6b8d]
V  [libjvm.so+0x5a50e2]
V  [libjvm.so+0x8b2042]


---------------  P R O C E S S  ---------------

Java Threads: ( => current thread )
  0x00007f3a8c2bc000 JavaThread "Timer-0" [_thread_blocked, id=3633, stack(0x00007f3a75ac3000,0x00007f3a75bc4000)]
  0x00007f3a8c180800 JavaThread "Service Thread" daemon [_thread_blocked, id=3631, stack(0x00007f3a75cc5000,0x00007f3a75dc6000)]
  0x00007f3a8c179000 JavaThread "C1 CompilerThread2" daemon [_thread_blocked, id=3630, stack(0x00007f3a75dc6000,0x00007f3a75ec7000)]
  0x00007f3a8c177800 JavaThread "C2 CompilerThread1" daemon [_thread_blocked, id=3629, stack(0x00007f3a75ec7000,0x00007f3a75fc8000)]
  0x00007f3a8c174800 JavaThread "C2 CompilerThread0" daemon [_thread_blocked, id=3628, stack(0x00007f3a75fc8000,0x00007f3a760c9000)]
  0x00007f3a8c172800 JavaThread "Signal Dispatcher" daemon [_thread_blocked, id=3627, stack(0x00007f3a760c9000,0x00007f3a761ca000)]
  0x00007f3a8c14a800 JavaThread "Finalizer" daemon [_thread_blocked, id=3626, stack(0x00007f3a764a2000,0x00007f3a765a3000)]
  0x00007f3a8c146000 JavaThread "Reference Handler" daemon [_thread_blocked, id=3625, stack(0x00007f3a765a3000,0x00007f3a766a4000)]
  0x00007f3a8c00a000 JavaThread "main" [_thread_blocked, id=3619, stack(0x00007f3a95c5a000,0x00007f3a95d5b000)]

Other Threads:
  0x00007f3a8c13e800 VMThread [stack: 0x00007f3a766a4000,0x00007f3a767a5000] [id=3624]
  0x00007f3a8c183000 WatcherThread [stack: 0x00007f3a75bc4000,0x00007f3a75cc5000] [id=3632]

=>0x00007f3a8c024000 (exited) GCTaskThread [stack: 0x00007f3a91559000,0x00007f3a9165a000] [id=3623]

VM state:at safepoint (normal execution)

VM Mutex/Monitor currently owned by a thread:  ([mutex/lock_event])
[0x00007f3a8c006370] Threads_lock - owner thread: 0x00007f3a8c13e800
[0x00007f3a8c006870] Heap_lock - owner thread: 0x00007f3a8c00a000

Heap:
 PSYoungGen      total 536064K, used 196608K [0x0000000781d00000, 0x00000007b7780000, 0x00000007c0000000)
  eden space 196608K, 100% used [0x0000000781d00000,0x000000078dd00000,0x000000078dd00000)
  from space 339456K, 0% used [0x000000078dd00000,0x000000078dd00000,0x00000007a2880000)
  to   space 331264K, 0% used [0x00000007a3400000,0x00000007a3400000,0x00000007b7780000)
 ParOldGen       total 2038784K, used 2038399K [0x0000000705600000, 0x0000000781d00000, 0x0000000781d00000)
  object space 2038784K, 99% used [0x0000000705600000,0x0000000781c9fd00,0x0000000781d00000)
 Metaspace       used 12403K, capacity 12820K, committed 13184K, reserved 1060864K
  class space    used 1678K, capacity 1802K, committed 1920K, reserved 1048576K

Card table byte_map: [0x00007f3a91d41000,0x00007f3a92317000] byte_map_base: 0x00007f3a8e516000

Marking Bits: (ParMarkBitMap*) 0x00007f3a94f27220
 Begin Bits: [0x00007f3a772b0000, 0x00007f3a7a158000)
 End Bits:   [0x00007f3a7a158000, 0x00007f3a7d000000)

Polling page: 0x00007f3a95d79000

CodeCache: size=245760Kb used=5586Kb max_used=5593Kb free=240173Kb
 bounds [0x00007f3a7d000000, 0x00007f3a7d580000, 0x00007f3a8c000000]
 total_blobs=2212 nmethods=1879 adapters=247
 compilation: enabled

Compilation events (10 events):
Event: 63.110 Thread 0x00007f3a8c179000 1884 %     3       university.CSC380.assignment2.Utility::getFile @ 65 (108 bytes)
Event: 63.111 Thread 0x00007f3a8c179000 nmethod 1884% 0x00007f3a7d55ca10 code [0x00007f3a7d55ccc0, 0x00007f3a7d55de08]
Event: 63.111 Thread 0x00007f3a8c179000 1885       3       university.CSC380.assignment2.Utility::getFile (108 bytes)
Event: 63.112 Thread 0x00007f3a8c179000 nmethod 1885 0x00007f3a7d56e650 code [0x00007f3a7d56e8e0, 0x00007f3a7d56f8e8]
Event: 64.994 Thread 0x00007f3a8c174800 1886 %     4       university.CSC380.assignment2.Utility::getFile @ 65 (108 bytes)
Event: 64.997 Thread 0x00007f3a8c174800 nmethod 1886% 0x00007f3a7d560650 code [0x00007f3a7d5607c0, 0x00007f3a7d560a18]
Event: 121.149 Thread 0x00007f3a8c179000 1888       3       java.net.URI$Parser::scan (50 bytes)
Event: 121.150 Thread 0x00007f3a8c179000 nmethod 1888 0x00007f3a7d55bb90 code [0x00007f3a7d55bd60, 0x00007f3a7d55c5c8]
Event: 121.150 Thread 0x00007f3a8c179000 1887       3       sun.net.www.ParseUtil::match (50 bytes)
Event: 121.150 Thread 0x00007f3a8c179000 nmethod 1887 0x00007f3a7d55a390 code [0x00007f3a7d55a500, 0x00007f3a7d55a7d0]

GC Heap History (10 events):
Event: 188.558 GC heap after
Heap after GC invocations=42 (full 23):
 PSYoungGen      total 536064K, used 196607K [0x0000000781d00000, 0x00000007b7780000, 0x00000007c0000000)
  eden space 196608K, 99% used [0x0000000781d00000,0x000000078dcffff8,0x000000078dd00000)
  from space 339456K, 0% used [0x000000078dd00000,0x000000078dd00000,0x00000007a2880000)
  to   space 331264K, 0% used [0x00000007a3400000,0x00000007a3400000,0x00000007b7780000)
 ParOldGen       total 2038784K, used 2038359K [0x0000000705600000, 0x0000000781d00000, 0x0000000781d00000)
  object space 2038784K, 99% used [0x0000000705600000,0x0000000781c95f18,0x0000000781d00000)
 Metaspace       used 12402K, capacity 12820K, committed 13184K, reserved 1060864K
  class space    used 1677K, capacity 1802K, committed 1920K, reserved 1048576K
}
Event: 188.559 GC heap before
{Heap before GC invocations=43 (full 24):
 PSYoungGen      total 536064K, used 196607K [0x0000000781d00000, 0x00000007b7780000, 0x00000007c0000000)
  eden space 196608K, 99% used [0x0000000781d00000,0x000000078dcffff8,0x000000078dd00000)
  from space 339456K, 0% used [0x000000078dd00000,0x000000078dd00000,0x00000007a2880000)
  to   space 331264K, 0% used [0x00000007a3400000,0x00000007a3400000,0x00000007b7780000)
 ParOldGen       total 2038784K, used 2038363K [0x0000000705600000, 0x0000000781d00000, 0x0000000781d00000)
  object space 2038784K, 99% used [0x0000000705600000,0x0000000781c96ff0,0x0000000781d00000)
 Metaspace       used 12403K, capacity 12820K, committed 13184K, reserved 1060864K
  class space    used 1678K, capacity 1802K, committed 1920K, reserved 1048576K
Event: 192.777 GC heap after
Heap after GC invocations=43 (full 24):
 PSYoungGen      total 536064K, used 196607K [0x0000000781d00000, 0x00000007b7780000, 0x00000007c0000000)
  eden space 196608K, 99% used [0x0000000781d00000,0x000000078dcffff8,0x000000078dd00000)
  from space 339456K, 0% used [0x000000078dd00000,0x000000078dd00000,0x00000007a2880000)
  to   space 331264K, 0% used [0x00000007a3400000,0x00000007a3400000,0x00000007b7780000)
 ParOldGen       total 2038784K, used 2038361K [0x0000000705600000, 0x0000000781d00000, 0x0000000781d00000)
  object space 2038784K, 99% used [0x0000000705600000,0x0000000781c96560,0x0000000781d00000)
 Metaspace       used 12403K, capacity 12820K, committed 13184K, reserved 1060864K
  class space    used 1678K, capacity 1802K, committed 1920K, reserved 1048576K
}
Event: 192.777 GC heap before
{Heap before GC invocations=44 (full 25):
 PSYoungGen      total 536064K, used 196607K [0x0000000781d00000, 0x00000007b7780000, 0x00000007c0000000)
  eden space 196608K, 99% used [0x0000000781d00000,0x000000078dcffff8,0x000000078dd00000)
  from space 339456K, 0% used [0x000000078dd00000,0x000000078dd00000,0x00000007a2880000)
  to   space 331264K, 0% used [0x00000007a3400000,0x00000007a3400000,0x00000007b7780000)
 ParOldGen       total 2038784K, used 2038396K [0x0000000705600000, 0x0000000781d00000, 0x0000000781d00000)
  object space 2038784K, 99% used [0x0000000705600000,0x0000000781c9f3d0,0x0000000781d00000)
 Metaspace       used 12403K, capacity 12820K, committed 13184K, reserved 1060864K
  class space    used 1678K, capacity 1802K, committed 1920K, reserved 1048576K
Event: 197.846 GC heap after
Heap after GC invocations=44 (full 25):
 PSYoungGen      total 536064K, used 196607K [0x0000000781d00000, 0x00000007b7780000, 0x00000007c0000000)
  eden space 196608K, 99% used [0x0000000781d00000,0x000000078dcfff70,0x000000078dd00000)
  from space 339456K, 0% used [0x000000078dd00000,0x000000078dd00000,0x00000007a2880000)
  to   space 331264K, 0% used [0x00000007a3400000,0x00000007a3400000,0x00000007b7780000)
 ParOldGen       total 2038784K, used 2038396K [0x0000000705600000, 0x0000000781d00000, 0x0000000781d00000)
  object space 2038784K, 99% used [0x0000000705600000,0x0000000781c9f010,0x0000000781d00000)
 Metaspace       used 12403K, capacity 12820K, committed 13184K, reserved 1060864K
  class space    used 1678K, capacity 1802K, committed 1920K, reserved 1048576K
}
Event: 197.846 GC heap before
{Heap before GC invocations=45 (full 26):
 PSYoungGen      total 536064K, used 196607K [0x0000000781d00000, 0x00000007b7780000, 0x00000007c0000000)
  eden space 196608K, 99% used [0x0000000781d00000,0x000000078dcfff90,0x000000078dd00000)
  from space 339456K, 0% used [0x000000078dd00000,0x000000078dd00000,0x00000007a2880000)
  to   space 331264K, 0% used [0x00000007a3400000,0x00000007a3400000,0x00000007b7780000)
 ParOldGen       total 2038784K, used 2038396K [0x0000000705600000, 0x0000000781d00000, 0x0000000781d00000)
  object space 2038784K, 99% used [0x0000000705600000,0x0000000781c9f010,0x0000000781d00000)
 Metaspace       used 12403K, capacity 12820K, committed 13184K, reserved 1060864K
  class space    used 1678K, capacity 1802K, committed 1920K, reserved 1048576K
Event: 202.311 GC heap after
Heap after GC invocations=45 (full 26):
 PSYoungGen      total 536064K, used 196607K [0x0000000781d00000, 0x00000007b7780000, 0x00000007c0000000)
  eden space 196608K, 99% used [0x0000000781d00000,0x000000078dcfff70,0x000000078dd00000)
  from space 339456K, 0% used [0x000000078dd00000,0x000000078dd00000,0x00000007a2880000)
  to   space 331264K, 0% used [0x00000007a3400000,0x00000007a3400000,0x00000007b7780000)
 ParOldGen       total 2038784K, used 2038395K [0x0000000705600000, 0x0000000781d00000, 0x0000000781d00000)
  object space 2038784K, 99% used [0x0000000705600000,0x0000000781c9efd0,0x0000000781d00000)
 Metaspace       used 12403K, capacity 12820K, committed 13184K, reserved 1060864K
  class space    used 1678K, capacity 1802K, committed 1920K, reserved 1048576K
}
Event: 202.312 GC heap before
{Heap before GC invocations=46 (full 27):
 PSYoungGen      total 536064K, used 196608K [0x0000000781d00000, 0x00000007b7780000, 0x00000007c0000000)
  eden space 196608K, 100% used [0x0000000781d00000,0x000000078dd00000,0x000000078dd00000)
  from space 339456K, 0% used [0x000000078dd00000,0x000000078dd00000,0x00000007a2880000)
  to   space 331264K, 0% used [0x00000007a3400000,0x00000007a3400000,0x00000007b7780000)
 ParOldGen       total 2038784K, used 2038395K [0x0000000705600000, 0x0000000781d00000, 0x0000000781d00000)
  object space 2038784K, 99% used [0x0000000705600000,0x0000000781c9efd0,0x0000000781d00000)
 Metaspace       used 12403K, capacity 12820K, committed 13184K, reserved 1060864K
  class space    used 1678K, capacity 1802K, committed 1920K, reserved 1048576K
Event: 206.836 GC heap after
Heap after GC invocations=46 (full 27):
 PSYoungGen      total 536064K, used 196608K [0x0000000781d00000, 0x00000007b7780000, 0x00000007c0000000)
  eden space 196608K, 100% used [0x0000000781d00000,0x000000078dd00000,0x000000078dd00000)
  from space 339456K, 0% used [0x000000078dd00000,0x000000078dd00000,0x00000007a2880000)
  to   space 331264K, 0% used [0x00000007a3400000,0x00000007a3400000,0x00000007b7780000)
 ParOldGen       total 2038784K, used 2038395K [0x0000000705600000, 0x0000000781d00000, 0x0000000781d00000)
  object space 2038784K, 99% used [0x0000000705600000,0x0000000781c9efd0,0x0000000781d00000)
 Metaspace       used 12403K, capacity 12820K, committed 13184K, reserved 1060864K
  class space    used 1678K, capacity 1802K, committed 1920K, reserved 1048576K
}
Event: 206.836 GC heap before
{Heap before GC invocations=47 (full 28):
 PSYoungGen      total 536064K, used 196608K [0x0000000781d00000, 0x00000007b7780000, 0x00000007c0000000)
  eden space 196608K, 100% used [0x0000000781d00000,0x000000078dd00000,0x000000078dd00000)
  from space 339456K, 0% used [0x000000078dd00000,0x000000078dd00000,0x00000007a2880000)
  to   space 331264K, 0% used [0x00000007a3400000,0x00000007a3400000,0x00000007b7780000)
 ParOldGen       total 2038784K, used 2038399K [0x0000000705600000, 0x0000000781d00000, 0x0000000781d00000)
  object space 2038784K, 99% used [0x0000000705600000,0x0000000781c9fd00,0x0000000781d00000)
 Metaspace       used 12403K, capacity 12820K, committed 13184K, reserved 1060864K
  class space    used 1678K, capacity 1802K, committed 1920K, reserved 1048576K

Deoptimization events (10 events):
Event: 61.238 Thread 0x00007f3a8c00a000 Uncommon trap: reason=range_check action=make_not_entrant pc=0x00007f3a7d339648 method=sun.reflect.generics.parser.SignatureParser.current()C @ 34
Event: 61.258 Thread 0x00007f3a8c00a000 Uncommon trap: reason=bimorphic action=maybe_recompile pc=0x00007f3a7d1ee7a8 method=java.util.HashMap.putVal(ILjava/lang/Object;Ljava/lang/Object;ZZ)Ljava/lang/Object; @ 203
Event: 61.593 Thread 0x00007f3a8c00a000 Uncommon trap: reason=unstable_if action=reinterpret pc=0x00007f3a7d39d3e8 method=java.lang.reflect.Method.invoke(Ljava/lang/Object;[Ljava/lang/Object;)Ljava/lang/Object; @ 4
Event: 62.024 Thread 0x00007f3a8c00a000 Uncommon trap: reason=bimorphic action=maybe_recompile pc=0x00007f3a7d43da1c method=net.bytebuddy.description.type.TypeDescription$AbstractBase.equals(Ljava/lang/Object;)Z @ 40
Event: 62.025 Thread 0x00007f3a8c00a000 Uncommon trap: reason=bimorphic action=maybe_recompile pc=0x00007f3a7d43da1c method=net.bytebuddy.description.type.TypeDescription$AbstractBase.equals(Ljava/lang/Object;)Z @ 40
Event: 62.025 Thread 0x00007f3a8c00a000 Uncommon trap: reason=bimorphic action=maybe_recompile pc=0x00007f3a7d43da1c method=net.bytebuddy.description.type.TypeDescription$AbstractBase.equals(Ljava/lang/Object;)Z @ 40
Event: 62.026 Thread 0x00007f3a8c00a000 Uncommon trap: reason=bimorphic action=maybe_recompile pc=0x00007f3a7d43da1c method=net.bytebuddy.description.type.TypeDescription$AbstractBase.equals(Ljava/lang/Object;)Z @ 40
Event: 62.288 Thread 0x00007f3a8c00a000 Uncommon trap: reason=bimorphic action=maybe_recompile pc=0x00007f3a7d47ce70 method=net.bytebuddy.description.type.TypeDescription$Generic$Visitor$Substitutor.onNonGenericType(Lnet/bytebuddy/description/type/TypeDescription$Generic;)Lnet/bytebuddy/descrip
Event: 62.289 Thread 0x00007f3a8c00a000 Uncommon trap: reason=bimorphic action=maybe_recompile pc=0x00007f3a7d47ce70 method=net.bytebuddy.description.type.TypeDescription$Generic$Visitor$Substitutor.onNonGenericType(Lnet/bytebuddy/description/type/TypeDescription$Generic;)Lnet/bytebuddy/descrip
Event: 62.312 Thread 0x00007f3a8c00a000 Uncommon trap: reason=unstable_if action=reinterpret pc=0x00007f3a7d4ff420 method=net.bytebuddy.jar.asm.Type.a(Ljava/lang/StringBuffer;Ljava/lang/Class;)V @ 52

Internal exceptions (10 events):
Event: 60.772 Thread 0x00007f3a8c00a000 Exception <a 'java/security/PrivilegedActionException'> (0x0000000782f08740) thrown at [/build/openjdk-8-YiEakL/openjdk-8-8u121-b13/src/hotspot/src/share/vm/prims/jvm.cpp, line 1390]
Event: 60.772 Thread 0x00007f3a8c00a000 Exception <a 'java/security/PrivilegedActionException'> (0x0000000782f095e8) thrown at [/build/openjdk-8-YiEakL/openjdk-8-8u121-b13/src/hotspot/src/share/vm/prims/jvm.cpp, line 1390]
Event: 60.772 Thread 0x00007f3a8c00a000 Exception <a 'java/security/PrivilegedActionException'> (0x0000000782f099e0) thrown at [/build/openjdk-8-YiEakL/openjdk-8-8u121-b13/src/hotspot/src/share/vm/prims/jvm.cpp, line 1390]
Event: 60.788 Thread 0x00007f3a8c2bc000 Exception <a 'java/net/UnknownHostException'> (0x0000000782d90140) thrown at [/build/openjdk-8-YiEakL/openjdk-8-8u121-b13/src/hotspot/src/share/vm/prims/jni.cpp, line 709]
Event: 61.239 Thread 0x00007f3a8c00a000 Exception <a 'java/lang/ArrayIndexOutOfBoundsException': 18> (0x0000000784072ae8) thrown at [/build/openjdk-8-YiEakL/openjdk-8-8u121-b13/src/hotspot/src/share/vm/interpreter/interpreterRuntime.cpp, line 366]
Event: 61.259 Thread 0x00007f3a8c00a000 Exception <a 'java/lang/ArrayIndexOutOfBoundsException': 22> (0x00000007840f3a00) thrown at [/build/openjdk-8-YiEakL/openjdk-8-8u121-b13/src/hotspot/src/share/vm/interpreter/interpreterRuntime.cpp, line 366]
Event: 61.259 Thread 0x00007f3a8c00a000 Exception <a 'java/lang/ArrayIndexOutOfBoundsException': 160> (0x00000007840f5bc0) thrown at [/build/openjdk-8-YiEakL/openjdk-8-8u121-b13/src/hotspot/src/share/vm/interpreter/interpreterRuntime.cpp, line 366]
Event: 130.989 Thread 0x00007f3a8c2bc000 Exception <a 'java/net/UnknownHostException'> (0x000000078da58468) thrown at [/build/openjdk-8-YiEakL/openjdk-8-8u121-b13/src/hotspot/src/share/vm/prims/jni.cpp, line 709]
Event: 188.559 Thread 0x00007f3a8c2bc000 Exception <a 'java/io/IOException'> (0x0000000781c95f78) thrown at [/build/openjdk-8-YiEakL/openjdk-8-8u121-b13/src/hotspot/src/share/vm/prims/jni.cpp, line 709]
Event: 188.559 Thread 0x00007f3a8c2bc000 Exception <a 'java/io/IOException'> (0x0000000781c96260) thrown at [/build/openjdk-8-YiEakL/openjdk-8-8u121-b13/src/hotspot/src/share/vm/prims/jni.cpp, line 709]

Events (10 events):
Event: 188.559 loading class java/io/InterruptedIOException done
Event: 188.559 Executing VM operation: ParallelGCFailedAllocation
Event: 192.777 Executing VM operation: ParallelGCFailedAllocation done
Event: 192.777 Executing VM operation: ParallelGCFailedAllocation
Event: 197.846 Executing VM operation: ParallelGCFailedAllocation done
Event: 197.846 Executing VM operation: ParallelGCFailedAllocation
Event: 202.312 Executing VM operation: ParallelGCFailedAllocation done
Event: 202.312 Executing VM operation: ParallelGCFailedAllocation
Event: 206.836 Executing VM operation: ParallelGCFailedAllocation done
Event: 206.836 Executing VM operation: ParallelGCFailedAllocation


Dynamic libraries:
00400000-00401000 r-xp 00000000 08:06 662454                             /usr/lib/jvm/java-8-openjdk-amd64/jre/bin/java
00600000-00601000 r--p 00000000 08:06 662454                             /usr/lib/jvm/java-8-openjdk-amd64/jre/bin/java
00601000-00602000 rw-p 00001000 08:06 662454                             /usr/lib/jvm/java-8-openjdk-amd64/jre/bin/java
01ba2000-01bc3000 rw-p 00000000 00:00 0                                  [heap]
705600000-781d00000 rw-p 00000000 00:00 0 
781d00000-7b7780000 rw-p 00000000 00:00 0 
7b7780000-7c0000000 ---p 00000000 00:00 0 
7c0000000-7c01e0000 rw-p 00000000 00:00 0 
7c01e0000-800000000 ---p 00000000 00:00 0 
7f3a38000000-7f3a380ad000 rw-p 00000000 00:00 0 
7f3a380ad000-7f3a3c000000 ---p 00000000 00:00 0 
7f3a40000000-7f3a40021000 rw-p 00000000 00:00 0 
7f3a40021000-7f3a44000000 ---p 00000000 00:00 0 
7f3a44000000-7f3a44021000 rw-p 00000000 00:00 0 
7f3a44021000-7f3a48000000 ---p 00000000 00:00 0 
7f3a48000000-7f3a4830d000 rw-p 00000000 00:00 0 
7f3a4830d000-7f3a4c000000 ---p 00000000 00:00 0 
7f3a4c000000-7f3a4c605000 rw-p 00000000 00:00 0 
7f3a4c605000-7f3a50000000 ---p 00000000 00:00 0 
7f3a50000000-7f3a50021000 rw-p 00000000 00:00 0 
7f3a50021000-7f3a54000000 ---p 00000000 00:00 0 
7f3a54000000-7f3a54567000 rw-p 00000000 00:00 0 
7f3a54567000-7f3a58000000 ---p 00000000 00:00 0 
7f3a58000000-7f3a58021000 rw-p 00000000 00:00 0 
7f3a58021000-7f3a5c000000 ---p 00000000 00:00 0 
7f3a5c000000-7f3a5c021000 rw-p 00000000 00:00 0 
7f3a5c021000-7f3a60000000 ---p 00000000 00:00 0 
7f3a60000000-7f3a60021000 rw-p 00000000 00:00 0 
7f3a60021000-7f3a64000000 ---p 00000000 00:00 0 
7f3a64000000-7f3a6402b000 rw-p 00000000 00:00 0 
7f3a6402b000-7f3a68000000 ---p 00000000 00:00 0 
7f3a68000000-7f3a68021000 rw-p 00000000 00:00 0 
7f3a68021000-7f3a6c000000 ---p 00000000 00:00 0 
7f3a6c000000-7f3a6c021000 rw-p 00000000 00:00 0 
7f3a6c021000-7f3a70000000 ---p 00000000 00:00 0 
7f3a70000000-7f3a70021000 rw-p 00000000 00:00 0 
7f3a70021000-7f3a74000000 ---p 00000000 00:00 0 
7f3a74959000-7f3a74a59000 rw-p 00000000 00:00 0 
7f3a74a59000-7f3a74b59000 ---p 00000000 00:00 0 
7f3a74b59000-7f3a74d59000 rw-p 00000000 00:00 0 
7f3a74d59000-7f3a74d70000 r-xp 00000000 08:06 2889671                    /lib/x86_64-linux-gnu/libresolv-2.23.so
7f3a74d70000-7f3a74f70000 ---p 00017000 08:06 2889671                    /lib/x86_64-linux-gnu/libresolv-2.23.so
7f3a74f70000-7f3a74f71000 r--p 00017000 08:06 2889671                    /lib/x86_64-linux-gnu/libresolv-2.23.so
7f3a74f71000-7f3a74f72000 rw-p 00018000 08:06 2889671                    /lib/x86_64-linux-gnu/libresolv-2.23.so
7f3a74f72000-7f3a74f74000 rw-p 00000000 00:00 0 
7f3a74f74000-7f3a74f79000 r-xp 00000000 08:06 2889669                    /lib/x86_64-linux-gnu/libnss_dns-2.23.so
7f3a74f79000-7f3a75179000 ---p 00005000 08:06 2889669                    /lib/x86_64-linux-gnu/libnss_dns-2.23.so
7f3a75179000-7f3a7517a000 r--p 00005000 08:06 2889669                    /lib/x86_64-linux-gnu/libnss_dns-2.23.so
7f3a7517a000-7f3a7517b000 rw-p 00006000 08:06 2889669                    /lib/x86_64-linux-gnu/libnss_dns-2.23.so
7f3a7517b000-7f3a7517d000 r-xp 00000000 08:06 2888245                    /lib/x86_64-linux-gnu/libnss_mdns4_minimal.so.2
7f3a7517d000-7f3a7537c000 ---p 00002000 08:06 2888245                    /lib/x86_64-linux-gnu/libnss_mdns4_minimal.so.2
7f3a7537c000-7f3a7537d000 r--p 00001000 08:06 2888245                    /lib/x86_64-linux-gnu/libnss_mdns4_minimal.so.2
7f3a7537d000-7f3a7537e000 rw-p 00002000 08:06 2888245                    /lib/x86_64-linux-gnu/libnss_mdns4_minimal.so.2
7f3a7537e000-7f3a7567f000 rw-p 00000000 00:00 0 
7f3a7567f000-7f3a75696000 r-xp 00000000 08:06 662405                     /usr/lib/jvm/java-8-openjdk-amd64/jre/lib/amd64/libnet.so
7f3a75696000-7f3a75895000 ---p 00017000 08:06 662405                     /usr/lib/jvm/java-8-openjdk-amd64/jre/lib/amd64/libnet.so
7f3a75895000-7f3a75896000 r--p 00016000 08:06 662405                     /usr/lib/jvm/java-8-openjdk-amd64/jre/lib/amd64/libnet.so
7f3a75896000-7f3a75897000 rw-p 00017000 08:06 662405                     /usr/lib/jvm/java-8-openjdk-amd64/jre/lib/amd64/libnet.so
7f3a75897000-7f3a758bf000 r-xp 00000000 08:06 662408                     /usr/lib/jvm/java-8-openjdk-amd64/jre/lib/amd64/libsunec.so
7f3a758bf000-7f3a75abe000 ---p 00028000 08:06 662408                     /usr/lib/jvm/java-8-openjdk-amd64/jre/lib/amd64/libsunec.so
7f3a75abe000-7f3a75ac2000 r--p 00027000 08:06 662408                     /usr/lib/jvm/java-8-openjdk-amd64/jre/lib/amd64/libsunec.so
7f3a75ac2000-7f3a75ac3000 rw-p 0002b000 08:06 662408                     /usr/lib/jvm/java-8-openjdk-amd64/jre/lib/amd64/libsunec.so
7f3a75ac3000-7f3a75ac6000 ---p 00000000 00:00 0 
7f3a75ac6000-7f3a75bc4000 rw-p 00000000 00:00 0 
7f3a75bc4000-7f3a75bc5000 ---p 00000000 00:00 0 
7f3a75bc5000-7f3a75cc5000 rw-p 00000000 00:00 0 
7f3a75cc5000-7f3a75cc8000 ---p 00000000 00:00 0 
7f3a75cc8000-7f3a75dc6000 rw-p 00000000 00:00 0 
7f3a75dc6000-7f3a75dc9000 ---p 00000000 00:00 0 
7f3a75dc9000-7f3a75ec7000 rw-p 00000000 00:00 0 
7f3a75ec7000-7f3a75eca000 ---p 00000000 00:00 0 
7f3a75eca000-7f3a75fc8000 rw-p 00000000 00:00 0 
7f3a75fc8000-7f3a75fcb000 ---p 00000000 00:00 0 
7f3a75fcb000-7f3a760c9000 rw-p 00000000 00:00 0 
7f3a760c9000-7f3a760cc000 ---p 00000000 00:00 0 
7f3a760cc000-7f3a761ca000 rw-p 00000000 00:00 0 
7f3a761ca000-7f3a764a2000 r--p 00000000 08:06 394133                     /usr/lib/locale/locale-archive
7f3a764a2000-7f3a764a5000 ---p 00000000 00:00 0 
7f3a764a5000-7f3a765a3000 rw-p 00000000 00:00 0 
7f3a765a3000-7f3a765a6000 ---p 00000000 00:00 0 
7f3a765a6000-7f3a766a4000 rw-p 00000000 00:00 0 
7f3a766a4000-7f3a766a5000 ---p 00000000 00:00 0 
7f3a766a5000-7f3a7d000000 rw-p 00000000 00:00 0 
7f3a7d000000-7f3a7d580000 rwxp 00000000 00:00 0 
7f3a7d580000-7f3a8c000000 ---p 00000000 00:00 0 
7f3a8c000000-7f3a8c473000 rw-p 00000000 00:00 0 
7f3a8c473000-7f3a90000000 ---p 00000000 00:00 0 
7f3a90088000-7f3a9008b000 r--s 00015000 08:06 526920                     /usr/lib/jvm/java-8-openjdk-amd64/jre/lib/jce.jar
7f3a9008b000-7f3a9008f000 r--s 0009a000 08:06 526919                     /usr/lib/jvm/java-8-openjdk-amd64/jre/lib/jsse.jar
7f3a9008f000-7f3a90091000 r--s 00007000 08:06 7078170                    /home/bill/.m2/repository/org/apache/maven/surefire/surefire-junit4/2.10/surefire-junit4-2.10.jar
7f3a90091000-7f3a90093000 r--s 0000b000 08:06 7349854                    /home/bill/.m2/repository/org/objenesis/objenesis/2.4/objenesis-2.4.jar
7f3a90093000-7f3a90095000 r--s 00006000 08:06 7349855                    /home/bill/.m2/repository/net/bytebuddy/byte-buddy-agent/1.6.2/byte-buddy-agent-1.6.2.jar
7f3a90095000-7f3a900cf000 r--s 00262000 08:06 7349856                    /home/bill/.m2/repository/net/bytebuddy/byte-buddy/1.6.2/byte-buddy-1.6.2.jar
7f3a900cf000-7f3a900de000 r--s 00072000 08:06 7349853                    /home/bill/.m2/repository/org/mockito/mockito-core/2.6.2/mockito-core-2.6.2.jar
7f3a900de000-7f3a900e1000 r--s 00012000 08:06 7078451                    /home/bill/.m2/repository/org/glassfish/javax.json/1.0.4/javax.json-1.0.4.jar
7f3a900e1000-7f3a900e2000 r--s 00004000 08:06 6947891                    /home/bill/.m2/repository/javax/json/javax.json-api/1.0/javax.json-api-1.0.jar
7f3a900e2000-7f3a900ea000 r--s 00045000 08:06 6817998                    /home/bill/.m2/repository/junit/junit/4.12/junit-4.12.jar
7f3a900ea000-7f3a900ef000 r--s 00023000 08:06 6948662                    /home/bill/.m2/repository/org/apache/maven/surefire/surefire-api/2.10/surefire-api-2.10.jar
7f3a900ef000-7f3a90540000 rw-p 00000000 00:00 0 
7f3a90540000-7f3a9070e000 r--s 03c06000 08:06 526923                     /usr/lib/jvm/java-8-openjdk-amd64/jre/lib/rt.jar
7f3a9070e000-7f3a91559000 rw-p 00000000 00:00 0 
7f3a91559000-7f3a9155a000 ---p 00000000 00:00 0 
7f3a9155a000-7f3a9165a000 rw-p 00000000 00:00 0 
7f3a9165a000-7f3a9165b000 ---p 00000000 00:00 0 
7f3a9165b000-7f3a9175b000 rw-p 00000000 00:00 0 
7f3a9175b000-7f3a9175c000 ---p 00000000 00:00 0 
7f3a9175c000-7f3a9185c000 rw-p 00000000 00:00 0 
7f3a9185c000-7f3a9185d000 ---p 00000000 00:00 0 
7f3a9185d000-7f3a91d41000 rw-p 00000000 00:00 0 
7f3a91d41000-7f3a92124000 rw-p 00000000 00:00 0 
7f3a92124000-7f3a922d2000 rw-p 00000000 00:00 0 
7f3a922d2000-7f3a92316000 ---p 00000000 00:00 0 
7f3a92316000-7f3a9232d000 rw-p 00000000 00:00 0 
7f3a9232d000-7f3a926d7000 ---p 00000000 00:00 0 
7f3a926d7000-7f3a926df000 r-xp 00000000 08:06 662403                     /usr/lib/jvm/java-8-openjdk-amd64/jre/lib/amd64/libzip.so
7f3a926df000-7f3a928de000 ---p 00008000 08:06 662403                     /usr/lib/jvm/java-8-openjdk-amd64/jre/lib/amd64/libzip.so
7f3a928de000-7f3a928df000 r--p 00007000 08:06 662403                     /usr/lib/jvm/java-8-openjdk-amd64/jre/lib/amd64/libzip.so
7f3a928df000-7f3a928e0000 rw-p 00008000 08:06 662403                     /usr/lib/jvm/java-8-openjdk-amd64/jre/lib/amd64/libzip.so
7f3a928e0000-7f3a928eb000 r-xp 00000000 08:06 2889670                    /lib/x86_64-linux-gnu/libnss_files-2.23.so
7f3a928eb000-7f3a92aea000 ---p 0000b000 08:06 2889670                    /lib/x86_64-linux-gnu/libnss_files-2.23.so
7f3a92aea000-7f3a92aeb000 r--p 0000a000 08:06 2889670                    /lib/x86_64-linux-gnu/libnss_files-2.23.so
7f3a92aeb000-7f3a92aec000 rw-p 0000b000 08:06 2889670                    /lib/x86_64-linux-gnu/libnss_files-2.23.so
7f3a92aec000-7f3a92af2000 rw-p 00000000 00:00 0 
7f3a92af2000-7f3a92afd000 r-xp 00000000 08:06 2889655                    /lib/x86_64-linux-gnu/libnss_nis-2.23.so
7f3a92afd000-7f3a92cfc000 ---p 0000b000 08:06 2889655                    /lib/x86_64-linux-gnu/libnss_nis-2.23.so
7f3a92cfc000-7f3a92cfd000 r--p 0000a000 08:06 2889655                    /lib/x86_64-linux-gnu/libnss_nis-2.23.so
7f3a92cfd000-7f3a92cfe000 rw-p 0000b000 08:06 2889655                    /lib/x86_64-linux-gnu/libnss_nis-2.23.so
7f3a92cfe000-7f3a92d14000 r-xp 00000000 08:06 2889666                    /lib/x86_64-linux-gnu/libnsl-2.23.so
7f3a92d14000-7f3a92f13000 ---p 00016000 08:06 2889666                    /lib/x86_64-linux-gnu/libnsl-2.23.so
7f3a92f13000-7f3a92f14000 r--p 00015000 08:06 2889666                    /lib/x86_64-linux-gnu/libnsl-2.23.so
7f3a92f14000-7f3a92f15000 rw-p 00016000 08:06 2889666                    /lib/x86_64-linux-gnu/libnsl-2.23.so
7f3a92f15000-7f3a92f17000 rw-p 00000000 00:00 0 
7f3a92f17000-7f3a92f1f000 r-xp 00000000 08:06 2889667                    /lib/x86_64-linux-gnu/libnss_compat-2.23.so
7f3a92f1f000-7f3a9311e000 ---p 00008000 08:06 2889667                    /lib/x86_64-linux-gnu/libnss_compat-2.23.so
7f3a9311e000-7f3a9311f000 r--p 00007000 08:06 2889667                    /lib/x86_64-linux-gnu/libnss_compat-2.23.so
7f3a9311f000-7f3a93120000 rw-p 00008000 08:06 2889667                    /lib/x86_64-linux-gnu/libnss_compat-2.23.so
7f3a93120000-7f3a9314d000 r-xp 00000000 08:06 662430                     /usr/lib/jvm/java-8-openjdk-amd64/jre/lib/amd64/libjava.so
7f3a9314d000-7f3a9334c000 ---p 0002d000 08:06 662430                     /usr/lib/jvm/java-8-openjdk-amd64/jre/lib/amd64/libjava.so
7f3a9334c000-7f3a9334d000 r--p 0002c000 08:06 662430                     /usr/lib/jvm/java-8-openjdk-amd64/jre/lib/amd64/libjava.so
7f3a9334d000-7f3a9334f000 rw-p 0002d000 08:06 662430                     /usr/lib/jvm/java-8-openjdk-amd64/jre/lib/amd64/libjava.so
7f3a9334f000-7f3a9335e000 r-xp 00000000 08:06 662396                     /usr/lib/jvm/java-8-openjdk-amd64/jre/lib/amd64/libverify.so
7f3a9335e000-7f3a9355d000 ---p 0000f000 08:06 662396                     /usr/lib/jvm/java-8-openjdk-amd64/jre/lib/amd64/libverify.so
7f3a9355d000-7f3a9355f000 r--p 0000e000 08:06 662396                     /usr/lib/jvm/java-8-openjdk-amd64/jre/lib/amd64/libverify.so
7f3a9355f000-7f3a93560000 rw-p 00010000 08:06 662396                     /usr/lib/jvm/java-8-openjdk-amd64/jre/lib/amd64/libverify.so
7f3a93560000-7f3a93567000 r-xp 00000000 08:06 2889654                    /lib/x86_64-linux-gnu/librt-2.23.so
7f3a93567000-7f3a93766000 ---p 00007000 08:06 2889654                    /lib/x86_64-linux-gnu/librt-2.23.so
7f3a93766000-7f3a93767000 r--p 00006000 08:06 2889654                    /lib/x86_64-linux-gnu/librt-2.23.so
7f3a93767000-7f3a93768000 rw-p 00007000 08:06 2889654                    /lib/x86_64-linux-gnu/librt-2.23.so
7f3a93768000-7f3a9377e000 r-xp 00000000 08:06 2888178                    /lib/x86_64-linux-gnu/libgcc_s.so.1
7f3a9377e000-7f3a9397d000 ---p 00016000 08:06 2888178                    /lib/x86_64-linux-gnu/libgcc_s.so.1
7f3a9397d000-7f3a9397e000 rw-p 00015000 08:06 2888178                    /lib/x86_64-linux-gnu/libgcc_s.so.1
7f3a9397e000-7f3a93a86000 r-xp 00000000 08:06 2889664                    /lib/x86_64-linux-gnu/libm-2.23.so
7f3a93a86000-7f3a93c85000 ---p 00108000 08:06 2889664                    /lib/x86_64-linux-gnu/libm-2.23.so
7f3a93c85000-7f3a93c86000 r--p 00107000 08:06 2889664                    /lib/x86_64-linux-gnu/libm-2.23.so
7f3a93c86000-7f3a93c87000 rw-p 00108000 08:06 2889664                    /lib/x86_64-linux-gnu/libm-2.23.so
7f3a93c87000-7f3a93df9000 r-xp 00000000 08:06 395394                     /usr/lib/x86_64-linux-gnu/libstdc++.so.6.0.21
7f3a93df9000-7f3a93ff9000 ---p 00172000 08:06 395394                     /usr/lib/x86_64-linux-gnu/libstdc++.so.6.0.21
7f3a93ff9000-7f3a94003000 r--p 00172000 08:06 395394                     /usr/lib/x86_64-linux-gnu/libstdc++.so.6.0.21
7f3a94003000-7f3a94005000 rw-p 0017c000 08:06 395394                     /usr/lib/x86_64-linux-gnu/libstdc++.so.6.0.21
7f3a94005000-7f3a94009000 rw-p 00000000 00:00 0 
7f3a94009000-7f3a94c59000 r-xp 00000000 08:06 662425                     /usr/lib/jvm/java-8-openjdk-amd64/jre/lib/amd64/server/libjvm.so
7f3a94c59000-7f3a94e58000 ---p 00c50000 08:06 662425                     /usr/lib/jvm/java-8-openjdk-amd64/jre/lib/amd64/server/libjvm.so
7f3a94e58000-7f3a94eeb000 r--p 00c4f000 08:06 662425                     /usr/lib/jvm/java-8-openjdk-amd64/jre/lib/amd64/server/libjvm.so
7f3a94eeb000-7f3a94f14000 rw-p 00ce2000 08:06 662425                     /usr/lib/jvm/java-8-openjdk-amd64/jre/lib/amd64/server/libjvm.so
7f3a94f14000-7f3a94f44000 rw-p 00000000 00:00 0 
7f3a94f44000-7f3a94f5c000 r-xp 00000000 08:06 2889665                    /lib/x86_64-linux-gnu/libpthread-2.23.so
7f3a94f5c000-7f3a9515b000 ---p 00018000 08:06 2889665                    /lib/x86_64-linux-gnu/libpthread-2.23.so
7f3a9515b000-7f3a9515c000 r--p 00017000 08:06 2889665                    /lib/x86_64-linux-gnu/libpthread-2.23.so
7f3a9515c000-7f3a9515d000 rw-p 00018000 08:06 2889665                    /lib/x86_64-linux-gnu/libpthread-2.23.so
7f3a9515d000-7f3a95161000 rw-p 00000000 00:00 0 
7f3a95161000-7f3a95164000 r-xp 00000000 08:06 2889658                    /lib/x86_64-linux-gnu/libdl-2.23.so
7f3a95164000-7f3a95363000 ---p 00003000 08:06 2889658                    /lib/x86_64-linux-gnu/libdl-2.23.so
7f3a95363000-7f3a95364000 r--p 00002000 08:06 2889658                    /lib/x86_64-linux-gnu/libdl-2.23.so
7f3a95364000-7f3a95365000 rw-p 00003000 08:06 2889658                    /lib/x86_64-linux-gnu/libdl-2.23.so
7f3a95365000-7f3a9537e000 r-xp 00000000 08:06 2888331                    /lib/x86_64-linux-gnu/libz.so.1.2.8
7f3a9537e000-7f3a9557d000 ---p 00019000 08:06 2888331                    /lib/x86_64-linux-gnu/libz.so.1.2.8
7f3a9557d000-7f3a9557e000 r--p 00018000 08:06 2888331                    /lib/x86_64-linux-gnu/libz.so.1.2.8
7f3a9557e000-7f3a9557f000 rw-p 00019000 08:06 2888331                    /lib/x86_64-linux-gnu/libz.so.1.2.8
7f3a9557f000-7f3a9573e000 r-xp 00000000 08:06 2889659                    /lib/x86_64-linux-gnu/libc-2.23.so
7f3a9573e000-7f3a9593e000 ---p 001bf000 08:06 2889659                    /lib/x86_64-linux-gnu/libc-2.23.so
7f3a9593e000-7f3a95942000 r--p 001bf000 08:06 2889659                    /lib/x86_64-linux-gnu/libc-2.23.so
7f3a95942000-7f3a95944000 rw-p 001c3000 08:06 2889659                    /lib/x86_64-linux-gnu/libc-2.23.so
7f3a95944000-7f3a95948000 rw-p 00000000 00:00 0 
7f3a95948000-7f3a95955000 r-xp 00000000 08:06 662419                     /usr/lib/jvm/java-8-openjdk-amd64/jre/lib/amd64/jli/libjli.so
7f3a95955000-7f3a95b55000 ---p 0000d000 08:06 662419                     /usr/lib/jvm/java-8-openjdk-amd64/jre/lib/amd64/jli/libjli.so
7f3a95b55000-7f3a95b56000 r--p 0000d000 08:06 662419                     /usr/lib/jvm/java-8-openjdk-amd64/jre/lib/amd64/jli/libjli.so
7f3a95b56000-7f3a95b57000 rw-p 0000e000 08:06 662419                     /usr/lib/jvm/java-8-openjdk-amd64/jre/lib/amd64/jli/libjli.so
7f3a95b57000-7f3a95b7d000 r-xp 00000000 08:06 2888095                    /lib/x86_64-linux-gnu/ld-2.23.so
7f3a95b7d000-7f3a95b7f000 r--s 00009000 08:06 6948292                    /home/bill/.m2/repository/org/hamcrest/hamcrest-core/1.3/hamcrest-core-1.3.jar
7f3a95b7f000-7f3a95b81000 r--s 00007000 08:06 6948661                    /home/bill/.m2/repository/org/apache/maven/surefire/surefire-booter/2.10/surefire-booter-2.10.jar
7f3a95b81000-7f3a95b82000 r--s 00000000 08:06 7085605                    /home/bill/SchoolWork/csc380/CSC_380_bus_project/target/surefire/surefirebooter1648045972034792828.jar (deleted)
7f3a95b82000-7f3a95b84000 r--s 00008000 08:06 662439                     /usr/lib/jvm/java-8-openjdk-amd64/jre/lib/ext/sunec.jar
7f3a95b84000-7f3a95b9f000 r--s 00394000 08:06 662443                     /usr/lib/jvm/java-8-openjdk-amd64/jre/lib/ext/cldrdata.jar
7f3a95b9f000-7f3a95ba9000 r--s 00116000 08:06 662446                     /usr/lib/jvm/java-8-openjdk-amd64/jre/lib/ext/localedata.jar
7f3a95ba9000-7f3a95bc4000 r--s 001d6000 08:06 662440                     /usr/lib/jvm/java-8-openjdk-amd64/jre/lib/ext/nashorn.jar
7f3a95bc4000-7f3a95c5a000 rw-p 00000000 00:00 0 
7f3a95c5a000-7f3a95c5d000 ---p 00000000 00:00 0 
7f3a95c5d000-7f3a95d60000 rw-p 00000000 00:00 0 
7f3a95d60000-7f3a95d64000 r--s 00037000 08:06 662445                     /usr/lib/jvm/java-8-openjdk-amd64/jre/lib/ext/sunpkcs11.jar
7f3a95d64000-7f3a95d65000 r--s 00010000 08:06 662444                     /usr/lib/jvm/java-8-openjdk-amd64/jre/lib/ext/zipfs.jar
7f3a95d65000-7f3a95d66000 r--s 0000a000 08:06 662448                     /usr/lib/jvm/java-8-openjdk-amd64/jre/lib/ext/jaccess.jar
7f3a95d66000-7f3a95d6b000 r--s 0003b000 08:06 662447                     /usr/lib/jvm/java-8-openjdk-amd64/jre/lib/ext/sunjce_provider.jar
7f3a95d6b000-7f3a95d6d000 r--s 00001000 08:06 662441                     /usr/lib/jvm/java-8-openjdk-amd64/jre/lib/ext/dnsns.jar
7f3a95d6d000-7f3a95d70000 r--s 0000f000 08:06 662442                     /usr/lib/jvm/java-8-openjdk-amd64/jre/lib/ext/icedtea-sound.jar
7f3a95d70000-7f3a95d78000 rw-s 00000000 08:06 4194359                    /tmp/hsperfdata_bill/3617
7f3a95d78000-7f3a95d79000 rw-p 00000000 00:00 0 
7f3a95d79000-7f3a95d7a000 ---p 00000000 00:00 0 
7f3a95d7a000-7f3a95d7c000 rw-p 00000000 00:00 0 
7f3a95d7c000-7f3a95d7d000 r--p 00025000 08:06 2888095                    /lib/x86_64-linux-gnu/ld-2.23.so
7f3a95d7d000-7f3a95d7e000 rw-p 00026000 08:06 2888095                    /lib/x86_64-linux-gnu/ld-2.23.so
7f3a95d7e000-7f3a95d7f000 rw-p 00000000 00:00 0 
7ffcd7c0f000-7ffcd7c30000 rw-p 00000000 00:00 0                          [stack]
7ffcd7d5b000-7ffcd7d5d000 r--p 00000000 00:00 0                          [vvar]
7ffcd7d5d000-7ffcd7d5f000 r-xp 00000000 00:00 0                          [vdso]
ffffffffff600000-ffffffffff601000 r-xp 00000000 00:00 0                  [vsyscall]

VM Arguments:
java_command: /home/bill/SchoolWork/csc380/CSC_380_bus_project/target/surefire/surefirebooter1648045972034792828.jar /home/bill/SchoolWork/csc380/CSC_380_bus_project/target/surefire/surefire3676405516490092634tmp /home/bill/SchoolWork/csc380/CSC_380_bus_project/target/surefire/surefire6660310021491819215tmp
java_class_path (initial): /home/bill/SchoolWork/csc380/CSC_380_bus_project/target/surefire/surefirebooter1648045972034792828.jar
Launcher Type: SUN_STANDARD

Environment Variables:
JAVA_HOME=/usr/lib/jvm/java-8-openjdk-amd64
PATH=/home/bill/bin:/home/bill/.local/bin:/usr/local/sbin:/usr/local/bin:/usr/sbin:/usr/bin:/sbin:/bin:/usr/games:/usr/local/games:/snap/bin
LD_LIBRARY_PATH=/usr/lib/jvm/java-8-openjdk-amd64/bin/../jre/lib/amd64:/usr/lib/jvm/java-8-openjdk-amd64/bin/../jre/lib/i386:
SHELL=/bin/bash
DISPLAY=:0

Signal Handlers:
SIGSEGV: [libjvm.so+0xa66fd0], sa_mask[0]=11111111011111111101111111111110, sa_flags=SA_RESTART|SA_SIGINFO
SIGBUS: [libjvm.so+0xa66fd0], sa_mask[0]=11111111011111111101111111111110, sa_flags=SA_RESTART|SA_SIGINFO
SIGFPE: [libjvm.so+0x8b0180], sa_mask[0]=11111111011111111101111111111110, sa_flags=SA_RESTART|SA_SIGINFO
SIGPIPE: [libjvm.so+0x8b0180], sa_mask[0]=11111111011111111101111111111110, sa_flags=SA_RESTART|SA_SIGINFO
SIGXFSZ: [libjvm.so+0x8b0180], sa_mask[0]=11111111011111111101111111111110, sa_flags=SA_RESTART|SA_SIGINFO
SIGILL: [libjvm.so+0x8b0180], sa_mask[0]=11111111011111111101111111111110, sa_flags=SA_RESTART|SA_SIGINFO
SIGUSR1: SIG_DFL, sa_mask[0]=00000000000000000000000000000000, sa_flags=none
SIGUSR2: [libjvm.so+0x8b0030], sa_mask[0]=00100000000000000000000000000000, sa_flags=SA_RESTART|SA_SIGINFO
SIGHUP: [libjvm.so+0x8b0500], sa_mask[0]=11111111011111111101111111111110, sa_flags=SA_RESTART|SA_SIGINFO
SIGINT: SIG_IGN, sa_mask[0]=00000000000000000000000000000000, sa_flags=none
SIGTERM: [libjvm.so+0x8b0500], sa_mask[0]=11111111011111111101111111111110, sa_flags=SA_RESTART|SA_SIGINFO
SIGQUIT: [libjvm.so+0x8b0500], sa_mask[0]=11111111011111111101111111111110, sa_flags=SA_RESTART|SA_SIGINFO


---------------  S Y S T E M  ---------------

OS:DISTRIB_ID=Ubuntu
DISTRIB_RELEASE=16.04
DISTRIB_CODENAME=xenial
DISTRIB_DESCRIPTION="Ubuntu 16.04.2 LTS"

uname:Linux 4.4.0-62-generic #83-Ubuntu SMP Wed Jan 18 14:10:15 UTC 2017 x86_64
libc:glibc 2.23 NPTL 2.23 
rlimit: STACK 8192k, CORE 0k, NPROC 47343, NOFILE 65536, AS infinity
load average:8.17 6.13 3.98

/proc/meminfo:
MemTotal:       12225136 kB
MemFree:         3211228 kB
MemAvailable:    4068888 kB
Buffers:           76752 kB
Cached:          1174260 kB
SwapCached:            0 kB
Active:          8275900 kB
Inactive:         523428 kB
Active(anon):    7549948 kB
Inactive(anon):   180328 kB
Active(file):     725952 kB
Inactive(file):   343100 kB
Unevictable:         184 kB
Mlocked:             184 kB
SwapTotal:      47851516 kB
SwapFree:       47851516 kB
Dirty:               348 kB
Writeback:             0 kB
AnonPages:       7548404 kB
Mapped:           237552 kB
Shmem:            181964 kB
Slab:              89288 kB
SReclaimable:      56428 kB
SUnreclaim:        32860 kB
KernelStack:        8480 kB
PageTables:        39752 kB
NFS_Unstable:          0 kB
Bounce:                0 kB
WritebackTmp:          0 kB
CommitLimit:    53964084 kB
Committed_AS:   10968072 kB
VmallocTotal:   34359738367 kB
VmallocUsed:           0 kB
VmallocChunk:          0 kB
HardwareCorrupted:     0 kB
AnonHugePages:   6547456 kB
CmaTotal:              0 kB
CmaFree:               0 kB
HugePages_Total:       0
HugePages_Free:        0
HugePages_Rsvd:        0
HugePages_Surp:        0
Hugepagesize:       2048 kB
DirectMap4k:      114432 kB
DirectMap2M:     4001792 kB
DirectMap1G:     9437184 kB


CPU:total 4 (2 cores per cpu, 2 threads per core) family 6 model 69 stepping 1, cmov, cx8, fxsr, mmx, sse, sse2, sse3, ssse3, sse4.1, sse4.2, popcnt, avx, avx2, aes, clmul, erms, lzcnt, ht, tsc, tscinvbit, bmi1, bmi2

/proc/cpuinfo:
processor	: 0
vendor_id	: GenuineIntel
cpu family	: 6
model		: 69
model name	: Intel(R) Core(TM) i5-4210U CPU @ 1.70GHz
stepping	: 1
microcode	: 0x1d
cpu MHz		: 2399.906
cache size	: 3072 KB
physical id	: 0
siblings	: 4
core id		: 0
cpu cores	: 2
apicid		: 0
initial apicid	: 0
fpu		: yes
fpu_exception	: yes
cpuid level	: 13
wp		: yes
flags		: fpu vme de pse tsc msr pae mce cx8 apic sep mtrr pge mca cmov pat pse36 clflush dts acpi mmx fxsr sse sse2 ss ht tm pbe syscall nx pdpe1gb rdtscp lm constant_tsc arch_perfmon pebs bts rep_good nopl xtopology nonstop_tsc aperfmperf eagerfpu pni pclmulqdq dtes64 monitor ds_cpl vmx est tm2 ssse3 sdbg fma cx16 xtpr pdcm pcid sse4_1 sse4_2 movbe popcnt tsc_deadline_timer aes xsave avx f16c rdrand lahf_lm abm epb tpr_shadow vnmi flexpriority ept vpid fsgsbase tsc_adjust bmi1 avx2 smep bmi2 erms invpcid xsaveopt dtherm ida arat pln pts
bugs		:
bogomips	: 4788.75
clflush size	: 64
cache_alignment	: 64
address sizes	: 39 bits physical, 48 bits virtual
power management:

processor	: 1
vendor_id	: GenuineIntel
cpu family	: 6
model		: 69
model name	: Intel(R) Core(TM) i5-4210U CPU @ 1.70GHz
stepping	: 1
microcode	: 0x1d
cpu MHz		: 2400.000
cache size	: 3072 KB
physical id	: 0
siblings	: 4
core id		: 0
cpu cores	: 2
apicid		: 1
initial apicid	: 1
fpu		: yes
fpu_exception	: yes
cpuid level	: 13
wp		: yes
flags		: fpu vme de pse tsc msr pae mce cx8 apic sep mtrr pge mca cmov pat pse36 clflush dts acpi mmx fxsr sse sse2 ss ht tm pbe syscall nx pdpe1gb rdtscp lm constant_tsc arch_perfmon pebs bts rep_good nopl xtopology nonstop_tsc aperfmperf eagerfpu pni pclmulqdq dtes64 monitor ds_cpl vmx est tm2 ssse3 sdbg fma cx16 xtpr pdcm pcid sse4_1 sse4_2 movbe popcnt tsc_deadline_timer aes xsave avx f16c rdrand lahf_lm abm epb tpr_shadow vnmi flexpriority ept vpid fsgsbase tsc_adjust bmi1 avx2 smep bmi2 erms invpcid xsaveopt dtherm ida arat pln pts
bugs		:
bogomips	: 4788.75
clflush size	: 64
cache_alignment	: 64
address sizes	: 39 bits physical, 48 bits virtual
power management:

processor	: 2
vendor_id	: GenuineIntel
cpu family	: 6
model		: 69
model name	: Intel(R) Core(TM) i5-4210U CPU @ 1.70GHz
stepping	: 1
microcode	: 0x1d
cpu MHz		: 2400.000
cache size	: 3072 KB
physical id	: 0
siblings	: 4
core id		: 1
cpu cores	: 2
apicid		: 2
initial apicid	: 2
fpu		: yes
fpu_exception	: yes
cpuid level	: 13
wp		: yes
flags		: fpu vme de pse tsc msr pae mce cx8 apic sep mtrr pge mca cmov pat pse36 clflush dts acpi mmx fxsr sse sse2 ss ht tm pbe syscall nx pdpe1gb rdtscp lm constant_tsc arch_perfmon pebs bts rep_good nopl xtopology nonstop_tsc aperfmperf eagerfpu pni pclmulqdq dtes64 monitor ds_cpl vmx est tm2 ssse3 sdbg fma cx16 xtpr pdcm pcid sse4_1 sse4_2 movbe popcnt tsc_deadline_timer aes xsave avx f16c rdrand lahf_lm abm epb tpr_shadow vnmi flexpriority ept vpid fsgsbase tsc_adjust bmi1 avx2 smep bmi2 erms invpcid xsaveopt dtherm ida arat pln pts
bugs		:
bogomips	: 4788.75
clflush size	: 64
cache_alignment	: 64
address sizes	: 39 bits physical, 48 bits virtual
power management:

processor	: 3
vendor_id	: GenuineIntel
cpu family	: 6
model		: 69
model name	: Intel(R) Core(TM) i5-4210U CPU @ 1.70GHz
stepping	: 1
microcode	: 0x1d
cpu MHz		: 2399.906
cache size	: 3072 KB
physical id	: 0
siblings	: 4
core id		: 1
cpu cores	: 2
apicid		: 3
initial apicid	: 3
fpu		: yes
fpu_exception	: yes
cpuid level	: 13
wp		: yes
flags		: fpu vme de pse tsc msr pae mce cx8 apic sep mtrr pge mca cmov pat pse36 clflush dts acpi mmx fxsr sse sse2 ss ht tm pbe syscall nx pdpe1gb rdtscp lm constant_tsc arch_perfmon pebs bts rep_good nopl xtopology nonstop_tsc aperfmperf eagerfpu pni pclmulqdq dtes64 monitor ds_cpl vmx est tm2 ssse3 sdbg fma cx16 xtpr pdcm pcid sse4_1 sse4_2 movbe popcnt tsc_deadline_timer aes xsave avx f16c rdrand lahf_lm abm epb tpr_shadow vnmi flexpriority ept vpid fsgsbase tsc_adjust bmi1 avx2 smep bmi2 erms invpcid xsaveopt dtherm ida arat pln pts
bugs		:
bogomips	: 4788.75
clflush size	: 64
cache_alignment	: 64
address sizes	: 39 bits physical, 48 bits virtual
power management:



Memory: 4k page, physical 12225136k(3211228k free), swap 47851516k(47851516k free)

vm_info: OpenJDK 64-Bit Server VM (25.121-b13) for linux-amd64 JRE (1.8.0_121-8u121-b13-0ubuntu1.16.04.2-b13), built on Jan 23 2017 15:51:29 by "buildd" with gcc 5.4.0 20160609

time: Thu Mar  2 11:14:13 2017
elapsed time: 208 seconds (0d 0h 3m 28s)

